[2020-06-28 07:09:49] local.ERROR: SQLSTATE[42S02]: Base table or view not found: 1146 Table 'learnlaravel.telescope_entries' doesn't exist (SQL: insert into `telescope_entries` (`batch_id`, `content`, `created_at`, `family_hash`, `type`, `uuid`) values (90e99013-1286-4553-bd8a-bf6aec3b9cc6, {"name":"components.communication","path":"\/resources\/views\/components\/communication.blade.php","data":[],"composers":[{"name":"Closure at \/home\/vagrant\/LearnLaravel\/vendor\/barryvdh\/laravel-debugbar\/src\/LaravelDebugbar.php[211:216]","type":"composer"},{"name":"Closure at \/home\/vagrant\/LearnLaravel\/vendor\/beyondcode\/laravel-view-xray\/src\/Xray.php[15:23]","type":"composer"}],"hostname":"homestead"}, 2020-06-28 07:09:49, ?, view, 90e99012-9c7f-4932-b30f-5e90c18d3772), (90e99013-1286-4553-bd8a-bf6aec3b9cc6, {"name":"layouts.app","path":"\/resources\/views\/layouts\/app.blade.php","data":[],"composers":[{"name":"Closure at \/home\/vagrant\/LearnLaravel\/vendor\/barryvdh\/laravel-debugbar\/src\/LaravelDebugbar.php[211:216]","type":"composer"},{"name":"Closure at \/home\/vagrant\/LearnLaravel\/vendor\/beyondcode\/laravel-view-xray\/src\/Xray.php[15:23]","type":"composer"}],"hostname":"homestead"}, 2020-06-28 07:09:49, ?, view, 90e99012-ab31-4e4a-9491-742986c887dc), (90e99013-1286-4553-bd8a-bf6aec3b9cc6, {"name":"xray::xray","path":"\/vendor\/beyondcode\/laravel-view-xray\/src\/..\/resources\/views\/xray.blade.php","data":["routeInformation","viewPath","viewName"],"composers":[{"name":"Closure at \/home\/vagrant\/LearnLaravel\/vendor\/barryvdh\/laravel-debugbar\/src\/LaravelDebugbar.php[211:216]","type":"composer"},{"name":"Closure at \/home\/vagrant\/LearnLaravel\/vendor\/beyondcode\/laravel-view-xray\/src\/Xray.php[15:23]","type":"composer"}],"hostname":"homestead"}, 2020-06-28 07:09:49, ?, view, 90e99012-c95a-4f9b-8b64-9d3366ab2648), (90e99013-1286-4553-bd8a-bf6aec3b9cc6, {"requestId":"X75d8c4f32028988032dca6d485d32e20","hostname":"homestead"}, 2020-06-28 07:09:49, ?, debugbar, 90e99013-0001-4d40-8de1-1f91dab2afaa), (90e99013-1286-4553-bd8a-bf6aec3b9cc6, {"uri":"\/components\/communication","method":"GET","controller_action":"Closure","middleware":["web"],"headers":{"accept-language":"en-US,en;q=0.9,sq;q=0.8,hu;q=0.7","accept-encoding":"gzip, deflate","accept":"text\/html,application\/xhtml+xml,application\/xml;q=0.9,image\/webp,image\/apng,*\/*;q=0.8,application\/signed-exchange;v=b3;q=0.9","user-agent":"Mozilla\/5.0 (Windows NT 10.0; Win64; x64) AppleWebKit\/537.36 (KHTML, like Gecko) Chrome\/83.0.4103.116 Safari\/537.36","upgrade-insecure-requests":"1","cache-control":"max-age=0","connection":"keep-alive","host":"learnlaravel.test","content-length":"","content-type":""},"payload":[],"session":{"_token":"85pebzQgNB7rrxnzdQpCDBk0JX3DIO6gk58rStk0","_previous":{"url":"http:\/\/learnlaravel.test\/components\/communication"},"_flash":{"old":[],"new":[]},"PHPDEBUGBAR_STACK_DATA":[]},"response_status":200,"response":"HTML Response","duration":2008,"memory":6,"hostname":"homestead"}, 2020-06-28 07:09:49, ?, request, 90e99013-04ef-4438-84fa-e141a759798a)) {"exception":"[object] (Illuminate\\Database\\QueryException(code: 42S02): SQLSTATE[42S02]: Base table or view not found: 1146 Table 'learnlaravel.telescope_entries' doesn't exist (SQL: insert into `telescope_entries` (`batch_id`, `content`, `created_at`, `family_hash`, `type`, `uuid`) values (90e99013-1286-4553-bd8a-bf6aec3b9cc6, {\"name\":\"components.communication\",\"path\":\"\\/resources\\/views\\/components\\/communication.blade.php\",\"data\":[],\"composers\":[{\"name\":\"Closure at \\/home\\/vagrant\\/LearnLaravel\\/vendor\\/barryvdh\\/laravel-debugbar\\/src\\/LaravelDebugbar.php[211:216]\",\"type\":\"composer\"},{\"name\":\"Closure at \\/home\\/vagrant\\/LearnLaravel\\/vendor\\/beyondcode\\/laravel-view-xray\\/src\\/Xray.php[15:23]\",\"type\":\"composer\"}],\"hostname\":\"homestead\"}, 2020-06-28 07:09:49, ?, view, 90e99012-9c7f-4932-b30f-5e90c18d3772), (90e99013-1286-4553-bd8a-bf6aec3b9cc6, {\"name\":\"layouts.app\",\"path\":\"\\/resources\\/views\\/layouts\\/app.blade.php\",\"data\":[],\"composers\":[{\"name\":\"Closure at \\/home\\/vagrant\\/LearnLaravel\\/vendor\\/barryvdh\\/laravel-debugbar\\/src\\/LaravelDebugbar.php[211:216]\",\"type\":\"composer\"},{\"name\":\"Closure at \\/home\\/vagrant\\/LearnLaravel\\/vendor\\/beyondcode\\/laravel-view-xray\\/src\\/Xray.php[15:23]\",\"type\":\"composer\"}],\"hostname\":\"homestead\"}, 2020-06-28 07:09:49, ?, view, 90e99012-ab31-4e4a-9491-742986c887dc), (90e99013-1286-4553-bd8a-bf6aec3b9cc6, {\"name\":\"xray::xray\",\"path\":\"\\/vendor\\/beyondcode\\/laravel-view-xray\\/src\\/..\\/resources\\/views\\/xray.blade.php\",\"data\":[\"routeInformation\",\"viewPath\",\"viewName\"],\"composers\":[{\"name\":\"Closure at \\/home\\/vagrant\\/LearnLaravel\\/vendor\\/barryvdh\\/laravel-debugbar\\/src\\/LaravelDebugbar.php[211:216]\",\"type\":\"composer\"},{\"name\":\"Closure at \\/home\\/vagrant\\/LearnLaravel\\/vendor\\/beyondcode\\/laravel-view-xray\\/src\\/Xray.php[15:23]\",\"type\":\"composer\"}],\"hostname\":\"homestead\"}, 2020-06-28 07:09:49, ?, view, 90e99012-c95a-4f9b-8b64-9d3366ab2648), (90e99013-1286-4553-bd8a-bf6aec3b9cc6, {\"requestId\":\"X75d8c4f32028988032dca6d485d32e20\",\"hostname\":\"homestead\"}, 2020-06-28 07:09:49, ?, debugbar, 90e99013-0001-4d40-8de1-1f91dab2afaa), (90e99013-1286-4553-bd8a-bf6aec3b9cc6, {\"uri\":\"\\/components\\/communication\",\"method\":\"GET\",\"controller_action\":\"Closure\",\"middleware\":[\"web\"],\"headers\":{\"accept-language\":\"en-US,en;q=0.9,sq;q=0.8,hu;q=0.7\",\"accept-encoding\":\"gzip, deflate\",\"accept\":\"text\\/html,application\\/xhtml+xml,application\\/xml;q=0.9,image\\/webp,image\\/apng,*\\/*;q=0.8,application\\/signed-exchange;v=b3;q=0.9\",\"user-agent\":\"Mozilla\\/5.0 (Windows NT 10.0; Win64; x64) AppleWebKit\\/537.36 (KHTML, like Gecko) Chrome\\/83.0.4103.116 Safari\\/537.36\",\"upgrade-insecure-requests\":\"1\",\"cache-control\":\"max-age=0\",\"connection\":\"keep-alive\",\"host\":\"learnlaravel.test\",\"content-length\":\"\",\"content-type\":\"\"},\"payload\":[],\"session\":{\"_token\":\"85pebzQgNB7rrxnzdQpCDBk0JX3DIO6gk58rStk0\",\"_previous\":{\"url\":\"http:\\/\\/learnlaravel.test\\/components\\/communication\"},\"_flash\":{\"old\":[],\"new\":[]},\"PHPDEBUGBAR_STACK_DATA\":[]},\"response_status\":200,\"response\":\"HTML Response\",\"duration\":2008,\"memory\":6,\"hostname\":\"homestead\"}, 2020-06-28 07:09:49, ?, request, 90e99013-04ef-4438-84fa-e141a759798a)) at /home/vagrant/LearnLaravel/vendor/laravel/framework/src/Illuminate/Database/Connection.php:669)
[stacktrace]
#0 /home/vagrant/LearnLaravel/vendor/laravel/framework/src/Illuminate/Database/Connection.php(629): Illuminate\\Database\\Connection->runQueryCallback()
#1 /home/vagrant/LearnLaravel/vendor/laravel/framework/src/Illuminate/Database/Connection.php(464): Illuminate\\Database\\Connection->run()
#2 /home/vagrant/LearnLaravel/vendor/laravel/framework/src/Illuminate/Database/Connection.php(416): Illuminate\\Database\\Connection->statement()
#3 /home/vagrant/LearnLaravel/vendor/laravel/framework/src/Illuminate/Database/Query/Builder.php(2651): Illuminate\\Database\\Connection->insert()
#4 /home/vagrant/LearnLaravel/vendor/laravel/telescope/src/Storage/DatabaseEntriesRepository.php(148): Illuminate\\Database\\Query\\Builder->insert()
#5 /home/vagrant/LearnLaravel/vendor/laravel/framework/src/Illuminate/Support/Traits/EnumeratesValues.php(176): Laravel\\Telescope\\Storage\\DatabaseEntriesRepository->Laravel\\Telescope\\Storage\\{closure}()
#6 /home/vagrant/LearnLaravel/vendor/laravel/telescope/src/Storage/DatabaseEntriesRepository.php(149): Illuminate\\Support\\Collection->each()
#7 /home/vagrant/LearnLaravel/vendor/laravel/telescope/src/Telescope.php(567): Laravel\\Telescope\\Storage\\DatabaseEntriesRepository->store()
#8 /home/vagrant/LearnLaravel/vendor/laravel/telescope/src/ListensForStorageOpportunities.php(44): Laravel\\Telescope\\Telescope::store()
#9 [internal function]: Laravel\\Telescope\\Telescope::Laravel\\Telescope\\{closure}()
#10 /home/vagrant/LearnLaravel/vendor/laravel/framework/src/Illuminate/Container/BoundMethod.php(32): call_user_func_array()
#11 /home/vagrant/LearnLaravel/vendor/laravel/framework/src/Illuminate/Container/Util.php(36): Illuminate\\Container\\BoundMethod::Illuminate\\Container\\{closure}()
#12 /home/vagrant/LearnLaravel/vendor/laravel/framework/src/Illuminate/Container/BoundMethod.php(78): Illuminate\\Container\\Util::unwrapIfClosure()
#13 /home/vagrant/LearnLaravel/vendor/laravel/framework/src/Illuminate/Container/BoundMethod.php(34): Illuminate\\Container\\BoundMethod::callBoundMethod()
#14 /home/vagrant/LearnLaravel/vendor/laravel/framework/src/Illuminate/Container/Container.php(590): Illuminate\\Container\\BoundMethod::call()
#15 /home/vagrant/LearnLaravel/vendor/laravel/framework/src/Illuminate/Foundation/Application.php(1067): Illuminate\\Container\\Container->call()
#16 /home/vagrant/LearnLaravel/vendor/laravel/framework/src/Illuminate/Foundation/Http/Kernel.php(185): Illuminate\\Foundation\\Application->terminate()
#17 /home/vagrant/LearnLaravel/public/index.php(60): Illuminate\\Foundation\\Http\\Kernel->terminate()
#18 {main}

[previous exception] [object] (PDOException(code: 42S02): SQLSTATE[42S02]: Base table or view not found: 1146 Table 'learnlaravel.telescope_entries' doesn't exist at /home/vagrant/LearnLaravel/vendor/laravel/framework/src/Illuminate/Database/Connection.php:457)
[stacktrace]
#0 /home/vagrant/LearnLaravel/vendor/laravel/framework/src/Illuminate/Database/Connection.php(457): PDO->prepare()
#1 /home/vagrant/LearnLaravel/vendor/laravel/framework/src/Illuminate/Database/Connection.php(662): Illuminate\\Database\\Connection->Illuminate\\Database\\{closure}()
#2 /home/vagrant/LearnLaravel/vendor/laravel/framework/src/Illuminate/Database/Connection.php(629): Illuminate\\Database\\Connection->runQueryCallback()
#3 /home/vagrant/LearnLaravel/vendor/laravel/framework/src/Illuminate/Database/Connection.php(464): Illuminate\\Database\\Connection->run()
#4 /home/vagrant/LearnLaravel/vendor/laravel/framework/src/Illuminate/Database/Connection.php(416): Illuminate\\Database\\Connection->statement()
#5 /home/vagrant/LearnLaravel/vendor/laravel/framework/src/Illuminate/Database/Query/Builder.php(2651): Illuminate\\Database\\Connection->insert()
#6 /home/vagrant/LearnLaravel/vendor/laravel/telescope/src/Storage/DatabaseEntriesRepository.php(148): Illuminate\\Database\\Query\\Builder->insert()
#7 /home/vagrant/LearnLaravel/vendor/laravel/framework/src/Illuminate/Support/Traits/EnumeratesValues.php(176): Laravel\\Telescope\\Storage\\DatabaseEntriesRepository->Laravel\\Telescope\\Storage\\{closure}()
#8 /home/vagrant/LearnLaravel/vendor/laravel/telescope/src/Storage/DatabaseEntriesRepository.php(149): Illuminate\\Support\\Collection->each()
#9 /home/vagrant/LearnLaravel/vendor/laravel/telescope/src/Telescope.php(567): Laravel\\Telescope\\Storage\\DatabaseEntriesRepository->store()
#10 /home/vagrant/LearnLaravel/vendor/laravel/telescope/src/ListensForStorageOpportunities.php(44): Laravel\\Telescope\\Telescope::store()
#11 [internal function]: Laravel\\Telescope\\Telescope::Laravel\\Telescope\\{closure}()
#12 /home/vagrant/LearnLaravel/vendor/laravel/framework/src/Illuminate/Container/BoundMethod.php(32): call_user_func_array()
#13 /home/vagrant/LearnLaravel/vendor/laravel/framework/src/Illuminate/Container/Util.php(36): Illuminate\\Container\\BoundMethod::Illuminate\\Container\\{closure}()
#14 /home/vagrant/LearnLaravel/vendor/laravel/framework/src/Illuminate/Container/BoundMethod.php(78): Illuminate\\Container\\Util::unwrapIfClosure()
#15 /home/vagrant/LearnLaravel/vendor/laravel/framework/src/Illuminate/Container/BoundMethod.php(34): Illuminate\\Container\\BoundMethod::callBoundMethod()
#16 /home/vagrant/LearnLaravel/vendor/laravel/framework/src/Illuminate/Container/Container.php(590): Illuminate\\Container\\BoundMethod::call()
#17 /home/vagrant/LearnLaravel/vendor/laravel/framework/src/Illuminate/Foundation/Application.php(1067): Illuminate\\Container\\Container->call()
#18 /home/vagrant/LearnLaravel/vendor/laravel/framework/src/Illuminate/Foundation/Http/Kernel.php(185): Illuminate\\Foundation\\Application->terminate()
#19 /home/vagrant/LearnLaravel/public/index.php(60): Illuminate\\Foundation\\Http\\Kernel->terminate()
#20 {main}
"} 
[2020-06-28 07:09:49] local.CRITICAL: Destructed App Service Provider  
[2020-06-28 07:10:14] local.ERROR: SQLSTATE[42S02]: Base table or view not found: 1146 Table 'learnlaravel.telescope_entries' doesn't exist (SQL: insert into `telescope_entries` (`batch_id`, `content`, `created_at`, `family_hash`, `type`, `uuid`) values (90e99039-0138-4781-8de7-026279ef46af, {"name":"components.communication","path":"\/resources\/views\/components\/communication.blade.php","data":[],"composers":[{"name":"Closure at \/home\/vagrant\/LearnLaravel\/vendor\/barryvdh\/laravel-debugbar\/src\/LaravelDebugbar.php[211:216]","type":"composer"},{"name":"Closure at \/home\/vagrant\/LearnLaravel\/vendor\/beyondcode\/laravel-view-xray\/src\/Xray.php[15:23]","type":"composer"}],"hostname":"homestead"}, 2020-06-28 07:10:14, ?, view, 90e99038-9c0a-416d-9810-b1027353b0bd), (90e99039-0138-4781-8de7-026279ef46af, {"name":"layouts.app","path":"\/resources\/views\/layouts\/app.blade.php","data":[],"composers":[{"name":"Closure at \/home\/vagrant\/LearnLaravel\/vendor\/barryvdh\/laravel-debugbar\/src\/LaravelDebugbar.php[211:216]","type":"composer"},{"name":"Closure at \/home\/vagrant\/LearnLaravel\/vendor\/beyondcode\/laravel-view-xray\/src\/Xray.php[15:23]","type":"composer"}],"hostname":"homestead"}, 2020-06-28 07:10:14, ?, view, 90e99038-a590-4384-9939-7067a12aa437), (90e99039-0138-4781-8de7-026279ef46af, {"name":"xray::xray","path":"\/vendor\/beyondcode\/laravel-view-xray\/src\/..\/resources\/views\/xray.blade.php","data":["routeInformation","viewPath","viewName"],"composers":[{"name":"Closure at \/home\/vagrant\/LearnLaravel\/vendor\/barryvdh\/laravel-debugbar\/src\/LaravelDebugbar.php[211:216]","type":"composer"},{"name":"Closure at \/home\/vagrant\/LearnLaravel\/vendor\/beyondcode\/laravel-view-xray\/src\/Xray.php[15:23]","type":"composer"}],"hostname":"homestead"}, 2020-06-28 07:10:14, ?, view, 90e99038-c2ba-4370-9e93-414d6b89915e), (90e99039-0138-4781-8de7-026279ef46af, {"requestId":"X6bee2fd250648afbdc70623702f21680","hostname":"homestead"}, 2020-06-28 07:10:14, ?, debugbar, 90e99038-f285-44d3-9468-555ac0dd2e6e), (90e99039-0138-4781-8de7-026279ef46af, {"uri":"\/components\/communication","method":"GET","controller_action":"Closure","middleware":["web"],"headers":{"cookie":"XSRF-TOKEN=eyJpdiI6IkpPUGtaZXYyZ2VJKzJpTStvbDBPNEE9PSIsInZhbHVlIjoiRzgwQldsbjhHWWxNT293SUZySHZJa2RjblwvSEprMVhiRDArYUYxVmtrSFlMXC9DNDFxMkRYXC9rYU9aYU1zY1BsUCIsIm1hYyI6ImEyMmFmMDBjNDdmZmYzMDMyNmRjMDk4YWI1OTk0YTA2N2QxMDE4MDUwNGEyNGEzODAxZWY0ZTAzM2ViZDg4MWUifQ%3D%3D; learnlaravel_session=eyJpdiI6Ilk0TnYzdVhWaStkVnhmVTBiZjF2TUE9PSIsInZhbHVlIjoiU1pBSEQ2VmFPQUg2bGVoU0ZmUTByOGtqWXZMNGNRRVRTelZXTlJpQjhOTDhBQ3l4c0xGNitcL2hcL0dCK00xYU04IiwibWFjIjoiMzc2ZWJiNDBiYjJmZmNhOTYzNDJlYzg1NzRkNmIzNmI4N2M0NzgxZjZhNWQwNTA2ZjAwMzhmZmQ5ZTAyMjc2YiJ9","accept-language":"en-US,en;q=0.9,sq;q=0.8,hu;q=0.7","accept-encoding":"gzip, deflate","accept":"text\/html,application\/xhtml+xml,application\/xml;q=0.9,image\/webp,image\/apng,*\/*;q=0.8,application\/signed-exchange;v=b3;q=0.9","user-agent":"Mozilla\/5.0 (Windows NT 10.0; Win64; x64) AppleWebKit\/537.36 (KHTML, like Gecko) Chrome\/83.0.4103.116 Safari\/537.36","upgrade-insecure-requests":"1","cache-control":"no-cache","pragma":"no-cache","connection":"keep-alive","host":"learnlaravel.test","content-length":"","content-type":""},"payload":[],"session":{"_token":"85pebzQgNB7rrxnzdQpCDBk0JX3DIO6gk58rStk0","_previous":{"url":"http:\/\/learnlaravel.test\/components\/communication"},"_flash":{"old":[],"new":[]},"PHPDEBUGBAR_STACK_DATA":[]},"response_status":200,"response":"HTML Response","duration":1298,"memory":2,"hostname":"homestead"}, 2020-06-28 07:10:14, ?, request, 90e99038-f837-4367-88e4-c1001d59d191)) {"exception":"[object] (Illuminate\\Database\\QueryException(code: 42S02): SQLSTATE[42S02]: Base table or view not found: 1146 Table 'learnlaravel.telescope_entries' doesn't exist (SQL: insert into `telescope_entries` (`batch_id`, `content`, `created_at`, `family_hash`, `type`, `uuid`) values (90e99039-0138-4781-8de7-026279ef46af, {\"name\":\"components.communication\",\"path\":\"\\/resources\\/views\\/components\\/communication.blade.php\",\"data\":[],\"composers\":[{\"name\":\"Closure at \\/home\\/vagrant\\/LearnLaravel\\/vendor\\/barryvdh\\/laravel-debugbar\\/src\\/LaravelDebugbar.php[211:216]\",\"type\":\"composer\"},{\"name\":\"Closure at \\/home\\/vagrant\\/LearnLaravel\\/vendor\\/beyondcode\\/laravel-view-xray\\/src\\/Xray.php[15:23]\",\"type\":\"composer\"}],\"hostname\":\"homestead\"}, 2020-06-28 07:10:14, ?, view, 90e99038-9c0a-416d-9810-b1027353b0bd), (90e99039-0138-4781-8de7-026279ef46af, {\"name\":\"layouts.app\",\"path\":\"\\/resources\\/views\\/layouts\\/app.blade.php\",\"data\":[],\"composers\":[{\"name\":\"Closure at \\/home\\/vagrant\\/LearnLaravel\\/vendor\\/barryvdh\\/laravel-debugbar\\/src\\/LaravelDebugbar.php[211:216]\",\"type\":\"composer\"},{\"name\":\"Closure at \\/home\\/vagrant\\/LearnLaravel\\/vendor\\/beyondcode\\/laravel-view-xray\\/src\\/Xray.php[15:23]\",\"type\":\"composer\"}],\"hostname\":\"homestead\"}, 2020-06-28 07:10:14, ?, view, 90e99038-a590-4384-9939-7067a12aa437), (90e99039-0138-4781-8de7-026279ef46af, {\"name\":\"xray::xray\",\"path\":\"\\/vendor\\/beyondcode\\/laravel-view-xray\\/src\\/..\\/resources\\/views\\/xray.blade.php\",\"data\":[\"routeInformation\",\"viewPath\",\"viewName\"],\"composers\":[{\"name\":\"Closure at \\/home\\/vagrant\\/LearnLaravel\\/vendor\\/barryvdh\\/laravel-debugbar\\/src\\/LaravelDebugbar.php[211:216]\",\"type\":\"composer\"},{\"name\":\"Closure at \\/home\\/vagrant\\/LearnLaravel\\/vendor\\/beyondcode\\/laravel-view-xray\\/src\\/Xray.php[15:23]\",\"type\":\"composer\"}],\"hostname\":\"homestead\"}, 2020-06-28 07:10:14, ?, view, 90e99038-c2ba-4370-9e93-414d6b89915e), (90e99039-0138-4781-8de7-026279ef46af, {\"requestId\":\"X6bee2fd250648afbdc70623702f21680\",\"hostname\":\"homestead\"}, 2020-06-28 07:10:14, ?, debugbar, 90e99038-f285-44d3-9468-555ac0dd2e6e), (90e99039-0138-4781-8de7-026279ef46af, {\"uri\":\"\\/components\\/communication\",\"method\":\"GET\",\"controller_action\":\"Closure\",\"middleware\":[\"web\"],\"headers\":{\"cookie\":\"XSRF-TOKEN=eyJpdiI6IkpPUGtaZXYyZ2VJKzJpTStvbDBPNEE9PSIsInZhbHVlIjoiRzgwQldsbjhHWWxNT293SUZySHZJa2RjblwvSEprMVhiRDArYUYxVmtrSFlMXC9DNDFxMkRYXC9rYU9aYU1zY1BsUCIsIm1hYyI6ImEyMmFmMDBjNDdmZmYzMDMyNmRjMDk4YWI1OTk0YTA2N2QxMDE4MDUwNGEyNGEzODAxZWY0ZTAzM2ViZDg4MWUifQ%3D%3D; learnlaravel_session=eyJpdiI6Ilk0TnYzdVhWaStkVnhmVTBiZjF2TUE9PSIsInZhbHVlIjoiU1pBSEQ2VmFPQUg2bGVoU0ZmUTByOGtqWXZMNGNRRVRTelZXTlJpQjhOTDhBQ3l4c0xGNitcL2hcL0dCK00xYU04IiwibWFjIjoiMzc2ZWJiNDBiYjJmZmNhOTYzNDJlYzg1NzRkNmIzNmI4N2M0NzgxZjZhNWQwNTA2ZjAwMzhmZmQ5ZTAyMjc2YiJ9\",\"accept-language\":\"en-US,en;q=0.9,sq;q=0.8,hu;q=0.7\",\"accept-encoding\":\"gzip, deflate\",\"accept\":\"text\\/html,application\\/xhtml+xml,application\\/xml;q=0.9,image\\/webp,image\\/apng,*\\/*;q=0.8,application\\/signed-exchange;v=b3;q=0.9\",\"user-agent\":\"Mozilla\\/5.0 (Windows NT 10.0; Win64; x64) AppleWebKit\\/537.36 (KHTML, like Gecko) Chrome\\/83.0.4103.116 Safari\\/537.36\",\"upgrade-insecure-requests\":\"1\",\"cache-control\":\"no-cache\",\"pragma\":\"no-cache\",\"connection\":\"keep-alive\",\"host\":\"learnlaravel.test\",\"content-length\":\"\",\"content-type\":\"\"},\"payload\":[],\"session\":{\"_token\":\"85pebzQgNB7rrxnzdQpCDBk0JX3DIO6gk58rStk0\",\"_previous\":{\"url\":\"http:\\/\\/learnlaravel.test\\/components\\/communication\"},\"_flash\":{\"old\":[],\"new\":[]},\"PHPDEBUGBAR_STACK_DATA\":[]},\"response_status\":200,\"response\":\"HTML Response\",\"duration\":1298,\"memory\":2,\"hostname\":\"homestead\"}, 2020-06-28 07:10:14, ?, request, 90e99038-f837-4367-88e4-c1001d59d191)) at /home/vagrant/LearnLaravel/vendor/laravel/framework/src/Illuminate/Database/Connection.php:669)
[stacktrace]
#0 /home/vagrant/LearnLaravel/vendor/laravel/framework/src/Illuminate/Database/Connection.php(629): Illuminate\\Database\\Connection->runQueryCallback()
#1 /home/vagrant/LearnLaravel/vendor/laravel/framework/src/Illuminate/Database/Connection.php(464): Illuminate\\Database\\Connection->run()
#2 /home/vagrant/LearnLaravel/vendor/laravel/framework/src/Illuminate/Database/Connection.php(416): Illuminate\\Database\\Connection->statement()
#3 /home/vagrant/LearnLaravel/vendor/laravel/framework/src/Illuminate/Database/Query/Builder.php(2651): Illuminate\\Database\\Connection->insert()
#4 /home/vagrant/LearnLaravel/vendor/laravel/telescope/src/Storage/DatabaseEntriesRepository.php(148): Illuminate\\Database\\Query\\Builder->insert()
#5 /home/vagrant/LearnLaravel/vendor/laravel/framework/src/Illuminate/Support/Traits/EnumeratesValues.php(176): Laravel\\Telescope\\Storage\\DatabaseEntriesRepository->Laravel\\Telescope\\Storage\\{closure}()
#6 /home/vagrant/LearnLaravel/vendor/laravel/telescope/src/Storage/DatabaseEntriesRepository.php(149): Illuminate\\Support\\Collection->each()
#7 /home/vagrant/LearnLaravel/vendor/laravel/telescope/src/Telescope.php(567): Laravel\\Telescope\\Storage\\DatabaseEntriesRepository->store()
#8 /home/vagrant/LearnLaravel/vendor/laravel/telescope/src/ListensForStorageOpportunities.php(44): Laravel\\Telescope\\Telescope::store()
#9 [internal function]: Laravel\\Telescope\\Telescope::Laravel\\Telescope\\{closure}()
#10 /home/vagrant/LearnLaravel/vendor/laravel/framework/src/Illuminate/Container/BoundMethod.php(32): call_user_func_array()
#11 /home/vagrant/LearnLaravel/vendor/laravel/framework/src/Illuminate/Container/Util.php(36): Illuminate\\Container\\BoundMethod::Illuminate\\Container\\{closure}()
#12 /home/vagrant/LearnLaravel/vendor/laravel/framework/src/Illuminate/Container/BoundMethod.php(78): Illuminate\\Container\\Util::unwrapIfClosure()
#13 /home/vagrant/LearnLaravel/vendor/laravel/framework/src/Illuminate/Container/BoundMethod.php(34): Illuminate\\Container\\BoundMethod::callBoundMethod()
#14 /home/vagrant/LearnLaravel/vendor/laravel/framework/src/Illuminate/Container/Container.php(590): Illuminate\\Container\\BoundMethod::call()
#15 /home/vagrant/LearnLaravel/vendor/laravel/framework/src/Illuminate/Foundation/Application.php(1067): Illuminate\\Container\\Container->call()
#16 /home/vagrant/LearnLaravel/vendor/laravel/framework/src/Illuminate/Foundation/Http/Kernel.php(185): Illuminate\\Foundation\\Application->terminate()
#17 /home/vagrant/LearnLaravel/public/index.php(60): Illuminate\\Foundation\\Http\\Kernel->terminate()
#18 {main}

[previous exception] [object] (PDOException(code: 42S02): SQLSTATE[42S02]: Base table or view not found: 1146 Table 'learnlaravel.telescope_entries' doesn't exist at /home/vagrant/LearnLaravel/vendor/laravel/framework/src/Illuminate/Database/Connection.php:457)
[stacktrace]
#0 /home/vagrant/LearnLaravel/vendor/laravel/framework/src/Illuminate/Database/Connection.php(457): PDO->prepare()
#1 /home/vagrant/LearnLaravel/vendor/laravel/framework/src/Illuminate/Database/Connection.php(662): Illuminate\\Database\\Connection->Illuminate\\Database\\{closure}()
#2 /home/vagrant/LearnLaravel/vendor/laravel/framework/src/Illuminate/Database/Connection.php(629): Illuminate\\Database\\Connection->runQueryCallback()
#3 /home/vagrant/LearnLaravel/vendor/laravel/framework/src/Illuminate/Database/Connection.php(464): Illuminate\\Database\\Connection->run()
#4 /home/vagrant/LearnLaravel/vendor/laravel/framework/src/Illuminate/Database/Connection.php(416): Illuminate\\Database\\Connection->statement()
#5 /home/vagrant/LearnLaravel/vendor/laravel/framework/src/Illuminate/Database/Query/Builder.php(2651): Illuminate\\Database\\Connection->insert()
#6 /home/vagrant/LearnLaravel/vendor/laravel/telescope/src/Storage/DatabaseEntriesRepository.php(148): Illuminate\\Database\\Query\\Builder->insert()
#7 /home/vagrant/LearnLaravel/vendor/laravel/framework/src/Illuminate/Support/Traits/EnumeratesValues.php(176): Laravel\\Telescope\\Storage\\DatabaseEntriesRepository->Laravel\\Telescope\\Storage\\{closure}()
#8 /home/vagrant/LearnLaravel/vendor/laravel/telescope/src/Storage/DatabaseEntriesRepository.php(149): Illuminate\\Support\\Collection->each()
#9 /home/vagrant/LearnLaravel/vendor/laravel/telescope/src/Telescope.php(567): Laravel\\Telescope\\Storage\\DatabaseEntriesRepository->store()
#10 /home/vagrant/LearnLaravel/vendor/laravel/telescope/src/ListensForStorageOpportunities.php(44): Laravel\\Telescope\\Telescope::store()
#11 [internal function]: Laravel\\Telescope\\Telescope::Laravel\\Telescope\\{closure}()
#12 /home/vagrant/LearnLaravel/vendor/laravel/framework/src/Illuminate/Container/BoundMethod.php(32): call_user_func_array()
#13 /home/vagrant/LearnLaravel/vendor/laravel/framework/src/Illuminate/Container/Util.php(36): Illuminate\\Container\\BoundMethod::Illuminate\\Container\\{closure}()
#14 /home/vagrant/LearnLaravel/vendor/laravel/framework/src/Illuminate/Container/BoundMethod.php(78): Illuminate\\Container\\Util::unwrapIfClosure()
#15 /home/vagrant/LearnLaravel/vendor/laravel/framework/src/Illuminate/Container/BoundMethod.php(34): Illuminate\\Container\\BoundMethod::callBoundMethod()
#16 /home/vagrant/LearnLaravel/vendor/laravel/framework/src/Illuminate/Container/Container.php(590): Illuminate\\Container\\BoundMethod::call()
#17 /home/vagrant/LearnLaravel/vendor/laravel/framework/src/Illuminate/Foundation/Application.php(1067): Illuminate\\Container\\Container->call()
#18 /home/vagrant/LearnLaravel/vendor/laravel/framework/src/Illuminate/Foundation/Http/Kernel.php(185): Illuminate\\Foundation\\Application->terminate()
#19 /home/vagrant/LearnLaravel/public/index.php(60): Illuminate\\Foundation\\Http\\Kernel->terminate()
#20 {main}
"} 
[2020-06-28 07:10:14] local.CRITICAL: Destructed App Service Provider  
[2020-06-28 07:10:17] local.CRITICAL: Destructed App Service Provider  
[2020-06-28 07:10:17] local.CRITICAL: Destructed App Service Provider  
[2020-06-28 07:10:26] local.ERROR: SQLSTATE[42S02]: Base table or view not found: 1146 Table 'learnlaravel.telescope_entries' doesn't exist (SQL: insert into `telescope_entries` (`batch_id`, `content`, `created_at`, `family_hash`, `type`, `uuid`) values (90e9904b-b52f-47f2-a943-667a8865ef6d, {"name":"components.communication","path":"\/resources\/views\/components\/communication.blade.php","data":[],"composers":[{"name":"Closure at \/home\/vagrant\/LearnLaravel\/vendor\/barryvdh\/laravel-debugbar\/src\/LaravelDebugbar.php[211:216]","type":"composer"},{"name":"Closure at \/home\/vagrant\/LearnLaravel\/vendor\/beyondcode\/laravel-view-xray\/src\/Xray.php[15:23]","type":"composer"}],"hostname":"homestead"}, 2020-06-28 07:10:26, ?, view, 90e9904b-41e3-4753-b756-1614a1d4ab79), (90e9904b-b52f-47f2-a943-667a8865ef6d, {"name":"layouts.app","path":"\/resources\/views\/layouts\/app.blade.php","data":[],"composers":[{"name":"Closure at \/home\/vagrant\/LearnLaravel\/vendor\/barryvdh\/laravel-debugbar\/src\/LaravelDebugbar.php[211:216]","type":"composer"},{"name":"Closure at \/home\/vagrant\/LearnLaravel\/vendor\/beyondcode\/laravel-view-xray\/src\/Xray.php[15:23]","type":"composer"}],"hostname":"homestead"}, 2020-06-28 07:10:26, ?, view, 90e9904b-4cee-44b6-ab99-477c7b82fa62), (90e9904b-b52f-47f2-a943-667a8865ef6d, {"name":"xray::xray","path":"\/vendor\/beyondcode\/laravel-view-xray\/src\/..\/resources\/views\/xray.blade.php","data":["routeInformation","viewPath","viewName"],"composers":[{"name":"Closure at \/home\/vagrant\/LearnLaravel\/vendor\/barryvdh\/laravel-debugbar\/src\/LaravelDebugbar.php[211:216]","type":"composer"},{"name":"Closure at \/home\/vagrant\/LearnLaravel\/vendor\/beyondcode\/laravel-view-xray\/src\/Xray.php[15:23]","type":"composer"}],"hostname":"homestead"}, 2020-06-28 07:10:26, ?, view, 90e9904b-6b3a-4627-b4d3-51892051fa2e), (90e9904b-b52f-47f2-a943-667a8865ef6d, {"requestId":"X53a6a101e14866acdbc38d5ae66c938b","hostname":"homestead"}, 2020-06-28 07:10:26, ?, debugbar, 90e9904b-a000-49c3-85b9-15d89ed62538), (90e9904b-b52f-47f2-a943-667a8865ef6d, {"uri":"\/components\/communication","method":"GET","controller_action":"Closure","middleware":["web"],"headers":{"cookie":"XSRF-TOKEN=eyJpdiI6IjJUY2JsVDRsWUROM1d1ek5CMHhaV2c9PSIsInZhbHVlIjoiZUJ5bm5EVSt3NUpnNXJsNHRUanJuVnhCMTNQZngya2RHM3d3MDBFdzkzN1RCUHVvY0xhOFQ0K3o1TWhxOHRNeCIsIm1hYyI6IjE2OTBkMmMwODA4ZTg2OWNjMDNlMTk3YjBjYWQzNzc1NjE1YzQ2NjA3MWYwNWRjZmQ1YjVkOTJlNjFiMjMwODIifQ%3D%3D; learnlaravel_session=eyJpdiI6IlZTeUFFVVpvSE9Ncm1yTk5xSFdIaEE9PSIsInZhbHVlIjoiSU5US05DeXlQZlMyejdJcWRWT3Y5XC9rWXIxM1ZLZ2I1eVNwWENkaWF4ZjRqc0RaU3k4NTRmWUF1YnpJNUFFa2MiLCJtYWMiOiJiZjgxYjNhNGYxNzQxNzRiNWQ0NjgxZjdlOGE4OGM5NjMyY2VjM2M4MTdjMjMzYzRlNTdhYTQwN2Q1OWJhODI2In0%3D","accept-language":"en-US,en;q=0.9,sq;q=0.8,hu;q=0.7","accept-encoding":"gzip, deflate","accept":"text\/html,application\/xhtml+xml,application\/xml;q=0.9,image\/webp,image\/apng,*\/*;q=0.8,application\/signed-exchange;v=b3;q=0.9","user-agent":"Mozilla\/5.0 (Windows NT 10.0; Win64; x64) AppleWebKit\/537.36 (KHTML, like Gecko) Chrome\/83.0.4103.116 Safari\/537.36","upgrade-insecure-requests":"1","cache-control":"no-cache","pragma":"no-cache","connection":"keep-alive","host":"learnlaravel.test","content-length":"","content-type":""},"payload":[],"session":{"_token":"85pebzQgNB7rrxnzdQpCDBk0JX3DIO6gk58rStk0","_previous":{"url":"http:\/\/learnlaravel.test\/components\/communication"},"_flash":{"old":[],"new":[]},"PHPDEBUGBAR_STACK_DATA":[]},"response_status":200,"response":"HTML Response","duration":2161,"memory":2,"hostname":"homestead"}, 2020-06-28 07:10:26, ?, request, 90e9904b-a69c-4802-9665-8575f4c33a58)) {"exception":"[object] (Illuminate\\Database\\QueryException(code: 42S02): SQLSTATE[42S02]: Base table or view not found: 1146 Table 'learnlaravel.telescope_entries' doesn't exist (SQL: insert into `telescope_entries` (`batch_id`, `content`, `created_at`, `family_hash`, `type`, `uuid`) values (90e9904b-b52f-47f2-a943-667a8865ef6d, {\"name\":\"components.communication\",\"path\":\"\\/resources\\/views\\/components\\/communication.blade.php\",\"data\":[],\"composers\":[{\"name\":\"Closure at \\/home\\/vagrant\\/LearnLaravel\\/vendor\\/barryvdh\\/laravel-debugbar\\/src\\/LaravelDebugbar.php[211:216]\",\"type\":\"composer\"},{\"name\":\"Closure at \\/home\\/vagrant\\/LearnLaravel\\/vendor\\/beyondcode\\/laravel-view-xray\\/src\\/Xray.php[15:23]\",\"type\":\"composer\"}],\"hostname\":\"homestead\"}, 2020-06-28 07:10:26, ?, view, 90e9904b-41e3-4753-b756-1614a1d4ab79), (90e9904b-b52f-47f2-a943-667a8865ef6d, {\"name\":\"layouts.app\",\"path\":\"\\/resources\\/views\\/layouts\\/app.blade.php\",\"data\":[],\"composers\":[{\"name\":\"Closure at \\/home\\/vagrant\\/LearnLaravel\\/vendor\\/barryvdh\\/laravel-debugbar\\/src\\/LaravelDebugbar.php[211:216]\",\"type\":\"composer\"},{\"name\":\"Closure at \\/home\\/vagrant\\/LearnLaravel\\/vendor\\/beyondcode\\/laravel-view-xray\\/src\\/Xray.php[15:23]\",\"type\":\"composer\"}],\"hostname\":\"homestead\"}, 2020-06-28 07:10:26, ?, view, 90e9904b-4cee-44b6-ab99-477c7b82fa62), (90e9904b-b52f-47f2-a943-667a8865ef6d, {\"name\":\"xray::xray\",\"path\":\"\\/vendor\\/beyondcode\\/laravel-view-xray\\/src\\/..\\/resources\\/views\\/xray.blade.php\",\"data\":[\"routeInformation\",\"viewPath\",\"viewName\"],\"composers\":[{\"name\":\"Closure at \\/home\\/vagrant\\/LearnLaravel\\/vendor\\/barryvdh\\/laravel-debugbar\\/src\\/LaravelDebugbar.php[211:216]\",\"type\":\"composer\"},{\"name\":\"Closure at \\/home\\/vagrant\\/LearnLaravel\\/vendor\\/beyondcode\\/laravel-view-xray\\/src\\/Xray.php[15:23]\",\"type\":\"composer\"}],\"hostname\":\"homestead\"}, 2020-06-28 07:10:26, ?, view, 90e9904b-6b3a-4627-b4d3-51892051fa2e), (90e9904b-b52f-47f2-a943-667a8865ef6d, {\"requestId\":\"X53a6a101e14866acdbc38d5ae66c938b\",\"hostname\":\"homestead\"}, 2020-06-28 07:10:26, ?, debugbar, 90e9904b-a000-49c3-85b9-15d89ed62538), (90e9904b-b52f-47f2-a943-667a8865ef6d, {\"uri\":\"\\/components\\/communication\",\"method\":\"GET\",\"controller_action\":\"Closure\",\"middleware\":[\"web\"],\"headers\":{\"cookie\":\"XSRF-TOKEN=eyJpdiI6IjJUY2JsVDRsWUROM1d1ek5CMHhaV2c9PSIsInZhbHVlIjoiZUJ5bm5EVSt3NUpnNXJsNHRUanJuVnhCMTNQZngya2RHM3d3MDBFdzkzN1RCUHVvY0xhOFQ0K3o1TWhxOHRNeCIsIm1hYyI6IjE2OTBkMmMwODA4ZTg2OWNjMDNlMTk3YjBjYWQzNzc1NjE1YzQ2NjA3MWYwNWRjZmQ1YjVkOTJlNjFiMjMwODIifQ%3D%3D; learnlaravel_session=eyJpdiI6IlZTeUFFVVpvSE9Ncm1yTk5xSFdIaEE9PSIsInZhbHVlIjoiSU5US05DeXlQZlMyejdJcWRWT3Y5XC9rWXIxM1ZLZ2I1eVNwWENkaWF4ZjRqc0RaU3k4NTRmWUF1YnpJNUFFa2MiLCJtYWMiOiJiZjgxYjNhNGYxNzQxNzRiNWQ0NjgxZjdlOGE4OGM5NjMyY2VjM2M4MTdjMjMzYzRlNTdhYTQwN2Q1OWJhODI2In0%3D\",\"accept-language\":\"en-US,en;q=0.9,sq;q=0.8,hu;q=0.7\",\"accept-encoding\":\"gzip, deflate\",\"accept\":\"text\\/html,application\\/xhtml+xml,application\\/xml;q=0.9,image\\/webp,image\\/apng,*\\/*;q=0.8,application\\/signed-exchange;v=b3;q=0.9\",\"user-agent\":\"Mozilla\\/5.0 (Windows NT 10.0; Win64; x64) AppleWebKit\\/537.36 (KHTML, like Gecko) Chrome\\/83.0.4103.116 Safari\\/537.36\",\"upgrade-insecure-requests\":\"1\",\"cache-control\":\"no-cache\",\"pragma\":\"no-cache\",\"connection\":\"keep-alive\",\"host\":\"learnlaravel.test\",\"content-length\":\"\",\"content-type\":\"\"},\"payload\":[],\"session\":{\"_token\":\"85pebzQgNB7rrxnzdQpCDBk0JX3DIO6gk58rStk0\",\"_previous\":{\"url\":\"http:\\/\\/learnlaravel.test\\/components\\/communication\"},\"_flash\":{\"old\":[],\"new\":[]},\"PHPDEBUGBAR_STACK_DATA\":[]},\"response_status\":200,\"response\":\"HTML Response\",\"duration\":2161,\"memory\":2,\"hostname\":\"homestead\"}, 2020-06-28 07:10:26, ?, request, 90e9904b-a69c-4802-9665-8575f4c33a58)) at /home/vagrant/LearnLaravel/vendor/laravel/framework/src/Illuminate/Database/Connection.php:669)
[stacktrace]
#0 /home/vagrant/LearnLaravel/vendor/laravel/framework/src/Illuminate/Database/Connection.php(629): Illuminate\\Database\\Connection->runQueryCallback()
#1 /home/vagrant/LearnLaravel/vendor/laravel/framework/src/Illuminate/Database/Connection.php(464): Illuminate\\Database\\Connection->run()
#2 /home/vagrant/LearnLaravel/vendor/laravel/framework/src/Illuminate/Database/Connection.php(416): Illuminate\\Database\\Connection->statement()
#3 /home/vagrant/LearnLaravel/vendor/laravel/framework/src/Illuminate/Database/Query/Builder.php(2651): Illuminate\\Database\\Connection->insert()
#4 /home/vagrant/LearnLaravel/vendor/laravel/telescope/src/Storage/DatabaseEntriesRepository.php(148): Illuminate\\Database\\Query\\Builder->insert()
#5 /home/vagrant/LearnLaravel/vendor/laravel/framework/src/Illuminate/Support/Traits/EnumeratesValues.php(176): Laravel\\Telescope\\Storage\\DatabaseEntriesRepository->Laravel\\Telescope\\Storage\\{closure}()
#6 /home/vagrant/LearnLaravel/vendor/laravel/telescope/src/Storage/DatabaseEntriesRepository.php(149): Illuminate\\Support\\Collection->each()
#7 /home/vagrant/LearnLaravel/vendor/laravel/telescope/src/Telescope.php(567): Laravel\\Telescope\\Storage\\DatabaseEntriesRepository->store()
#8 /home/vagrant/LearnLaravel/vendor/laravel/telescope/src/ListensForStorageOpportunities.php(44): Laravel\\Telescope\\Telescope::store()
#9 [internal function]: Laravel\\Telescope\\Telescope::Laravel\\Telescope\\{closure}()
#10 /home/vagrant/LearnLaravel/vendor/laravel/framework/src/Illuminate/Container/BoundMethod.php(32): call_user_func_array()
#11 /home/vagrant/LearnLaravel/vendor/laravel/framework/src/Illuminate/Container/Util.php(36): Illuminate\\Container\\BoundMethod::Illuminate\\Container\\{closure}()
#12 /home/vagrant/LearnLaravel/vendor/laravel/framework/src/Illuminate/Container/BoundMethod.php(78): Illuminate\\Container\\Util::unwrapIfClosure()
#13 /home/vagrant/LearnLaravel/vendor/laravel/framework/src/Illuminate/Container/BoundMethod.php(34): Illuminate\\Container\\BoundMethod::callBoundMethod()
#14 /home/vagrant/LearnLaravel/vendor/laravel/framework/src/Illuminate/Container/Container.php(590): Illuminate\\Container\\BoundMethod::call()
#15 /home/vagrant/LearnLaravel/vendor/laravel/framework/src/Illuminate/Foundation/Application.php(1067): Illuminate\\Container\\Container->call()
#16 /home/vagrant/LearnLaravel/vendor/laravel/framework/src/Illuminate/Foundation/Http/Kernel.php(185): Illuminate\\Foundation\\Application->terminate()
#17 /home/vagrant/LearnLaravel/public/index.php(60): Illuminate\\Foundation\\Http\\Kernel->terminate()
#18 {main}

[previous exception] [object] (PDOException(code: 42S02): SQLSTATE[42S02]: Base table or view not found: 1146 Table 'learnlaravel.telescope_entries' doesn't exist at /home/vagrant/LearnLaravel/vendor/laravel/framework/src/Illuminate/Database/Connection.php:457)
[stacktrace]
#0 /home/vagrant/LearnLaravel/vendor/laravel/framework/src/Illuminate/Database/Connection.php(457): PDO->prepare()
#1 /home/vagrant/LearnLaravel/vendor/laravel/framework/src/Illuminate/Database/Connection.php(662): Illuminate\\Database\\Connection->Illuminate\\Database\\{closure}()
#2 /home/vagrant/LearnLaravel/vendor/laravel/framework/src/Illuminate/Database/Connection.php(629): Illuminate\\Database\\Connection->runQueryCallback()
#3 /home/vagrant/LearnLaravel/vendor/laravel/framework/src/Illuminate/Database/Connection.php(464): Illuminate\\Database\\Connection->run()
#4 /home/vagrant/LearnLaravel/vendor/laravel/framework/src/Illuminate/Database/Connection.php(416): Illuminate\\Database\\Connection->statement()
#5 /home/vagrant/LearnLaravel/vendor/laravel/framework/src/Illuminate/Database/Query/Builder.php(2651): Illuminate\\Database\\Connection->insert()
#6 /home/vagrant/LearnLaravel/vendor/laravel/telescope/src/Storage/DatabaseEntriesRepository.php(148): Illuminate\\Database\\Query\\Builder->insert()
#7 /home/vagrant/LearnLaravel/vendor/laravel/framework/src/Illuminate/Support/Traits/EnumeratesValues.php(176): Laravel\\Telescope\\Storage\\DatabaseEntriesRepository->Laravel\\Telescope\\Storage\\{closure}()
#8 /home/vagrant/LearnLaravel/vendor/laravel/telescope/src/Storage/DatabaseEntriesRepository.php(149): Illuminate\\Support\\Collection->each()
#9 /home/vagrant/LearnLaravel/vendor/laravel/telescope/src/Telescope.php(567): Laravel\\Telescope\\Storage\\DatabaseEntriesRepository->store()
#10 /home/vagrant/LearnLaravel/vendor/laravel/telescope/src/ListensForStorageOpportunities.php(44): Laravel\\Telescope\\Telescope::store()
#11 [internal function]: Laravel\\Telescope\\Telescope::Laravel\\Telescope\\{closure}()
#12 /home/vagrant/LearnLaravel/vendor/laravel/framework/src/Illuminate/Container/BoundMethod.php(32): call_user_func_array()
#13 /home/vagrant/LearnLaravel/vendor/laravel/framework/src/Illuminate/Container/Util.php(36): Illuminate\\Container\\BoundMethod::Illuminate\\Container\\{closure}()
#14 /home/vagrant/LearnLaravel/vendor/laravel/framework/src/Illuminate/Container/BoundMethod.php(78): Illuminate\\Container\\Util::unwrapIfClosure()
#15 /home/vagrant/LearnLaravel/vendor/laravel/framework/src/Illuminate/Container/BoundMethod.php(34): Illuminate\\Container\\BoundMethod::callBoundMethod()
#16 /home/vagrant/LearnLaravel/vendor/laravel/framework/src/Illuminate/Container/Container.php(590): Illuminate\\Container\\BoundMethod::call()
#17 /home/vagrant/LearnLaravel/vendor/laravel/framework/src/Illuminate/Foundation/Application.php(1067): Illuminate\\Container\\Container->call()
#18 /home/vagrant/LearnLaravel/vendor/laravel/framework/src/Illuminate/Foundation/Http/Kernel.php(185): Illuminate\\Foundation\\Application->terminate()
#19 /home/vagrant/LearnLaravel/public/index.php(60): Illuminate\\Foundation\\Http\\Kernel->terminate()
#20 {main}
"} 
[2020-06-28 07:10:26] local.CRITICAL: Destructed App Service Provider  
[2020-06-28 07:10:30] local.CRITICAL: Destructed App Service Provider  
[2020-06-28 07:10:30] local.CRITICAL: Destructed App Service Provider  
[2020-06-28 07:10:58] local.ERROR: SQLSTATE[42S02]: Base table or view not found: 1146 Table 'learnlaravel.telescope_entries' doesn't exist (SQL: insert into `telescope_entries` (`batch_id`, `content`, `created_at`, `family_hash`, `type`, `uuid`) values (90e9907c-6eb6-4efa-9df1-b42fdd49b59b, {"name":"components.communication","path":"\/resources\/views\/components\/communication.blade.php","data":[],"composers":[{"name":"Closure at \/home\/vagrant\/LearnLaravel\/vendor\/barryvdh\/laravel-debugbar\/src\/LaravelDebugbar.php[211:216]","type":"composer"},{"name":"Closure at \/home\/vagrant\/LearnLaravel\/vendor\/beyondcode\/laravel-view-xray\/src\/Xray.php[15:23]","type":"composer"}],"hostname":"homestead"}, 2020-06-28 07:10:58, ?, view, 90e9907c-00dd-44af-a731-cb2f17f13a32), (90e9907c-6eb6-4efa-9df1-b42fdd49b59b, {"name":"layouts.app","path":"\/resources\/views\/layouts\/app.blade.php","data":[],"composers":[{"name":"Closure at \/home\/vagrant\/LearnLaravel\/vendor\/barryvdh\/laravel-debugbar\/src\/LaravelDebugbar.php[211:216]","type":"composer"},{"name":"Closure at \/home\/vagrant\/LearnLaravel\/vendor\/beyondcode\/laravel-view-xray\/src\/Xray.php[15:23]","type":"composer"}],"hostname":"homestead"}, 2020-06-28 07:10:58, ?, view, 90e9907c-0a45-4e50-b01b-34b68342a7b6), (90e9907c-6eb6-4efa-9df1-b42fdd49b59b, {"name":"xray::xray","path":"\/vendor\/beyondcode\/laravel-view-xray\/src\/..\/resources\/views\/xray.blade.php","data":["routeInformation","viewPath","viewName"],"composers":[{"name":"Closure at \/home\/vagrant\/LearnLaravel\/vendor\/barryvdh\/laravel-debugbar\/src\/LaravelDebugbar.php[211:216]","type":"composer"},{"name":"Closure at \/home\/vagrant\/LearnLaravel\/vendor\/beyondcode\/laravel-view-xray\/src\/Xray.php[15:23]","type":"composer"}],"hostname":"homestead"}, 2020-06-28 07:10:58, ?, view, 90e9907c-26fc-45b5-a930-af197fb0a05f), (90e9907c-6eb6-4efa-9df1-b42fdd49b59b, {"requestId":"X727ea751d1231145e06720ca4842e53d","hostname":"homestead"}, 2020-06-28 07:10:58, ?, debugbar, 90e9907c-5acf-4df4-80f3-66a6dca8b05a), (90e9907c-6eb6-4efa-9df1-b42fdd49b59b, {"uri":"\/components\/communication","method":"GET","controller_action":"Closure","middleware":["web"],"headers":{"cookie":"XSRF-TOKEN=eyJpdiI6ImpxYjhjSVZDZGllVGVoVmdFYUNyNkE9PSIsInZhbHVlIjoiSmtTdXhJdlVsMFNKR1V0V3lCZ1wvbjlpVUxUXC9HQW1VSVRDNW1TYVpQeEROamQzU0xOVXhsWEZMUFFFakRpbHYzIiwibWFjIjoiZTNjNDYyNDY2YzAyZWQxNDJkNGEwMDMxNzU2OGQ2OTZiZDU4NmY4Nzk4MTNlMDNmNTJlMDJhN2QxZjM4ZDA3NCJ9; learnlaravel_session=eyJpdiI6IktLbFh2TWZuaWNDZzBqekF1cEEranc9PSIsInZhbHVlIjoiWjg0eDlFa05lNEJRQUxSQ21kMlJuZlN0MVMzZGViSkhkNFdhTUZFSXc5Wk5tUDYwV1VTODJEWTJYb1R1MVRLUCIsIm1hYyI6ImU5YWY5MzFjY2U0NGRmNjFiMDZiNGI2ZjQzOGIzNGY5NDk5NDI0M2NiOTMzMTE5M2FlY2JlNTQ3NjUzMzE4ZDcifQ%3D%3D","accept-language":"en-US,en;q=0.9,sq;q=0.8,hu;q=0.7","accept-encoding":"gzip, deflate","accept":"text\/html,application\/xhtml+xml,application\/xml;q=0.9,image\/webp,image\/apng,*\/*;q=0.8,application\/signed-exchange;v=b3;q=0.9","user-agent":"Mozilla\/5.0 (Windows NT 10.0; Win64; x64) AppleWebKit\/537.36 (KHTML, like Gecko) Chrome\/83.0.4103.116 Safari\/537.36","upgrade-insecure-requests":"1","cache-control":"no-cache","pragma":"no-cache","connection":"keep-alive","host":"learnlaravel.test","content-length":"","content-type":""},"payload":[],"session":{"_token":"85pebzQgNB7rrxnzdQpCDBk0JX3DIO6gk58rStk0","_previous":{"url":"http:\/\/learnlaravel.test\/components\/communication"},"_flash":{"old":[],"new":[]},"PHPDEBUGBAR_STACK_DATA":[]},"response_status":200,"response":"HTML Response","duration":1618,"memory":6,"hostname":"homestead"}, 2020-06-28 07:10:58, ?, request, 90e9907c-6096-4bc4-9436-0379fb0ea897)) {"exception":"[object] (Illuminate\\Database\\QueryException(code: 42S02): SQLSTATE[42S02]: Base table or view not found: 1146 Table 'learnlaravel.telescope_entries' doesn't exist (SQL: insert into `telescope_entries` (`batch_id`, `content`, `created_at`, `family_hash`, `type`, `uuid`) values (90e9907c-6eb6-4efa-9df1-b42fdd49b59b, {\"name\":\"components.communication\",\"path\":\"\\/resources\\/views\\/components\\/communication.blade.php\",\"data\":[],\"composers\":[{\"name\":\"Closure at \\/home\\/vagrant\\/LearnLaravel\\/vendor\\/barryvdh\\/laravel-debugbar\\/src\\/LaravelDebugbar.php[211:216]\",\"type\":\"composer\"},{\"name\":\"Closure at \\/home\\/vagrant\\/LearnLaravel\\/vendor\\/beyondcode\\/laravel-view-xray\\/src\\/Xray.php[15:23]\",\"type\":\"composer\"}],\"hostname\":\"homestead\"}, 2020-06-28 07:10:58, ?, view, 90e9907c-00dd-44af-a731-cb2f17f13a32), (90e9907c-6eb6-4efa-9df1-b42fdd49b59b, {\"name\":\"layouts.app\",\"path\":\"\\/resources\\/views\\/layouts\\/app.blade.php\",\"data\":[],\"composers\":[{\"name\":\"Closure at \\/home\\/vagrant\\/LearnLaravel\\/vendor\\/barryvdh\\/laravel-debugbar\\/src\\/LaravelDebugbar.php[211:216]\",\"type\":\"composer\"},{\"name\":\"Closure at \\/home\\/vagrant\\/LearnLaravel\\/vendor\\/beyondcode\\/laravel-view-xray\\/src\\/Xray.php[15:23]\",\"type\":\"composer\"}],\"hostname\":\"homestead\"}, 2020-06-28 07:10:58, ?, view, 90e9907c-0a45-4e50-b01b-34b68342a7b6), (90e9907c-6eb6-4efa-9df1-b42fdd49b59b, {\"name\":\"xray::xray\",\"path\":\"\\/vendor\\/beyondcode\\/laravel-view-xray\\/src\\/..\\/resources\\/views\\/xray.blade.php\",\"data\":[\"routeInformation\",\"viewPath\",\"viewName\"],\"composers\":[{\"name\":\"Closure at \\/home\\/vagrant\\/LearnLaravel\\/vendor\\/barryvdh\\/laravel-debugbar\\/src\\/LaravelDebugbar.php[211:216]\",\"type\":\"composer\"},{\"name\":\"Closure at \\/home\\/vagrant\\/LearnLaravel\\/vendor\\/beyondcode\\/laravel-view-xray\\/src\\/Xray.php[15:23]\",\"type\":\"composer\"}],\"hostname\":\"homestead\"}, 2020-06-28 07:10:58, ?, view, 90e9907c-26fc-45b5-a930-af197fb0a05f), (90e9907c-6eb6-4efa-9df1-b42fdd49b59b, {\"requestId\":\"X727ea751d1231145e06720ca4842e53d\",\"hostname\":\"homestead\"}, 2020-06-28 07:10:58, ?, debugbar, 90e9907c-5acf-4df4-80f3-66a6dca8b05a), (90e9907c-6eb6-4efa-9df1-b42fdd49b59b, {\"uri\":\"\\/components\\/communication\",\"method\":\"GET\",\"controller_action\":\"Closure\",\"middleware\":[\"web\"],\"headers\":{\"cookie\":\"XSRF-TOKEN=eyJpdiI6ImpxYjhjSVZDZGllVGVoVmdFYUNyNkE9PSIsInZhbHVlIjoiSmtTdXhJdlVsMFNKR1V0V3lCZ1wvbjlpVUxUXC9HQW1VSVRDNW1TYVpQeEROamQzU0xOVXhsWEZMUFFFakRpbHYzIiwibWFjIjoiZTNjNDYyNDY2YzAyZWQxNDJkNGEwMDMxNzU2OGQ2OTZiZDU4NmY4Nzk4MTNlMDNmNTJlMDJhN2QxZjM4ZDA3NCJ9; learnlaravel_session=eyJpdiI6IktLbFh2TWZuaWNDZzBqekF1cEEranc9PSIsInZhbHVlIjoiWjg0eDlFa05lNEJRQUxSQ21kMlJuZlN0MVMzZGViSkhkNFdhTUZFSXc5Wk5tUDYwV1VTODJEWTJYb1R1MVRLUCIsIm1hYyI6ImU5YWY5MzFjY2U0NGRmNjFiMDZiNGI2ZjQzOGIzNGY5NDk5NDI0M2NiOTMzMTE5M2FlY2JlNTQ3NjUzMzE4ZDcifQ%3D%3D\",\"accept-language\":\"en-US,en;q=0.9,sq;q=0.8,hu;q=0.7\",\"accept-encoding\":\"gzip, deflate\",\"accept\":\"text\\/html,application\\/xhtml+xml,application\\/xml;q=0.9,image\\/webp,image\\/apng,*\\/*;q=0.8,application\\/signed-exchange;v=b3;q=0.9\",\"user-agent\":\"Mozilla\\/5.0 (Windows NT 10.0; Win64; x64) AppleWebKit\\/537.36 (KHTML, like Gecko) Chrome\\/83.0.4103.116 Safari\\/537.36\",\"upgrade-insecure-requests\":\"1\",\"cache-control\":\"no-cache\",\"pragma\":\"no-cache\",\"connection\":\"keep-alive\",\"host\":\"learnlaravel.test\",\"content-length\":\"\",\"content-type\":\"\"},\"payload\":[],\"session\":{\"_token\":\"85pebzQgNB7rrxnzdQpCDBk0JX3DIO6gk58rStk0\",\"_previous\":{\"url\":\"http:\\/\\/learnlaravel.test\\/components\\/communication\"},\"_flash\":{\"old\":[],\"new\":[]},\"PHPDEBUGBAR_STACK_DATA\":[]},\"response_status\":200,\"response\":\"HTML Response\",\"duration\":1618,\"memory\":6,\"hostname\":\"homestead\"}, 2020-06-28 07:10:58, ?, request, 90e9907c-6096-4bc4-9436-0379fb0ea897)) at /home/vagrant/LearnLaravel/vendor/laravel/framework/src/Illuminate/Database/Connection.php:669)
[stacktrace]
#0 /home/vagrant/LearnLaravel/vendor/laravel/framework/src/Illuminate/Database/Connection.php(629): Illuminate\\Database\\Connection->runQueryCallback()
#1 /home/vagrant/LearnLaravel/vendor/laravel/framework/src/Illuminate/Database/Connection.php(464): Illuminate\\Database\\Connection->run()
#2 /home/vagrant/LearnLaravel/vendor/laravel/framework/src/Illuminate/Database/Connection.php(416): Illuminate\\Database\\Connection->statement()
#3 /home/vagrant/LearnLaravel/vendor/laravel/framework/src/Illuminate/Database/Query/Builder.php(2651): Illuminate\\Database\\Connection->insert()
#4 /home/vagrant/LearnLaravel/vendor/laravel/telescope/src/Storage/DatabaseEntriesRepository.php(148): Illuminate\\Database\\Query\\Builder->insert()
#5 /home/vagrant/LearnLaravel/vendor/laravel/framework/src/Illuminate/Support/Traits/EnumeratesValues.php(176): Laravel\\Telescope\\Storage\\DatabaseEntriesRepository->Laravel\\Telescope\\Storage\\{closure}()
#6 /home/vagrant/LearnLaravel/vendor/laravel/telescope/src/Storage/DatabaseEntriesRepository.php(149): Illuminate\\Support\\Collection->each()
#7 /home/vagrant/LearnLaravel/vendor/laravel/telescope/src/Telescope.php(567): Laravel\\Telescope\\Storage\\DatabaseEntriesRepository->store()
#8 /home/vagrant/LearnLaravel/vendor/laravel/telescope/src/ListensForStorageOpportunities.php(44): Laravel\\Telescope\\Telescope::store()
#9 [internal function]: Laravel\\Telescope\\Telescope::Laravel\\Telescope\\{closure}()
#10 /home/vagrant/LearnLaravel/vendor/laravel/framework/src/Illuminate/Container/BoundMethod.php(32): call_user_func_array()
#11 /home/vagrant/LearnLaravel/vendor/laravel/framework/src/Illuminate/Container/Util.php(36): Illuminate\\Container\\BoundMethod::Illuminate\\Container\\{closure}()
#12 /home/vagrant/LearnLaravel/vendor/laravel/framework/src/Illuminate/Container/BoundMethod.php(78): Illuminate\\Container\\Util::unwrapIfClosure()
#13 /home/vagrant/LearnLaravel/vendor/laravel/framework/src/Illuminate/Container/BoundMethod.php(34): Illuminate\\Container\\BoundMethod::callBoundMethod()
#14 /home/vagrant/LearnLaravel/vendor/laravel/framework/src/Illuminate/Container/Container.php(590): Illuminate\\Container\\BoundMethod::call()
#15 /home/vagrant/LearnLaravel/vendor/laravel/framework/src/Illuminate/Foundation/Application.php(1067): Illuminate\\Container\\Container->call()
#16 /home/vagrant/LearnLaravel/vendor/laravel/framework/src/Illuminate/Foundation/Http/Kernel.php(185): Illuminate\\Foundation\\Application->terminate()
#17 /home/vagrant/LearnLaravel/public/index.php(60): Illuminate\\Foundation\\Http\\Kernel->terminate()
#18 {main}

[previous exception] [object] (PDOException(code: 42S02): SQLSTATE[42S02]: Base table or view not found: 1146 Table 'learnlaravel.telescope_entries' doesn't exist at /home/vagrant/LearnLaravel/vendor/laravel/framework/src/Illuminate/Database/Connection.php:457)
[stacktrace]
#0 /home/vagrant/LearnLaravel/vendor/laravel/framework/src/Illuminate/Database/Connection.php(457): PDO->prepare()
#1 /home/vagrant/LearnLaravel/vendor/laravel/framework/src/Illuminate/Database/Connection.php(662): Illuminate\\Database\\Connection->Illuminate\\Database\\{closure}()
#2 /home/vagrant/LearnLaravel/vendor/laravel/framework/src/Illuminate/Database/Connection.php(629): Illuminate\\Database\\Connection->runQueryCallback()
#3 /home/vagrant/LearnLaravel/vendor/laravel/framework/src/Illuminate/Database/Connection.php(464): Illuminate\\Database\\Connection->run()
#4 /home/vagrant/LearnLaravel/vendor/laravel/framework/src/Illuminate/Database/Connection.php(416): Illuminate\\Database\\Connection->statement()
#5 /home/vagrant/LearnLaravel/vendor/laravel/framework/src/Illuminate/Database/Query/Builder.php(2651): Illuminate\\Database\\Connection->insert()
#6 /home/vagrant/LearnLaravel/vendor/laravel/telescope/src/Storage/DatabaseEntriesRepository.php(148): Illuminate\\Database\\Query\\Builder->insert()
#7 /home/vagrant/LearnLaravel/vendor/laravel/framework/src/Illuminate/Support/Traits/EnumeratesValues.php(176): Laravel\\Telescope\\Storage\\DatabaseEntriesRepository->Laravel\\Telescope\\Storage\\{closure}()
#8 /home/vagrant/LearnLaravel/vendor/laravel/telescope/src/Storage/DatabaseEntriesRepository.php(149): Illuminate\\Support\\Collection->each()
#9 /home/vagrant/LearnLaravel/vendor/laravel/telescope/src/Telescope.php(567): Laravel\\Telescope\\Storage\\DatabaseEntriesRepository->store()
#10 /home/vagrant/LearnLaravel/vendor/laravel/telescope/src/ListensForStorageOpportunities.php(44): Laravel\\Telescope\\Telescope::store()
#11 [internal function]: Laravel\\Telescope\\Telescope::Laravel\\Telescope\\{closure}()
#12 /home/vagrant/LearnLaravel/vendor/laravel/framework/src/Illuminate/Container/BoundMethod.php(32): call_user_func_array()
#13 /home/vagrant/LearnLaravel/vendor/laravel/framework/src/Illuminate/Container/Util.php(36): Illuminate\\Container\\BoundMethod::Illuminate\\Container\\{closure}()
#14 /home/vagrant/LearnLaravel/vendor/laravel/framework/src/Illuminate/Container/BoundMethod.php(78): Illuminate\\Container\\Util::unwrapIfClosure()
#15 /home/vagrant/LearnLaravel/vendor/laravel/framework/src/Illuminate/Container/BoundMethod.php(34): Illuminate\\Container\\BoundMethod::callBoundMethod()
#16 /home/vagrant/LearnLaravel/vendor/laravel/framework/src/Illuminate/Container/Container.php(590): Illuminate\\Container\\BoundMethod::call()
#17 /home/vagrant/LearnLaravel/vendor/laravel/framework/src/Illuminate/Foundation/Application.php(1067): Illuminate\\Container\\Container->call()
#18 /home/vagrant/LearnLaravel/vendor/laravel/framework/src/Illuminate/Foundation/Http/Kernel.php(185): Illuminate\\Foundation\\Application->terminate()
#19 /home/vagrant/LearnLaravel/public/index.php(60): Illuminate\\Foundation\\Http\\Kernel->terminate()
#20 {main}
"} 
[2020-06-28 07:10:58] local.CRITICAL: Destructed App Service Provider  
[2020-06-28 07:11:01] local.CRITICAL: Destructed App Service Provider  
[2020-06-28 07:11:01] local.CRITICAL: Destructed App Service Provider  
[2020-06-28 07:13:00] local.ERROR: SQLSTATE[42S02]: Base table or view not found: 1146 Table 'learnlaravel.telescope_entries' doesn't exist (SQL: insert into `telescope_entries` (`batch_id`, `content`, `created_at`, `family_hash`, `type`, `uuid`) values (90e99136-fab7-4f66-9d19-b9deb4e06544, {"name":"components.communication","path":"\/resources\/views\/components\/communication.blade.php","data":[],"composers":[{"name":"Closure at \/home\/vagrant\/LearnLaravel\/vendor\/barryvdh\/laravel-debugbar\/src\/LaravelDebugbar.php[211:216]","type":"composer"},{"name":"Closure at \/home\/vagrant\/LearnLaravel\/vendor\/beyondcode\/laravel-view-xray\/src\/Xray.php[15:23]","type":"composer"}],"hostname":"homestead"}, 2020-06-28 07:13:00, ?, view, 90e99136-9cb7-4ee0-8aeb-cef42287fe11), (90e99136-fab7-4f66-9d19-b9deb4e06544, {"name":"layouts.app","path":"\/resources\/views\/layouts\/app.blade.php","data":[],"composers":[{"name":"Closure at \/home\/vagrant\/LearnLaravel\/vendor\/barryvdh\/laravel-debugbar\/src\/LaravelDebugbar.php[211:216]","type":"composer"},{"name":"Closure at \/home\/vagrant\/LearnLaravel\/vendor\/beyondcode\/laravel-view-xray\/src\/Xray.php[15:23]","type":"composer"}],"hostname":"homestead"}, 2020-06-28 07:13:00, ?, view, 90e99136-a535-4ed8-8ed2-4f26a197ba2b), (90e99136-fab7-4f66-9d19-b9deb4e06544, {"name":"xray::xray","path":"\/vendor\/beyondcode\/laravel-view-xray\/src\/..\/resources\/views\/xray.blade.php","data":["routeInformation","viewPath","viewName"],"composers":[{"name":"Closure at \/home\/vagrant\/LearnLaravel\/vendor\/barryvdh\/laravel-debugbar\/src\/LaravelDebugbar.php[211:216]","type":"composer"},{"name":"Closure at \/home\/vagrant\/LearnLaravel\/vendor\/beyondcode\/laravel-view-xray\/src\/Xray.php[15:23]","type":"composer"}],"hostname":"homestead"}, 2020-06-28 07:13:00, ?, view, 90e99136-bdef-45ee-9e9e-0ec8078e6199), (90e99136-fab7-4f66-9d19-b9deb4e06544, {"requestId":"X4e3f5b5ba0fb53ee0d843fd3e0f4b1fc","hostname":"homestead"}, 2020-06-28 07:13:00, ?, debugbar, 90e99136-eac6-47a2-9db1-c1be2961cc7b), (90e99136-fab7-4f66-9d19-b9deb4e06544, {"uri":"\/components\/communication","method":"GET","controller_action":"Closure","middleware":["web"],"headers":{"cookie":"XSRF-TOKEN=eyJpdiI6ImVHYkJrU3lPT1l0R0NuT3JsVFhvWlE9PSIsInZhbHVlIjoicWZkWlR1cXdwMGVzeEZFdXFUaHQrNWlvcHhkTFp1S2crRjVcL3A5YzgrOExQeURyaTBPb01YaGlTaG5LNmdyOXkiLCJtYWMiOiJlNjE1NWRmYTUyYzQ3MGFhODM4NTk5YzQ0MTAxMGQ4Y2MwNmVjMTM1NjZkZTZhMjMyYmZiMGIwNmNlMmU4ZDVkIn0%3D; learnlaravel_session=eyJpdiI6IjRDTlZENkc2V0xcL1hRK2FEQ0w4YTR3PT0iLCJ2YWx1ZSI6IkhDSHE1K0JYbUVuZzlZdVVvTnZxbmN5ZWdKSHh5YlZFM2liK2F0amdqY0tQY0tRclpyWFBOelRuZzBrXC9tc21YIiwibWFjIjoiNjM4ZWQ1NWUxMzc0YWEzM2Y0ZDRjMDhiNmE3YjhjNTI5NjU4MjA3OTQ2ZTJiZDM4MTRmYzRlZTY2ZDFhZmI0YyJ9","accept-language":"en-US,en;q=0.9,sq;q=0.8,hu;q=0.7","accept-encoding":"gzip, deflate","accept":"text\/html,application\/xhtml+xml,application\/xml;q=0.9,image\/webp,image\/apng,*\/*;q=0.8,application\/signed-exchange;v=b3;q=0.9","user-agent":"Mozilla\/5.0 (Windows NT 10.0; Win64; x64) AppleWebKit\/537.36 (KHTML, like Gecko) Chrome\/83.0.4103.116 Safari\/537.36","upgrade-insecure-requests":"1","cache-control":"no-cache","pragma":"no-cache","connection":"keep-alive","host":"learnlaravel.test","content-length":"","content-type":""},"payload":[],"session":{"_token":"85pebzQgNB7rrxnzdQpCDBk0JX3DIO6gk58rStk0","_previous":{"url":"http:\/\/learnlaravel.test\/components\/communication"},"_flash":{"old":[],"new":[]},"PHPDEBUGBAR_STACK_DATA":[]},"response_status":200,"response":"HTML Response","duration":1294,"memory":4,"hostname":"homestead"}, 2020-06-28 07:13:00, ?, request, 90e99136-f153-4a30-a028-978785f61163)) {"exception":"[object] (Illuminate\\Database\\QueryException(code: 42S02): SQLSTATE[42S02]: Base table or view not found: 1146 Table 'learnlaravel.telescope_entries' doesn't exist (SQL: insert into `telescope_entries` (`batch_id`, `content`, `created_at`, `family_hash`, `type`, `uuid`) values (90e99136-fab7-4f66-9d19-b9deb4e06544, {\"name\":\"components.communication\",\"path\":\"\\/resources\\/views\\/components\\/communication.blade.php\",\"data\":[],\"composers\":[{\"name\":\"Closure at \\/home\\/vagrant\\/LearnLaravel\\/vendor\\/barryvdh\\/laravel-debugbar\\/src\\/LaravelDebugbar.php[211:216]\",\"type\":\"composer\"},{\"name\":\"Closure at \\/home\\/vagrant\\/LearnLaravel\\/vendor\\/beyondcode\\/laravel-view-xray\\/src\\/Xray.php[15:23]\",\"type\":\"composer\"}],\"hostname\":\"homestead\"}, 2020-06-28 07:13:00, ?, view, 90e99136-9cb7-4ee0-8aeb-cef42287fe11), (90e99136-fab7-4f66-9d19-b9deb4e06544, {\"name\":\"layouts.app\",\"path\":\"\\/resources\\/views\\/layouts\\/app.blade.php\",\"data\":[],\"composers\":[{\"name\":\"Closure at \\/home\\/vagrant\\/LearnLaravel\\/vendor\\/barryvdh\\/laravel-debugbar\\/src\\/LaravelDebugbar.php[211:216]\",\"type\":\"composer\"},{\"name\":\"Closure at \\/home\\/vagrant\\/LearnLaravel\\/vendor\\/beyondcode\\/laravel-view-xray\\/src\\/Xray.php[15:23]\",\"type\":\"composer\"}],\"hostname\":\"homestead\"}, 2020-06-28 07:13:00, ?, view, 90e99136-a535-4ed8-8ed2-4f26a197ba2b), (90e99136-fab7-4f66-9d19-b9deb4e06544, {\"name\":\"xray::xray\",\"path\":\"\\/vendor\\/beyondcode\\/laravel-view-xray\\/src\\/..\\/resources\\/views\\/xray.blade.php\",\"data\":[\"routeInformation\",\"viewPath\",\"viewName\"],\"composers\":[{\"name\":\"Closure at \\/home\\/vagrant\\/LearnLaravel\\/vendor\\/barryvdh\\/laravel-debugbar\\/src\\/LaravelDebugbar.php[211:216]\",\"type\":\"composer\"},{\"name\":\"Closure at \\/home\\/vagrant\\/LearnLaravel\\/vendor\\/beyondcode\\/laravel-view-xray\\/src\\/Xray.php[15:23]\",\"type\":\"composer\"}],\"hostname\":\"homestead\"}, 2020-06-28 07:13:00, ?, view, 90e99136-bdef-45ee-9e9e-0ec8078e6199), (90e99136-fab7-4f66-9d19-b9deb4e06544, {\"requestId\":\"X4e3f5b5ba0fb53ee0d843fd3e0f4b1fc\",\"hostname\":\"homestead\"}, 2020-06-28 07:13:00, ?, debugbar, 90e99136-eac6-47a2-9db1-c1be2961cc7b), (90e99136-fab7-4f66-9d19-b9deb4e06544, {\"uri\":\"\\/components\\/communication\",\"method\":\"GET\",\"controller_action\":\"Closure\",\"middleware\":[\"web\"],\"headers\":{\"cookie\":\"XSRF-TOKEN=eyJpdiI6ImVHYkJrU3lPT1l0R0NuT3JsVFhvWlE9PSIsInZhbHVlIjoicWZkWlR1cXdwMGVzeEZFdXFUaHQrNWlvcHhkTFp1S2crRjVcL3A5YzgrOExQeURyaTBPb01YaGlTaG5LNmdyOXkiLCJtYWMiOiJlNjE1NWRmYTUyYzQ3MGFhODM4NTk5YzQ0MTAxMGQ4Y2MwNmVjMTM1NjZkZTZhMjMyYmZiMGIwNmNlMmU4ZDVkIn0%3D; learnlaravel_session=eyJpdiI6IjRDTlZENkc2V0xcL1hRK2FEQ0w4YTR3PT0iLCJ2YWx1ZSI6IkhDSHE1K0JYbUVuZzlZdVVvTnZxbmN5ZWdKSHh5YlZFM2liK2F0amdqY0tQY0tRclpyWFBOelRuZzBrXC9tc21YIiwibWFjIjoiNjM4ZWQ1NWUxMzc0YWEzM2Y0ZDRjMDhiNmE3YjhjNTI5NjU4MjA3OTQ2ZTJiZDM4MTRmYzRlZTY2ZDFhZmI0YyJ9\",\"accept-language\":\"en-US,en;q=0.9,sq;q=0.8,hu;q=0.7\",\"accept-encoding\":\"gzip, deflate\",\"accept\":\"text\\/html,application\\/xhtml+xml,application\\/xml;q=0.9,image\\/webp,image\\/apng,*\\/*;q=0.8,application\\/signed-exchange;v=b3;q=0.9\",\"user-agent\":\"Mozilla\\/5.0 (Windows NT 10.0; Win64; x64) AppleWebKit\\/537.36 (KHTML, like Gecko) Chrome\\/83.0.4103.116 Safari\\/537.36\",\"upgrade-insecure-requests\":\"1\",\"cache-control\":\"no-cache\",\"pragma\":\"no-cache\",\"connection\":\"keep-alive\",\"host\":\"learnlaravel.test\",\"content-length\":\"\",\"content-type\":\"\"},\"payload\":[],\"session\":{\"_token\":\"85pebzQgNB7rrxnzdQpCDBk0JX3DIO6gk58rStk0\",\"_previous\":{\"url\":\"http:\\/\\/learnlaravel.test\\/components\\/communication\"},\"_flash\":{\"old\":[],\"new\":[]},\"PHPDEBUGBAR_STACK_DATA\":[]},\"response_status\":200,\"response\":\"HTML Response\",\"duration\":1294,\"memory\":4,\"hostname\":\"homestead\"}, 2020-06-28 07:13:00, ?, request, 90e99136-f153-4a30-a028-978785f61163)) at /home/vagrant/LearnLaravel/vendor/laravel/framework/src/Illuminate/Database/Connection.php:669)
[stacktrace]
#0 /home/vagrant/LearnLaravel/vendor/laravel/framework/src/Illuminate/Database/Connection.php(629): Illuminate\\Database\\Connection->runQueryCallback()
#1 /home/vagrant/LearnLaravel/vendor/laravel/framework/src/Illuminate/Database/Connection.php(464): Illuminate\\Database\\Connection->run()
#2 /home/vagrant/LearnLaravel/vendor/laravel/framework/src/Illuminate/Database/Connection.php(416): Illuminate\\Database\\Connection->statement()
#3 /home/vagrant/LearnLaravel/vendor/laravel/framework/src/Illuminate/Database/Query/Builder.php(2651): Illuminate\\Database\\Connection->insert()
#4 /home/vagrant/LearnLaravel/vendor/laravel/telescope/src/Storage/DatabaseEntriesRepository.php(148): Illuminate\\Database\\Query\\Builder->insert()
#5 /home/vagrant/LearnLaravel/vendor/laravel/framework/src/Illuminate/Support/Traits/EnumeratesValues.php(176): Laravel\\Telescope\\Storage\\DatabaseEntriesRepository->Laravel\\Telescope\\Storage\\{closure}()
#6 /home/vagrant/LearnLaravel/vendor/laravel/telescope/src/Storage/DatabaseEntriesRepository.php(149): Illuminate\\Support\\Collection->each()
#7 /home/vagrant/LearnLaravel/vendor/laravel/telescope/src/Telescope.php(567): Laravel\\Telescope\\Storage\\DatabaseEntriesRepository->store()
#8 /home/vagrant/LearnLaravel/vendor/laravel/telescope/src/ListensForStorageOpportunities.php(44): Laravel\\Telescope\\Telescope::store()
#9 [internal function]: Laravel\\Telescope\\Telescope::Laravel\\Telescope\\{closure}()
#10 /home/vagrant/LearnLaravel/vendor/laravel/framework/src/Illuminate/Container/BoundMethod.php(32): call_user_func_array()
#11 /home/vagrant/LearnLaravel/vendor/laravel/framework/src/Illuminate/Container/Util.php(36): Illuminate\\Container\\BoundMethod::Illuminate\\Container\\{closure}()
#12 /home/vagrant/LearnLaravel/vendor/laravel/framework/src/Illuminate/Container/BoundMethod.php(78): Illuminate\\Container\\Util::unwrapIfClosure()
#13 /home/vagrant/LearnLaravel/vendor/laravel/framework/src/Illuminate/Container/BoundMethod.php(34): Illuminate\\Container\\BoundMethod::callBoundMethod()
#14 /home/vagrant/LearnLaravel/vendor/laravel/framework/src/Illuminate/Container/Container.php(590): Illuminate\\Container\\BoundMethod::call()
#15 /home/vagrant/LearnLaravel/vendor/laravel/framework/src/Illuminate/Foundation/Application.php(1067): Illuminate\\Container\\Container->call()
#16 /home/vagrant/LearnLaravel/vendor/laravel/framework/src/Illuminate/Foundation/Http/Kernel.php(185): Illuminate\\Foundation\\Application->terminate()
#17 /home/vagrant/LearnLaravel/public/index.php(60): Illuminate\\Foundation\\Http\\Kernel->terminate()
#18 {main}

[previous exception] [object] (PDOException(code: 42S02): SQLSTATE[42S02]: Base table or view not found: 1146 Table 'learnlaravel.telescope_entries' doesn't exist at /home/vagrant/LearnLaravel/vendor/laravel/framework/src/Illuminate/Database/Connection.php:457)
[stacktrace]
#0 /home/vagrant/LearnLaravel/vendor/laravel/framework/src/Illuminate/Database/Connection.php(457): PDO->prepare()
#1 /home/vagrant/LearnLaravel/vendor/laravel/framework/src/Illuminate/Database/Connection.php(662): Illuminate\\Database\\Connection->Illuminate\\Database\\{closure}()
#2 /home/vagrant/LearnLaravel/vendor/laravel/framework/src/Illuminate/Database/Connection.php(629): Illuminate\\Database\\Connection->runQueryCallback()
#3 /home/vagrant/LearnLaravel/vendor/laravel/framework/src/Illuminate/Database/Connection.php(464): Illuminate\\Database\\Connection->run()
#4 /home/vagrant/LearnLaravel/vendor/laravel/framework/src/Illuminate/Database/Connection.php(416): Illuminate\\Database\\Connection->statement()
#5 /home/vagrant/LearnLaravel/vendor/laravel/framework/src/Illuminate/Database/Query/Builder.php(2651): Illuminate\\Database\\Connection->insert()
#6 /home/vagrant/LearnLaravel/vendor/laravel/telescope/src/Storage/DatabaseEntriesRepository.php(148): Illuminate\\Database\\Query\\Builder->insert()
#7 /home/vagrant/LearnLaravel/vendor/laravel/framework/src/Illuminate/Support/Traits/EnumeratesValues.php(176): Laravel\\Telescope\\Storage\\DatabaseEntriesRepository->Laravel\\Telescope\\Storage\\{closure}()
#8 /home/vagrant/LearnLaravel/vendor/laravel/telescope/src/Storage/DatabaseEntriesRepository.php(149): Illuminate\\Support\\Collection->each()
#9 /home/vagrant/LearnLaravel/vendor/laravel/telescope/src/Telescope.php(567): Laravel\\Telescope\\Storage\\DatabaseEntriesRepository->store()
#10 /home/vagrant/LearnLaravel/vendor/laravel/telescope/src/ListensForStorageOpportunities.php(44): Laravel\\Telescope\\Telescope::store()
#11 [internal function]: Laravel\\Telescope\\Telescope::Laravel\\Telescope\\{closure}()
#12 /home/vagrant/LearnLaravel/vendor/laravel/framework/src/Illuminate/Container/BoundMethod.php(32): call_user_func_array()
#13 /home/vagrant/LearnLaravel/vendor/laravel/framework/src/Illuminate/Container/Util.php(36): Illuminate\\Container\\BoundMethod::Illuminate\\Container\\{closure}()
#14 /home/vagrant/LearnLaravel/vendor/laravel/framework/src/Illuminate/Container/BoundMethod.php(78): Illuminate\\Container\\Util::unwrapIfClosure()
#15 /home/vagrant/LearnLaravel/vendor/laravel/framework/src/Illuminate/Container/BoundMethod.php(34): Illuminate\\Container\\BoundMethod::callBoundMethod()
#16 /home/vagrant/LearnLaravel/vendor/laravel/framework/src/Illuminate/Container/Container.php(590): Illuminate\\Container\\BoundMethod::call()
#17 /home/vagrant/LearnLaravel/vendor/laravel/framework/src/Illuminate/Foundation/Application.php(1067): Illuminate\\Container\\Container->call()
#18 /home/vagrant/LearnLaravel/vendor/laravel/framework/src/Illuminate/Foundation/Http/Kernel.php(185): Illuminate\\Foundation\\Application->terminate()
#19 /home/vagrant/LearnLaravel/public/index.php(60): Illuminate\\Foundation\\Http\\Kernel->terminate()
#20 {main}
"} 
[2020-06-28 07:13:00] local.CRITICAL: Destructed App Service Provider  
[2020-06-28 07:13:02] local.CRITICAL: Destructed App Service Provider  
[2020-06-28 07:13:02] local.CRITICAL: Destructed App Service Provider  
[2020-06-28 07:13:56] local.ERROR: SQLSTATE[42S02]: Base table or view not found: 1146 Table 'learnlaravel.telescope_entries' doesn't exist (SQL: insert into `telescope_entries` (`batch_id`, `content`, `created_at`, `family_hash`, `type`, `uuid`) values (90e9918c-751c-4613-8765-6249c682ece3, {"name":"components.communication","path":"\/resources\/views\/components\/communication.blade.php","data":[],"composers":[{"name":"Closure at \/home\/vagrant\/LearnLaravel\/vendor\/barryvdh\/laravel-debugbar\/src\/LaravelDebugbar.php[211:216]","type":"composer"},{"name":"Closure at \/home\/vagrant\/LearnLaravel\/vendor\/beyondcode\/laravel-view-xray\/src\/Xray.php[15:23]","type":"composer"}],"hostname":"homestead"}, 2020-06-28 07:13:56, ?, view, 90e9918c-1bb0-4908-85b5-85ea40aee5a4), (90e9918c-751c-4613-8765-6249c682ece3, {"name":"layouts.app","path":"\/resources\/views\/layouts\/app.blade.php","data":[],"composers":[{"name":"Closure at \/home\/vagrant\/LearnLaravel\/vendor\/barryvdh\/laravel-debugbar\/src\/LaravelDebugbar.php[211:216]","type":"composer"},{"name":"Closure at \/home\/vagrant\/LearnLaravel\/vendor\/beyondcode\/laravel-view-xray\/src\/Xray.php[15:23]","type":"composer"}],"hostname":"homestead"}, 2020-06-28 07:13:56, ?, view, 90e9918c-23c1-43fe-a22c-f5a280a32b75), (90e9918c-751c-4613-8765-6249c682ece3, {"name":"xray::xray","path":"\/vendor\/beyondcode\/laravel-view-xray\/src\/..\/resources\/views\/xray.blade.php","data":["routeInformation","viewPath","viewName"],"composers":[{"name":"Closure at \/home\/vagrant\/LearnLaravel\/vendor\/barryvdh\/laravel-debugbar\/src\/LaravelDebugbar.php[211:216]","type":"composer"},{"name":"Closure at \/home\/vagrant\/LearnLaravel\/vendor\/beyondcode\/laravel-view-xray\/src\/Xray.php[15:23]","type":"composer"}],"hostname":"homestead"}, 2020-06-28 07:13:56, ?, view, 90e9918c-3ec9-4ccc-a69e-39f58d838df9), (90e9918c-751c-4613-8765-6249c682ece3, {"requestId":"Xfe71a61775541c93ef5be702e39a3dcd","hostname":"homestead"}, 2020-06-28 07:13:56, ?, debugbar, 90e9918c-6837-4877-aa11-428697fdb3f0), (90e9918c-751c-4613-8765-6249c682ece3, {"uri":"\/components\/communication","method":"GET","controller_action":"Closure","middleware":["web"],"headers":{"cookie":"XSRF-TOKEN=eyJpdiI6ImNOekxtc2JaVHlNdXFGN3lYbHd2bkE9PSIsInZhbHVlIjoiM1pYR3FjS2dwSUVJN0haQlR1YU54T3AzWGdjbVhpZHJXRkpyYWZCZWZucTVPeEtKcWVibWRPdk16YW85eWZrNSIsIm1hYyI6IjgzMmFiNjYxZTU0ZDJhNTJmNTQwYTU5NjM5YjVhYjgxYzM0MGExOGQ4ZTlmMmJjMzMwNzBiMmJhNjBiN2IyZDMifQ%3D%3D; learnlaravel_session=eyJpdiI6ImtqNERTVERBQm1NU2pOVEJQVkRXY1E9PSIsInZhbHVlIjoiM1wvVXVNdXdwM054ZmsxTTRqanFFeGlXMFNqdGpEdk5IQXhobXN1M1dUQkZKeGdTOHFRR3JRWkxTUWIrNXNsQTMiLCJtYWMiOiJjZDI0NjY2MDQ1YmEyM2ZiMzgzM2M5ZWMwNTcyYTE3ZGFkN2ZjNDdmMWRlZDU0NmJlMjEwMjI1ZDI5NzI1MjU0In0%3D","accept-language":"en-US,en;q=0.9,sq;q=0.8,hu;q=0.7","accept-encoding":"gzip, deflate","accept":"text\/html,application\/xhtml+xml,application\/xml;q=0.9,image\/webp,image\/apng,*\/*;q=0.8,application\/signed-exchange;v=b3;q=0.9","user-agent":"Mozilla\/5.0 (Windows NT 10.0; Win64; x64) AppleWebKit\/537.36 (KHTML, like Gecko) Chrome\/83.0.4103.116 Safari\/537.36","upgrade-insecure-requests":"1","cache-control":"no-cache","pragma":"no-cache","connection":"keep-alive","host":"learnlaravel.test","content-length":"","content-type":""},"payload":[],"session":{"_token":"85pebzQgNB7rrxnzdQpCDBk0JX3DIO6gk58rStk0","_previous":{"url":"http:\/\/learnlaravel.test\/components\/communication"},"_flash":{"old":[],"new":[]},"PHPDEBUGBAR_STACK_DATA":[]},"response_status":200,"response":"HTML Response","duration":1136,"memory":4,"hostname":"homestead"}, 2020-06-28 07:13:56, ?, request, 90e9918c-6d5e-4a5f-95c3-02d46172eb24)) {"exception":"[object] (Illuminate\\Database\\QueryException(code: 42S02): SQLSTATE[42S02]: Base table or view not found: 1146 Table 'learnlaravel.telescope_entries' doesn't exist (SQL: insert into `telescope_entries` (`batch_id`, `content`, `created_at`, `family_hash`, `type`, `uuid`) values (90e9918c-751c-4613-8765-6249c682ece3, {\"name\":\"components.communication\",\"path\":\"\\/resources\\/views\\/components\\/communication.blade.php\",\"data\":[],\"composers\":[{\"name\":\"Closure at \\/home\\/vagrant\\/LearnLaravel\\/vendor\\/barryvdh\\/laravel-debugbar\\/src\\/LaravelDebugbar.php[211:216]\",\"type\":\"composer\"},{\"name\":\"Closure at \\/home\\/vagrant\\/LearnLaravel\\/vendor\\/beyondcode\\/laravel-view-xray\\/src\\/Xray.php[15:23]\",\"type\":\"composer\"}],\"hostname\":\"homestead\"}, 2020-06-28 07:13:56, ?, view, 90e9918c-1bb0-4908-85b5-85ea40aee5a4), (90e9918c-751c-4613-8765-6249c682ece3, {\"name\":\"layouts.app\",\"path\":\"\\/resources\\/views\\/layouts\\/app.blade.php\",\"data\":[],\"composers\":[{\"name\":\"Closure at \\/home\\/vagrant\\/LearnLaravel\\/vendor\\/barryvdh\\/laravel-debugbar\\/src\\/LaravelDebugbar.php[211:216]\",\"type\":\"composer\"},{\"name\":\"Closure at \\/home\\/vagrant\\/LearnLaravel\\/vendor\\/beyondcode\\/laravel-view-xray\\/src\\/Xray.php[15:23]\",\"type\":\"composer\"}],\"hostname\":\"homestead\"}, 2020-06-28 07:13:56, ?, view, 90e9918c-23c1-43fe-a22c-f5a280a32b75), (90e9918c-751c-4613-8765-6249c682ece3, {\"name\":\"xray::xray\",\"path\":\"\\/vendor\\/beyondcode\\/laravel-view-xray\\/src\\/..\\/resources\\/views\\/xray.blade.php\",\"data\":[\"routeInformation\",\"viewPath\",\"viewName\"],\"composers\":[{\"name\":\"Closure at \\/home\\/vagrant\\/LearnLaravel\\/vendor\\/barryvdh\\/laravel-debugbar\\/src\\/LaravelDebugbar.php[211:216]\",\"type\":\"composer\"},{\"name\":\"Closure at \\/home\\/vagrant\\/LearnLaravel\\/vendor\\/beyondcode\\/laravel-view-xray\\/src\\/Xray.php[15:23]\",\"type\":\"composer\"}],\"hostname\":\"homestead\"}, 2020-06-28 07:13:56, ?, view, 90e9918c-3ec9-4ccc-a69e-39f58d838df9), (90e9918c-751c-4613-8765-6249c682ece3, {\"requestId\":\"Xfe71a61775541c93ef5be702e39a3dcd\",\"hostname\":\"homestead\"}, 2020-06-28 07:13:56, ?, debugbar, 90e9918c-6837-4877-aa11-428697fdb3f0), (90e9918c-751c-4613-8765-6249c682ece3, {\"uri\":\"\\/components\\/communication\",\"method\":\"GET\",\"controller_action\":\"Closure\",\"middleware\":[\"web\"],\"headers\":{\"cookie\":\"XSRF-TOKEN=eyJpdiI6ImNOekxtc2JaVHlNdXFGN3lYbHd2bkE9PSIsInZhbHVlIjoiM1pYR3FjS2dwSUVJN0haQlR1YU54T3AzWGdjbVhpZHJXRkpyYWZCZWZucTVPeEtKcWVibWRPdk16YW85eWZrNSIsIm1hYyI6IjgzMmFiNjYxZTU0ZDJhNTJmNTQwYTU5NjM5YjVhYjgxYzM0MGExOGQ4ZTlmMmJjMzMwNzBiMmJhNjBiN2IyZDMifQ%3D%3D; learnlaravel_session=eyJpdiI6ImtqNERTVERBQm1NU2pOVEJQVkRXY1E9PSIsInZhbHVlIjoiM1wvVXVNdXdwM054ZmsxTTRqanFFeGlXMFNqdGpEdk5IQXhobXN1M1dUQkZKeGdTOHFRR3JRWkxTUWIrNXNsQTMiLCJtYWMiOiJjZDI0NjY2MDQ1YmEyM2ZiMzgzM2M5ZWMwNTcyYTE3ZGFkN2ZjNDdmMWRlZDU0NmJlMjEwMjI1ZDI5NzI1MjU0In0%3D\",\"accept-language\":\"en-US,en;q=0.9,sq;q=0.8,hu;q=0.7\",\"accept-encoding\":\"gzip, deflate\",\"accept\":\"text\\/html,application\\/xhtml+xml,application\\/xml;q=0.9,image\\/webp,image\\/apng,*\\/*;q=0.8,application\\/signed-exchange;v=b3;q=0.9\",\"user-agent\":\"Mozilla\\/5.0 (Windows NT 10.0; Win64; x64) AppleWebKit\\/537.36 (KHTML, like Gecko) Chrome\\/83.0.4103.116 Safari\\/537.36\",\"upgrade-insecure-requests\":\"1\",\"cache-control\":\"no-cache\",\"pragma\":\"no-cache\",\"connection\":\"keep-alive\",\"host\":\"learnlaravel.test\",\"content-length\":\"\",\"content-type\":\"\"},\"payload\":[],\"session\":{\"_token\":\"85pebzQgNB7rrxnzdQpCDBk0JX3DIO6gk58rStk0\",\"_previous\":{\"url\":\"http:\\/\\/learnlaravel.test\\/components\\/communication\"},\"_flash\":{\"old\":[],\"new\":[]},\"PHPDEBUGBAR_STACK_DATA\":[]},\"response_status\":200,\"response\":\"HTML Response\",\"duration\":1136,\"memory\":4,\"hostname\":\"homestead\"}, 2020-06-28 07:13:56, ?, request, 90e9918c-6d5e-4a5f-95c3-02d46172eb24)) at /home/vagrant/LearnLaravel/vendor/laravel/framework/src/Illuminate/Database/Connection.php:669)
[stacktrace]
#0 /home/vagrant/LearnLaravel/vendor/laravel/framework/src/Illuminate/Database/Connection.php(629): Illuminate\\Database\\Connection->runQueryCallback()
#1 /home/vagrant/LearnLaravel/vendor/laravel/framework/src/Illuminate/Database/Connection.php(464): Illuminate\\Database\\Connection->run()
#2 /home/vagrant/LearnLaravel/vendor/laravel/framework/src/Illuminate/Database/Connection.php(416): Illuminate\\Database\\Connection->statement()
#3 /home/vagrant/LearnLaravel/vendor/laravel/framework/src/Illuminate/Database/Query/Builder.php(2651): Illuminate\\Database\\Connection->insert()
#4 /home/vagrant/LearnLaravel/vendor/laravel/telescope/src/Storage/DatabaseEntriesRepository.php(148): Illuminate\\Database\\Query\\Builder->insert()
#5 /home/vagrant/LearnLaravel/vendor/laravel/framework/src/Illuminate/Support/Traits/EnumeratesValues.php(176): Laravel\\Telescope\\Storage\\DatabaseEntriesRepository->Laravel\\Telescope\\Storage\\{closure}()
#6 /home/vagrant/LearnLaravel/vendor/laravel/telescope/src/Storage/DatabaseEntriesRepository.php(149): Illuminate\\Support\\Collection->each()
#7 /home/vagrant/LearnLaravel/vendor/laravel/telescope/src/Telescope.php(567): Laravel\\Telescope\\Storage\\DatabaseEntriesRepository->store()
#8 /home/vagrant/LearnLaravel/vendor/laravel/telescope/src/ListensForStorageOpportunities.php(44): Laravel\\Telescope\\Telescope::store()
#9 [internal function]: Laravel\\Telescope\\Telescope::Laravel\\Telescope\\{closure}()
#10 /home/vagrant/LearnLaravel/vendor/laravel/framework/src/Illuminate/Container/BoundMethod.php(32): call_user_func_array()
#11 /home/vagrant/LearnLaravel/vendor/laravel/framework/src/Illuminate/Container/Util.php(36): Illuminate\\Container\\BoundMethod::Illuminate\\Container\\{closure}()
#12 /home/vagrant/LearnLaravel/vendor/laravel/framework/src/Illuminate/Container/BoundMethod.php(78): Illuminate\\Container\\Util::unwrapIfClosure()
#13 /home/vagrant/LearnLaravel/vendor/laravel/framework/src/Illuminate/Container/BoundMethod.php(34): Illuminate\\Container\\BoundMethod::callBoundMethod()
#14 /home/vagrant/LearnLaravel/vendor/laravel/framework/src/Illuminate/Container/Container.php(590): Illuminate\\Container\\BoundMethod::call()
#15 /home/vagrant/LearnLaravel/vendor/laravel/framework/src/Illuminate/Foundation/Application.php(1067): Illuminate\\Container\\Container->call()
#16 /home/vagrant/LearnLaravel/vendor/laravel/framework/src/Illuminate/Foundation/Http/Kernel.php(185): Illuminate\\Foundation\\Application->terminate()
#17 /home/vagrant/LearnLaravel/public/index.php(60): Illuminate\\Foundation\\Http\\Kernel->terminate()
#18 {main}

[previous exception] [object] (PDOException(code: 42S02): SQLSTATE[42S02]: Base table or view not found: 1146 Table 'learnlaravel.telescope_entries' doesn't exist at /home/vagrant/LearnLaravel/vendor/laravel/framework/src/Illuminate/Database/Connection.php:457)
[stacktrace]
#0 /home/vagrant/LearnLaravel/vendor/laravel/framework/src/Illuminate/Database/Connection.php(457): PDO->prepare()
#1 /home/vagrant/LearnLaravel/vendor/laravel/framework/src/Illuminate/Database/Connection.php(662): Illuminate\\Database\\Connection->Illuminate\\Database\\{closure}()
#2 /home/vagrant/LearnLaravel/vendor/laravel/framework/src/Illuminate/Database/Connection.php(629): Illuminate\\Database\\Connection->runQueryCallback()
#3 /home/vagrant/LearnLaravel/vendor/laravel/framework/src/Illuminate/Database/Connection.php(464): Illuminate\\Database\\Connection->run()
#4 /home/vagrant/LearnLaravel/vendor/laravel/framework/src/Illuminate/Database/Connection.php(416): Illuminate\\Database\\Connection->statement()
#5 /home/vagrant/LearnLaravel/vendor/laravel/framework/src/Illuminate/Database/Query/Builder.php(2651): Illuminate\\Database\\Connection->insert()
#6 /home/vagrant/LearnLaravel/vendor/laravel/telescope/src/Storage/DatabaseEntriesRepository.php(148): Illuminate\\Database\\Query\\Builder->insert()
#7 /home/vagrant/LearnLaravel/vendor/laravel/framework/src/Illuminate/Support/Traits/EnumeratesValues.php(176): Laravel\\Telescope\\Storage\\DatabaseEntriesRepository->Laravel\\Telescope\\Storage\\{closure}()
#8 /home/vagrant/LearnLaravel/vendor/laravel/telescope/src/Storage/DatabaseEntriesRepository.php(149): Illuminate\\Support\\Collection->each()
#9 /home/vagrant/LearnLaravel/vendor/laravel/telescope/src/Telescope.php(567): Laravel\\Telescope\\Storage\\DatabaseEntriesRepository->store()
#10 /home/vagrant/LearnLaravel/vendor/laravel/telescope/src/ListensForStorageOpportunities.php(44): Laravel\\Telescope\\Telescope::store()
#11 [internal function]: Laravel\\Telescope\\Telescope::Laravel\\Telescope\\{closure}()
#12 /home/vagrant/LearnLaravel/vendor/laravel/framework/src/Illuminate/Container/BoundMethod.php(32): call_user_func_array()
#13 /home/vagrant/LearnLaravel/vendor/laravel/framework/src/Illuminate/Container/Util.php(36): Illuminate\\Container\\BoundMethod::Illuminate\\Container\\{closure}()
#14 /home/vagrant/LearnLaravel/vendor/laravel/framework/src/Illuminate/Container/BoundMethod.php(78): Illuminate\\Container\\Util::unwrapIfClosure()
#15 /home/vagrant/LearnLaravel/vendor/laravel/framework/src/Illuminate/Container/BoundMethod.php(34): Illuminate\\Container\\BoundMethod::callBoundMethod()
#16 /home/vagrant/LearnLaravel/vendor/laravel/framework/src/Illuminate/Container/Container.php(590): Illuminate\\Container\\BoundMethod::call()
#17 /home/vagrant/LearnLaravel/vendor/laravel/framework/src/Illuminate/Foundation/Application.php(1067): Illuminate\\Container\\Container->call()
#18 /home/vagrant/LearnLaravel/vendor/laravel/framework/src/Illuminate/Foundation/Http/Kernel.php(185): Illuminate\\Foundation\\Application->terminate()
#19 /home/vagrant/LearnLaravel/public/index.php(60): Illuminate\\Foundation\\Http\\Kernel->terminate()
#20 {main}
"} 
[2020-06-28 07:13:56] local.CRITICAL: Destructed App Service Provider  
[2020-06-28 07:13:58] local.CRITICAL: Destructed App Service Provider  
[2020-06-28 07:13:58] local.CRITICAL: Destructed App Service Provider  
[2020-06-28 07:17:59] local.ERROR: SQLSTATE[42S02]: Base table or view not found: 1146 Table 'learnlaravel.telescope_entries' doesn't exist (SQL: insert into `telescope_entries` (`batch_id`, `content`, `created_at`, `family_hash`, `type`, `uuid`) values (90e992fe-32b2-42c1-94ad-846f557266cf, {"name":"components.communication","path":"\/resources\/views\/components\/communication.blade.php","data":[],"composers":[{"name":"Closure at \/home\/vagrant\/LearnLaravel\/vendor\/barryvdh\/laravel-debugbar\/src\/LaravelDebugbar.php[211:216]","type":"composer"},{"name":"Closure at \/home\/vagrant\/LearnLaravel\/vendor\/beyondcode\/laravel-view-xray\/src\/Xray.php[15:23]","type":"composer"}],"hostname":"homestead"}, 2020-06-28 07:17:58, ?, view, 90e992fd-d567-4851-91aa-a141d9b74ccf), (90e992fe-32b2-42c1-94ad-846f557266cf, {"name":"layouts.app","path":"\/resources\/views\/layouts\/app.blade.php","data":[],"composers":[{"name":"Closure at \/home\/vagrant\/LearnLaravel\/vendor\/barryvdh\/laravel-debugbar\/src\/LaravelDebugbar.php[211:216]","type":"composer"},{"name":"Closure at \/home\/vagrant\/LearnLaravel\/vendor\/beyondcode\/laravel-view-xray\/src\/Xray.php[15:23]","type":"composer"}],"hostname":"homestead"}, 2020-06-28 07:17:58, ?, view, 90e992fd-dd81-4820-b50e-939c0a78c2f1), (90e992fe-32b2-42c1-94ad-846f557266cf, {"name":"xray::xray","path":"\/vendor\/beyondcode\/laravel-view-xray\/src\/..\/resources\/views\/xray.blade.php","data":["routeInformation","viewPath","viewName"],"composers":[{"name":"Closure at \/home\/vagrant\/LearnLaravel\/vendor\/barryvdh\/laravel-debugbar\/src\/LaravelDebugbar.php[211:216]","type":"composer"},{"name":"Closure at \/home\/vagrant\/LearnLaravel\/vendor\/beyondcode\/laravel-view-xray\/src\/Xray.php[15:23]","type":"composer"}],"hostname":"homestead"}, 2020-06-28 07:17:58, ?, view, 90e992fd-f576-4dc4-84db-c11f428580ef), (90e992fe-32b2-42c1-94ad-846f557266cf, {"requestId":"Xeb69eb52e3079ab75d51006b91c790af","hostname":"homestead"}, 2020-06-28 07:17:59, ?, debugbar, 90e992fe-21cc-4d89-9787-5ec3df823454), (90e992fe-32b2-42c1-94ad-846f557266cf, {"uri":"\/components\/communication","method":"GET","controller_action":"Closure","middleware":["web"],"headers":{"cookie":"XSRF-TOKEN=eyJpdiI6IlM5emJ2SldZVVNhRDhqQnhcL204K1F3PT0iLCJ2YWx1ZSI6IkVzZW05TDhlZUVCcGZuaFllWVdnVkRDc0FPdk5JZnh3T3hcL3F2ZVhsQkllY1F3dFwva2R4cVpTb2pqR2RSWHQzNSIsIm1hYyI6ImIxZTE1ZjJiODkyYzMzZDRhZmY2ODJkMGU2Y2YzMzRkN2U4Y2JhMGI2NmI5YTdjNjAzNWJkMzNjN2QyZTgyYWYifQ%3D%3D; learnlaravel_session=eyJpdiI6Im9ycWVBNVlnMmNlMEthMXlhc21tOXc9PSIsInZhbHVlIjoiWG92YW52WXMrck1VQjNTaGQzbTVkSUFQbGVmS0pXclNjeDE2VTUwckM0Z3JSMFJRQmVMZ29XeE5XbnlsbG5IMSIsIm1hYyI6IjhlMDhkMGQxZmJjYzFjMjc4NmFmNzdkY2QyNDIzZmYwYmVkMjFlZGE3Zjg1YzJjYTFhZDE3YWZhZDRkMWJhOGQifQ%3D%3D","accept-language":"en-US,en;q=0.9,sq;q=0.8,hu;q=0.7","accept-encoding":"gzip, deflate","accept":"text\/html,application\/xhtml+xml,application\/xml;q=0.9,image\/webp,image\/apng,*\/*;q=0.8,application\/signed-exchange;v=b3;q=0.9","user-agent":"Mozilla\/5.0 (Windows NT 10.0; Win64; x64) AppleWebKit\/537.36 (KHTML, like Gecko) Chrome\/83.0.4103.116 Safari\/537.36","upgrade-insecure-requests":"1","cache-control":"no-cache","pragma":"no-cache","connection":"keep-alive","host":"learnlaravel.test","content-length":"","content-type":""},"payload":[],"session":{"_token":"85pebzQgNB7rrxnzdQpCDBk0JX3DIO6gk58rStk0","_previous":{"url":"http:\/\/learnlaravel.test\/components\/communication"},"_flash":{"old":[],"new":[]},"PHPDEBUGBAR_STACK_DATA":[]},"response_status":200,"response":"HTML Response","duration":1310,"memory":6,"hostname":"homestead"}, 2020-06-28 07:17:59, ?, request, 90e992fe-271c-4668-b032-04795d9fed19)) {"exception":"[object] (Illuminate\\Database\\QueryException(code: 42S02): SQLSTATE[42S02]: Base table or view not found: 1146 Table 'learnlaravel.telescope_entries' doesn't exist (SQL: insert into `telescope_entries` (`batch_id`, `content`, `created_at`, `family_hash`, `type`, `uuid`) values (90e992fe-32b2-42c1-94ad-846f557266cf, {\"name\":\"components.communication\",\"path\":\"\\/resources\\/views\\/components\\/communication.blade.php\",\"data\":[],\"composers\":[{\"name\":\"Closure at \\/home\\/vagrant\\/LearnLaravel\\/vendor\\/barryvdh\\/laravel-debugbar\\/src\\/LaravelDebugbar.php[211:216]\",\"type\":\"composer\"},{\"name\":\"Closure at \\/home\\/vagrant\\/LearnLaravel\\/vendor\\/beyondcode\\/laravel-view-xray\\/src\\/Xray.php[15:23]\",\"type\":\"composer\"}],\"hostname\":\"homestead\"}, 2020-06-28 07:17:58, ?, view, 90e992fd-d567-4851-91aa-a141d9b74ccf), (90e992fe-32b2-42c1-94ad-846f557266cf, {\"name\":\"layouts.app\",\"path\":\"\\/resources\\/views\\/layouts\\/app.blade.php\",\"data\":[],\"composers\":[{\"name\":\"Closure at \\/home\\/vagrant\\/LearnLaravel\\/vendor\\/barryvdh\\/laravel-debugbar\\/src\\/LaravelDebugbar.php[211:216]\",\"type\":\"composer\"},{\"name\":\"Closure at \\/home\\/vagrant\\/LearnLaravel\\/vendor\\/beyondcode\\/laravel-view-xray\\/src\\/Xray.php[15:23]\",\"type\":\"composer\"}],\"hostname\":\"homestead\"}, 2020-06-28 07:17:58, ?, view, 90e992fd-dd81-4820-b50e-939c0a78c2f1), (90e992fe-32b2-42c1-94ad-846f557266cf, {\"name\":\"xray::xray\",\"path\":\"\\/vendor\\/beyondcode\\/laravel-view-xray\\/src\\/..\\/resources\\/views\\/xray.blade.php\",\"data\":[\"routeInformation\",\"viewPath\",\"viewName\"],\"composers\":[{\"name\":\"Closure at \\/home\\/vagrant\\/LearnLaravel\\/vendor\\/barryvdh\\/laravel-debugbar\\/src\\/LaravelDebugbar.php[211:216]\",\"type\":\"composer\"},{\"name\":\"Closure at \\/home\\/vagrant\\/LearnLaravel\\/vendor\\/beyondcode\\/laravel-view-xray\\/src\\/Xray.php[15:23]\",\"type\":\"composer\"}],\"hostname\":\"homestead\"}, 2020-06-28 07:17:58, ?, view, 90e992fd-f576-4dc4-84db-c11f428580ef), (90e992fe-32b2-42c1-94ad-846f557266cf, {\"requestId\":\"Xeb69eb52e3079ab75d51006b91c790af\",\"hostname\":\"homestead\"}, 2020-06-28 07:17:59, ?, debugbar, 90e992fe-21cc-4d89-9787-5ec3df823454), (90e992fe-32b2-42c1-94ad-846f557266cf, {\"uri\":\"\\/components\\/communication\",\"method\":\"GET\",\"controller_action\":\"Closure\",\"middleware\":[\"web\"],\"headers\":{\"cookie\":\"XSRF-TOKEN=eyJpdiI6IlM5emJ2SldZVVNhRDhqQnhcL204K1F3PT0iLCJ2YWx1ZSI6IkVzZW05TDhlZUVCcGZuaFllWVdnVkRDc0FPdk5JZnh3T3hcL3F2ZVhsQkllY1F3dFwva2R4cVpTb2pqR2RSWHQzNSIsIm1hYyI6ImIxZTE1ZjJiODkyYzMzZDRhZmY2ODJkMGU2Y2YzMzRkN2U4Y2JhMGI2NmI5YTdjNjAzNWJkMzNjN2QyZTgyYWYifQ%3D%3D; learnlaravel_session=eyJpdiI6Im9ycWVBNVlnMmNlMEthMXlhc21tOXc9PSIsInZhbHVlIjoiWG92YW52WXMrck1VQjNTaGQzbTVkSUFQbGVmS0pXclNjeDE2VTUwckM0Z3JSMFJRQmVMZ29XeE5XbnlsbG5IMSIsIm1hYyI6IjhlMDhkMGQxZmJjYzFjMjc4NmFmNzdkY2QyNDIzZmYwYmVkMjFlZGE3Zjg1YzJjYTFhZDE3YWZhZDRkMWJhOGQifQ%3D%3D\",\"accept-language\":\"en-US,en;q=0.9,sq;q=0.8,hu;q=0.7\",\"accept-encoding\":\"gzip, deflate\",\"accept\":\"text\\/html,application\\/xhtml+xml,application\\/xml;q=0.9,image\\/webp,image\\/apng,*\\/*;q=0.8,application\\/signed-exchange;v=b3;q=0.9\",\"user-agent\":\"Mozilla\\/5.0 (Windows NT 10.0; Win64; x64) AppleWebKit\\/537.36 (KHTML, like Gecko) Chrome\\/83.0.4103.116 Safari\\/537.36\",\"upgrade-insecure-requests\":\"1\",\"cache-control\":\"no-cache\",\"pragma\":\"no-cache\",\"connection\":\"keep-alive\",\"host\":\"learnlaravel.test\",\"content-length\":\"\",\"content-type\":\"\"},\"payload\":[],\"session\":{\"_token\":\"85pebzQgNB7rrxnzdQpCDBk0JX3DIO6gk58rStk0\",\"_previous\":{\"url\":\"http:\\/\\/learnlaravel.test\\/components\\/communication\"},\"_flash\":{\"old\":[],\"new\":[]},\"PHPDEBUGBAR_STACK_DATA\":[]},\"response_status\":200,\"response\":\"HTML Response\",\"duration\":1310,\"memory\":6,\"hostname\":\"homestead\"}, 2020-06-28 07:17:59, ?, request, 90e992fe-271c-4668-b032-04795d9fed19)) at /home/vagrant/LearnLaravel/vendor/laravel/framework/src/Illuminate/Database/Connection.php:669)
[stacktrace]
#0 /home/vagrant/LearnLaravel/vendor/laravel/framework/src/Illuminate/Database/Connection.php(629): Illuminate\\Database\\Connection->runQueryCallback()
#1 /home/vagrant/LearnLaravel/vendor/laravel/framework/src/Illuminate/Database/Connection.php(464): Illuminate\\Database\\Connection->run()
#2 /home/vagrant/LearnLaravel/vendor/laravel/framework/src/Illuminate/Database/Connection.php(416): Illuminate\\Database\\Connection->statement()
#3 /home/vagrant/LearnLaravel/vendor/laravel/framework/src/Illuminate/Database/Query/Builder.php(2651): Illuminate\\Database\\Connection->insert()
#4 /home/vagrant/LearnLaravel/vendor/laravel/telescope/src/Storage/DatabaseEntriesRepository.php(148): Illuminate\\Database\\Query\\Builder->insert()
#5 /home/vagrant/LearnLaravel/vendor/laravel/framework/src/Illuminate/Support/Traits/EnumeratesValues.php(176): Laravel\\Telescope\\Storage\\DatabaseEntriesRepository->Laravel\\Telescope\\Storage\\{closure}()
#6 /home/vagrant/LearnLaravel/vendor/laravel/telescope/src/Storage/DatabaseEntriesRepository.php(149): Illuminate\\Support\\Collection->each()
#7 /home/vagrant/LearnLaravel/vendor/laravel/telescope/src/Telescope.php(567): Laravel\\Telescope\\Storage\\DatabaseEntriesRepository->store()
#8 /home/vagrant/LearnLaravel/vendor/laravel/telescope/src/ListensForStorageOpportunities.php(44): Laravel\\Telescope\\Telescope::store()
#9 [internal function]: Laravel\\Telescope\\Telescope::Laravel\\Telescope\\{closure}()
#10 /home/vagrant/LearnLaravel/vendor/laravel/framework/src/Illuminate/Container/BoundMethod.php(32): call_user_func_array()
#11 /home/vagrant/LearnLaravel/vendor/laravel/framework/src/Illuminate/Container/Util.php(36): Illuminate\\Container\\BoundMethod::Illuminate\\Container\\{closure}()
#12 /home/vagrant/LearnLaravel/vendor/laravel/framework/src/Illuminate/Container/BoundMethod.php(78): Illuminate\\Container\\Util::unwrapIfClosure()
#13 /home/vagrant/LearnLaravel/vendor/laravel/framework/src/Illuminate/Container/BoundMethod.php(34): Illuminate\\Container\\BoundMethod::callBoundMethod()
#14 /home/vagrant/LearnLaravel/vendor/laravel/framework/src/Illuminate/Container/Container.php(590): Illuminate\\Container\\BoundMethod::call()
#15 /home/vagrant/LearnLaravel/vendor/laravel/framework/src/Illuminate/Foundation/Application.php(1067): Illuminate\\Container\\Container->call()
#16 /home/vagrant/LearnLaravel/vendor/laravel/framework/src/Illuminate/Foundation/Http/Kernel.php(185): Illuminate\\Foundation\\Application->terminate()
#17 /home/vagrant/LearnLaravel/public/index.php(60): Illuminate\\Foundation\\Http\\Kernel->terminate()
#18 {main}

[previous exception] [object] (PDOException(code: 42S02): SQLSTATE[42S02]: Base table or view not found: 1146 Table 'learnlaravel.telescope_entries' doesn't exist at /home/vagrant/LearnLaravel/vendor/laravel/framework/src/Illuminate/Database/Connection.php:457)
[stacktrace]
#0 /home/vagrant/LearnLaravel/vendor/laravel/framework/src/Illuminate/Database/Connection.php(457): PDO->prepare()
#1 /home/vagrant/LearnLaravel/vendor/laravel/framework/src/Illuminate/Database/Connection.php(662): Illuminate\\Database\\Connection->Illuminate\\Database\\{closure}()
#2 /home/vagrant/LearnLaravel/vendor/laravel/framework/src/Illuminate/Database/Connection.php(629): Illuminate\\Database\\Connection->runQueryCallback()
#3 /home/vagrant/LearnLaravel/vendor/laravel/framework/src/Illuminate/Database/Connection.php(464): Illuminate\\Database\\Connection->run()
#4 /home/vagrant/LearnLaravel/vendor/laravel/framework/src/Illuminate/Database/Connection.php(416): Illuminate\\Database\\Connection->statement()
#5 /home/vagrant/LearnLaravel/vendor/laravel/framework/src/Illuminate/Database/Query/Builder.php(2651): Illuminate\\Database\\Connection->insert()
#6 /home/vagrant/LearnLaravel/vendor/laravel/telescope/src/Storage/DatabaseEntriesRepository.php(148): Illuminate\\Database\\Query\\Builder->insert()
#7 /home/vagrant/LearnLaravel/vendor/laravel/framework/src/Illuminate/Support/Traits/EnumeratesValues.php(176): Laravel\\Telescope\\Storage\\DatabaseEntriesRepository->Laravel\\Telescope\\Storage\\{closure}()
#8 /home/vagrant/LearnLaravel/vendor/laravel/telescope/src/Storage/DatabaseEntriesRepository.php(149): Illuminate\\Support\\Collection->each()
#9 /home/vagrant/LearnLaravel/vendor/laravel/telescope/src/Telescope.php(567): Laravel\\Telescope\\Storage\\DatabaseEntriesRepository->store()
#10 /home/vagrant/LearnLaravel/vendor/laravel/telescope/src/ListensForStorageOpportunities.php(44): Laravel\\Telescope\\Telescope::store()
#11 [internal function]: Laravel\\Telescope\\Telescope::Laravel\\Telescope\\{closure}()
#12 /home/vagrant/LearnLaravel/vendor/laravel/framework/src/Illuminate/Container/BoundMethod.php(32): call_user_func_array()
#13 /home/vagrant/LearnLaravel/vendor/laravel/framework/src/Illuminate/Container/Util.php(36): Illuminate\\Container\\BoundMethod::Illuminate\\Container\\{closure}()
#14 /home/vagrant/LearnLaravel/vendor/laravel/framework/src/Illuminate/Container/BoundMethod.php(78): Illuminate\\Container\\Util::unwrapIfClosure()
#15 /home/vagrant/LearnLaravel/vendor/laravel/framework/src/Illuminate/Container/BoundMethod.php(34): Illuminate\\Container\\BoundMethod::callBoundMethod()
#16 /home/vagrant/LearnLaravel/vendor/laravel/framework/src/Illuminate/Container/Container.php(590): Illuminate\\Container\\BoundMethod::call()
#17 /home/vagrant/LearnLaravel/vendor/laravel/framework/src/Illuminate/Foundation/Application.php(1067): Illuminate\\Container\\Container->call()
#18 /home/vagrant/LearnLaravel/vendor/laravel/framework/src/Illuminate/Foundation/Http/Kernel.php(185): Illuminate\\Foundation\\Application->terminate()
#19 /home/vagrant/LearnLaravel/public/index.php(60): Illuminate\\Foundation\\Http\\Kernel->terminate()
#20 {main}
"} 
[2020-06-28 07:17:59] local.CRITICAL: Destructed App Service Provider  
[2020-06-28 07:18:01] local.CRITICAL: Destructed App Service Provider  
[2020-06-28 07:18:01] local.CRITICAL: Destructed App Service Provider  
