[2020-06-27 16:00:09] local.CRITICAL: Destructed App Service Provider  
[2020-06-27 16:04:40] local.ERROR: SQLSTATE[42S02]: Base table or view not found: 1146 Table 'learnlaravel.telescope_entries' doesn't exist (SQL: insert into `telescope_entries` (`batch_id`, `content`, `created_at`, `family_hash`, `type`, `uuid`) values (90e84c5d-3c59-47cb-b8db-e1e46f15321e, {"name":"tabswithrouter","path":"\/resources\/views\/tabswithrouter.blade.php","data":[],"composers":[{"name":"Closure at \/home\/vagrant\/LearnLaravel\/vendor\/barryvdh\/laravel-debugbar\/src\/LaravelDebugbar.php[211:216]","type":"composer"},{"name":"Closure at \/home\/vagrant\/LearnLaravel\/vendor\/beyondcode\/laravel-view-xray\/src\/Xray.php[15:23]","type":"composer"}],"hostname":"homestead"}, 2020-06-27 16:04:39, ?, view, 90e84c5c-c0cb-4041-908d-636e9fed8a5b), (90e84c5d-3c59-47cb-b8db-e1e46f15321e, {"name":"layouts.app","path":"\/resources\/views\/layouts\/app.blade.php","data":[],"composers":[{"name":"Closure at \/home\/vagrant\/LearnLaravel\/vendor\/barryvdh\/laravel-debugbar\/src\/LaravelDebugbar.php[211:216]","type":"composer"},{"name":"Closure at \/home\/vagrant\/LearnLaravel\/vendor\/beyondcode\/laravel-view-xray\/src\/Xray.php[15:23]","type":"composer"}],"hostname":"homestead"}, 2020-06-27 16:04:39, ?, view, 90e84c5c-c908-4577-93b0-38f854e6f7e5), (90e84c5d-3c59-47cb-b8db-e1e46f15321e, {"name":"xray::xray","path":"\/vendor\/beyondcode\/laravel-view-xray\/src\/..\/resources\/views\/xray.blade.php","data":["routeInformation","viewPath","viewName"],"composers":[{"name":"Closure at \/home\/vagrant\/LearnLaravel\/vendor\/barryvdh\/laravel-debugbar\/src\/LaravelDebugbar.php[211:216]","type":"composer"},{"name":"Closure at \/home\/vagrant\/LearnLaravel\/vendor\/beyondcode\/laravel-view-xray\/src\/Xray.php[15:23]","type":"composer"}],"hostname":"homestead"}, 2020-06-27 16:04:39, ?, view, 90e84c5c-e9a5-44dd-ada9-cb540ef215c4), (90e84c5d-3c59-47cb-b8db-e1e46f15321e, {"requestId":"X224d70cdde9113c0e403c916d7b2513d","hostname":"homestead"}, 2020-06-27 16:04:39, ?, debugbar, 90e84c5d-2b91-4f34-9631-3a53a841cddf), (90e84c5d-3c59-47cb-b8db-e1e46f15321e, {"uri":"\/tabs\/withrouter","method":"GET","controller_action":"Closure","middleware":["web"],"headers":{"accept-language":"en-US,en;q=0.9,sq;q=0.8,hu;q=0.7","accept-encoding":"gzip, deflate","accept":"text\/html,application\/xhtml+xml,application\/xml;q=0.9,image\/webp,image\/apng,*\/*;q=0.8,application\/signed-exchange;v=b3;q=0.9","user-agent":"Mozilla\/5.0 (Windows NT 10.0; Win64; x64) AppleWebKit\/537.36 (KHTML, like Gecko) Chrome\/83.0.4103.116 Safari\/537.36","upgrade-insecure-requests":"1","connection":"keep-alive","host":"learnlaravel.test","content-length":"","content-type":""},"payload":[],"session":{"_token":"N5TMoxV2MvgnRZo2tjHXweqLN04XlcFMdRqMfT92","_previous":{"url":"http:\/\/learnlaravel.test\/tabs\/withrouter"},"_flash":{"old":[],"new":[]},"PHPDEBUGBAR_STACK_DATA":[]},"response_status":200,"response":"HTML Response","duration":1382,"memory":6,"hostname":"homestead"}, 2020-06-27 16:04:39, ?, request, 90e84c5d-3093-4251-a56f-b034337fcaa8)) {"exception":"[object] (Illuminate\\Database\\QueryException(code: 42S02): SQLSTATE[42S02]: Base table or view not found: 1146 Table 'learnlaravel.telescope_entries' doesn't exist (SQL: insert into `telescope_entries` (`batch_id`, `content`, `created_at`, `family_hash`, `type`, `uuid`) values (90e84c5d-3c59-47cb-b8db-e1e46f15321e, {\"name\":\"tabswithrouter\",\"path\":\"\\/resources\\/views\\/tabswithrouter.blade.php\",\"data\":[],\"composers\":[{\"name\":\"Closure at \\/home\\/vagrant\\/LearnLaravel\\/vendor\\/barryvdh\\/laravel-debugbar\\/src\\/LaravelDebugbar.php[211:216]\",\"type\":\"composer\"},{\"name\":\"Closure at \\/home\\/vagrant\\/LearnLaravel\\/vendor\\/beyondcode\\/laravel-view-xray\\/src\\/Xray.php[15:23]\",\"type\":\"composer\"}],\"hostname\":\"homestead\"}, 2020-06-27 16:04:39, ?, view, 90e84c5c-c0cb-4041-908d-636e9fed8a5b), (90e84c5d-3c59-47cb-b8db-e1e46f15321e, {\"name\":\"layouts.app\",\"path\":\"\\/resources\\/views\\/layouts\\/app.blade.php\",\"data\":[],\"composers\":[{\"name\":\"Closure at \\/home\\/vagrant\\/LearnLaravel\\/vendor\\/barryvdh\\/laravel-debugbar\\/src\\/LaravelDebugbar.php[211:216]\",\"type\":\"composer\"},{\"name\":\"Closure at \\/home\\/vagrant\\/LearnLaravel\\/vendor\\/beyondcode\\/laravel-view-xray\\/src\\/Xray.php[15:23]\",\"type\":\"composer\"}],\"hostname\":\"homestead\"}, 2020-06-27 16:04:39, ?, view, 90e84c5c-c908-4577-93b0-38f854e6f7e5), (90e84c5d-3c59-47cb-b8db-e1e46f15321e, {\"name\":\"xray::xray\",\"path\":\"\\/vendor\\/beyondcode\\/laravel-view-xray\\/src\\/..\\/resources\\/views\\/xray.blade.php\",\"data\":[\"routeInformation\",\"viewPath\",\"viewName\"],\"composers\":[{\"name\":\"Closure at \\/home\\/vagrant\\/LearnLaravel\\/vendor\\/barryvdh\\/laravel-debugbar\\/src\\/LaravelDebugbar.php[211:216]\",\"type\":\"composer\"},{\"name\":\"Closure at \\/home\\/vagrant\\/LearnLaravel\\/vendor\\/beyondcode\\/laravel-view-xray\\/src\\/Xray.php[15:23]\",\"type\":\"composer\"}],\"hostname\":\"homestead\"}, 2020-06-27 16:04:39, ?, view, 90e84c5c-e9a5-44dd-ada9-cb540ef215c4), (90e84c5d-3c59-47cb-b8db-e1e46f15321e, {\"requestId\":\"X224d70cdde9113c0e403c916d7b2513d\",\"hostname\":\"homestead\"}, 2020-06-27 16:04:39, ?, debugbar, 90e84c5d-2b91-4f34-9631-3a53a841cddf), (90e84c5d-3c59-47cb-b8db-e1e46f15321e, {\"uri\":\"\\/tabs\\/withrouter\",\"method\":\"GET\",\"controller_action\":\"Closure\",\"middleware\":[\"web\"],\"headers\":{\"accept-language\":\"en-US,en;q=0.9,sq;q=0.8,hu;q=0.7\",\"accept-encoding\":\"gzip, deflate\",\"accept\":\"text\\/html,application\\/xhtml+xml,application\\/xml;q=0.9,image\\/webp,image\\/apng,*\\/*;q=0.8,application\\/signed-exchange;v=b3;q=0.9\",\"user-agent\":\"Mozilla\\/5.0 (Windows NT 10.0; Win64; x64) AppleWebKit\\/537.36 (KHTML, like Gecko) Chrome\\/83.0.4103.116 Safari\\/537.36\",\"upgrade-insecure-requests\":\"1\",\"connection\":\"keep-alive\",\"host\":\"learnlaravel.test\",\"content-length\":\"\",\"content-type\":\"\"},\"payload\":[],\"session\":{\"_token\":\"N5TMoxV2MvgnRZo2tjHXweqLN04XlcFMdRqMfT92\",\"_previous\":{\"url\":\"http:\\/\\/learnlaravel.test\\/tabs\\/withrouter\"},\"_flash\":{\"old\":[],\"new\":[]},\"PHPDEBUGBAR_STACK_DATA\":[]},\"response_status\":200,\"response\":\"HTML Response\",\"duration\":1382,\"memory\":6,\"hostname\":\"homestead\"}, 2020-06-27 16:04:39, ?, request, 90e84c5d-3093-4251-a56f-b034337fcaa8)) at /home/vagrant/LearnLaravel/vendor/laravel/framework/src/Illuminate/Database/Connection.php:669)
[stacktrace]
#0 /home/vagrant/LearnLaravel/vendor/laravel/framework/src/Illuminate/Database/Connection.php(629): Illuminate\\Database\\Connection->runQueryCallback()
#1 /home/vagrant/LearnLaravel/vendor/laravel/framework/src/Illuminate/Database/Connection.php(464): Illuminate\\Database\\Connection->run()
#2 /home/vagrant/LearnLaravel/vendor/laravel/framework/src/Illuminate/Database/Connection.php(416): Illuminate\\Database\\Connection->statement()
#3 /home/vagrant/LearnLaravel/vendor/laravel/framework/src/Illuminate/Database/Query/Builder.php(2651): Illuminate\\Database\\Connection->insert()
#4 /home/vagrant/LearnLaravel/vendor/laravel/telescope/src/Storage/DatabaseEntriesRepository.php(148): Illuminate\\Database\\Query\\Builder->insert()
#5 /home/vagrant/LearnLaravel/vendor/laravel/framework/src/Illuminate/Support/Traits/EnumeratesValues.php(176): Laravel\\Telescope\\Storage\\DatabaseEntriesRepository->Laravel\\Telescope\\Storage\\{closure}()
#6 /home/vagrant/LearnLaravel/vendor/laravel/telescope/src/Storage/DatabaseEntriesRepository.php(149): Illuminate\\Support\\Collection->each()
#7 /home/vagrant/LearnLaravel/vendor/laravel/telescope/src/Telescope.php(567): Laravel\\Telescope\\Storage\\DatabaseEntriesRepository->store()
#8 /home/vagrant/LearnLaravel/vendor/laravel/telescope/src/ListensForStorageOpportunities.php(44): Laravel\\Telescope\\Telescope::store()
#9 [internal function]: Laravel\\Telescope\\Telescope::Laravel\\Telescope\\{closure}()
#10 /home/vagrant/LearnLaravel/vendor/laravel/framework/src/Illuminate/Container/BoundMethod.php(32): call_user_func_array()
#11 /home/vagrant/LearnLaravel/vendor/laravel/framework/src/Illuminate/Container/Util.php(36): Illuminate\\Container\\BoundMethod::Illuminate\\Container\\{closure}()
#12 /home/vagrant/LearnLaravel/vendor/laravel/framework/src/Illuminate/Container/BoundMethod.php(78): Illuminate\\Container\\Util::unwrapIfClosure()
#13 /home/vagrant/LearnLaravel/vendor/laravel/framework/src/Illuminate/Container/BoundMethod.php(34): Illuminate\\Container\\BoundMethod::callBoundMethod()
#14 /home/vagrant/LearnLaravel/vendor/laravel/framework/src/Illuminate/Container/Container.php(590): Illuminate\\Container\\BoundMethod::call()
#15 /home/vagrant/LearnLaravel/vendor/laravel/framework/src/Illuminate/Foundation/Application.php(1067): Illuminate\\Container\\Container->call()
#16 /home/vagrant/LearnLaravel/vendor/laravel/framework/src/Illuminate/Foundation/Http/Kernel.php(185): Illuminate\\Foundation\\Application->terminate()
#17 /home/vagrant/LearnLaravel/public/index.php(60): Illuminate\\Foundation\\Http\\Kernel->terminate()
#18 {main}

[previous exception] [object] (PDOException(code: 42S02): SQLSTATE[42S02]: Base table or view not found: 1146 Table 'learnlaravel.telescope_entries' doesn't exist at /home/vagrant/LearnLaravel/vendor/laravel/framework/src/Illuminate/Database/Connection.php:457)
[stacktrace]
#0 /home/vagrant/LearnLaravel/vendor/laravel/framework/src/Illuminate/Database/Connection.php(457): PDO->prepare()
#1 /home/vagrant/LearnLaravel/vendor/laravel/framework/src/Illuminate/Database/Connection.php(662): Illuminate\\Database\\Connection->Illuminate\\Database\\{closure}()
#2 /home/vagrant/LearnLaravel/vendor/laravel/framework/src/Illuminate/Database/Connection.php(629): Illuminate\\Database\\Connection->runQueryCallback()
#3 /home/vagrant/LearnLaravel/vendor/laravel/framework/src/Illuminate/Database/Connection.php(464): Illuminate\\Database\\Connection->run()
#4 /home/vagrant/LearnLaravel/vendor/laravel/framework/src/Illuminate/Database/Connection.php(416): Illuminate\\Database\\Connection->statement()
#5 /home/vagrant/LearnLaravel/vendor/laravel/framework/src/Illuminate/Database/Query/Builder.php(2651): Illuminate\\Database\\Connection->insert()
#6 /home/vagrant/LearnLaravel/vendor/laravel/telescope/src/Storage/DatabaseEntriesRepository.php(148): Illuminate\\Database\\Query\\Builder->insert()
#7 /home/vagrant/LearnLaravel/vendor/laravel/framework/src/Illuminate/Support/Traits/EnumeratesValues.php(176): Laravel\\Telescope\\Storage\\DatabaseEntriesRepository->Laravel\\Telescope\\Storage\\{closure}()
#8 /home/vagrant/LearnLaravel/vendor/laravel/telescope/src/Storage/DatabaseEntriesRepository.php(149): Illuminate\\Support\\Collection->each()
#9 /home/vagrant/LearnLaravel/vendor/laravel/telescope/src/Telescope.php(567): Laravel\\Telescope\\Storage\\DatabaseEntriesRepository->store()
#10 /home/vagrant/LearnLaravel/vendor/laravel/telescope/src/ListensForStorageOpportunities.php(44): Laravel\\Telescope\\Telescope::store()
#11 [internal function]: Laravel\\Telescope\\Telescope::Laravel\\Telescope\\{closure}()
#12 /home/vagrant/LearnLaravel/vendor/laravel/framework/src/Illuminate/Container/BoundMethod.php(32): call_user_func_array()
#13 /home/vagrant/LearnLaravel/vendor/laravel/framework/src/Illuminate/Container/Util.php(36): Illuminate\\Container\\BoundMethod::Illuminate\\Container\\{closure}()
#14 /home/vagrant/LearnLaravel/vendor/laravel/framework/src/Illuminate/Container/BoundMethod.php(78): Illuminate\\Container\\Util::unwrapIfClosure()
#15 /home/vagrant/LearnLaravel/vendor/laravel/framework/src/Illuminate/Container/BoundMethod.php(34): Illuminate\\Container\\BoundMethod::callBoundMethod()
#16 /home/vagrant/LearnLaravel/vendor/laravel/framework/src/Illuminate/Container/Container.php(590): Illuminate\\Container\\BoundMethod::call()
#17 /home/vagrant/LearnLaravel/vendor/laravel/framework/src/Illuminate/Foundation/Application.php(1067): Illuminate\\Container\\Container->call()
#18 /home/vagrant/LearnLaravel/vendor/laravel/framework/src/Illuminate/Foundation/Http/Kernel.php(185): Illuminate\\Foundation\\Application->terminate()
#19 /home/vagrant/LearnLaravel/public/index.php(60): Illuminate\\Foundation\\Http\\Kernel->terminate()
#20 {main}
"} 
[2020-06-27 16:04:40] local.CRITICAL: Destructed App Service Provider  
[2020-06-27 16:04:43] local.CRITICAL: Destructed App Service Provider  
[2020-06-27 16:04:43] local.CRITICAL: Destructed App Service Provider  
[2020-06-27 16:05:01] local.ERROR: SQLSTATE[42S02]: Base table or view not found: 1146 Table 'learnlaravel.telescope_entries' doesn't exist (SQL: insert into `telescope_entries` (`batch_id`, `content`, `created_at`, `family_hash`, `type`, `uuid`) values (90e84c7e-9b35-4dfa-a5a8-206d30fc48a3, {"name":"tabs.index","path":"\/resources\/views\/tabs\/index.blade.php","data":[],"composers":[{"name":"Closure at \/home\/vagrant\/LearnLaravel\/vendor\/barryvdh\/laravel-debugbar\/src\/LaravelDebugbar.php[211:216]","type":"composer"},{"name":"Closure at \/home\/vagrant\/LearnLaravel\/vendor\/beyondcode\/laravel-view-xray\/src\/Xray.php[15:23]","type":"composer"}],"hostname":"homestead"}, 2020-06-27 16:05:01, ?, view, 90e84c7e-38f6-4585-8ac3-1bd5aee55437), (90e84c7e-9b35-4dfa-a5a8-206d30fc48a3, {"name":"layouts.app","path":"\/resources\/views\/layouts\/app.blade.php","data":[],"composers":[{"name":"Closure at \/home\/vagrant\/LearnLaravel\/vendor\/barryvdh\/laravel-debugbar\/src\/LaravelDebugbar.php[211:216]","type":"composer"},{"name":"Closure at \/home\/vagrant\/LearnLaravel\/vendor\/beyondcode\/laravel-view-xray\/src\/Xray.php[15:23]","type":"composer"}],"hostname":"homestead"}, 2020-06-27 16:05:01, ?, view, 90e84c7e-40b1-4d0f-8516-a9ac9f3ca62d), (90e84c7e-9b35-4dfa-a5a8-206d30fc48a3, {"name":"xray::xray","path":"\/vendor\/beyondcode\/laravel-view-xray\/src\/..\/resources\/views\/xray.blade.php","data":["routeInformation","viewPath","viewName"],"composers":[{"name":"Closure at \/home\/vagrant\/LearnLaravel\/vendor\/barryvdh\/laravel-debugbar\/src\/LaravelDebugbar.php[211:216]","type":"composer"},{"name":"Closure at \/home\/vagrant\/LearnLaravel\/vendor\/beyondcode\/laravel-view-xray\/src\/Xray.php[15:23]","type":"composer"}],"hostname":"homestead"}, 2020-06-27 16:05:01, ?, view, 90e84c7e-58fb-4c02-8708-a3610e718104), (90e84c7e-9b35-4dfa-a5a8-206d30fc48a3, {"requestId":"X548dd22f9a96405926ed26a208f9552f","hostname":"homestead"}, 2020-06-27 16:05:01, ?, debugbar, 90e84c7e-883f-413b-89b4-5f3574ab4314), (90e84c7e-9b35-4dfa-a5a8-206d30fc48a3, {"uri":"\/tabsexample","method":"GET","controller_action":"Closure","middleware":["web"],"headers":{"cookie":"XSRF-TOKEN=eyJpdiI6IlVoY2x6VGtDYWQydWNcL3V6SzUxQW5BPT0iLCJ2YWx1ZSI6IjFUN0N3RExycDk4bkRZd0wybG5ZeGcyOVlkNHJLRzdrME9mSVwvXC93XC8zbkJ2c2FNY2ZmeGdLU3dkXC9BWXg4OFpUIiwibWFjIjoiMjk4MjBlMmIyZjgwMDU0YzFlNzMwZGZlNDdmY2UzMWJjNmE0MzcwMjdhMjdkMzU3MTJmYTg1YzY1NGE1OGI3MyJ9; learnlaravel_session=eyJpdiI6IlwvV1lBZFNQWlNNdEF0alN4VGpLMDJnPT0iLCJ2YWx1ZSI6IjZuNDBTblc4eE9zRDlLRmNmUHV0VUpJTGJmZ1RIZHM0YjV5bTRuZGdXXC95SGlZcWp3VFpuQ2dnZjNybGxqU012IiwibWFjIjoiZDI3OWUxNjQ5ZGE0MDBkNDlmZjUwNTMxYmRkNThmYTMxNmRiOTkxMjNlMjNlMjQxMDUxYzM0OGM5ZjI0NmYxZSJ9","accept-language":"en-US,en;q=0.9,sq;q=0.8,hu;q=0.7","accept-encoding":"gzip, deflate","accept":"text\/html,application\/xhtml+xml,application\/xml;q=0.9,image\/webp,image\/apng,*\/*;q=0.8,application\/signed-exchange;v=b3;q=0.9","user-agent":"Mozilla\/5.0 (Windows NT 10.0; Win64; x64) AppleWebKit\/537.36 (KHTML, like Gecko) Chrome\/83.0.4103.116 Safari\/537.36","upgrade-insecure-requests":"1","connection":"keep-alive","host":"learnlaravel.test","content-length":"","content-type":""},"payload":[],"session":{"_token":"N5TMoxV2MvgnRZo2tjHXweqLN04XlcFMdRqMfT92","_previous":{"url":"http:\/\/learnlaravel.test\/tabsexample"},"_flash":{"old":[],"new":[]},"PHPDEBUGBAR_STACK_DATA":[]},"response_status":200,"response":"HTML Response","duration":1462,"memory":4,"hostname":"homestead"}, 2020-06-27 16:05:01, ?, request, 90e84c7e-8db8-423b-a39b-cb2dfc19ecd2)) {"exception":"[object] (Illuminate\\Database\\QueryException(code: 42S02): SQLSTATE[42S02]: Base table or view not found: 1146 Table 'learnlaravel.telescope_entries' doesn't exist (SQL: insert into `telescope_entries` (`batch_id`, `content`, `created_at`, `family_hash`, `type`, `uuid`) values (90e84c7e-9b35-4dfa-a5a8-206d30fc48a3, {\"name\":\"tabs.index\",\"path\":\"\\/resources\\/views\\/tabs\\/index.blade.php\",\"data\":[],\"composers\":[{\"name\":\"Closure at \\/home\\/vagrant\\/LearnLaravel\\/vendor\\/barryvdh\\/laravel-debugbar\\/src\\/LaravelDebugbar.php[211:216]\",\"type\":\"composer\"},{\"name\":\"Closure at \\/home\\/vagrant\\/LearnLaravel\\/vendor\\/beyondcode\\/laravel-view-xray\\/src\\/Xray.php[15:23]\",\"type\":\"composer\"}],\"hostname\":\"homestead\"}, 2020-06-27 16:05:01, ?, view, 90e84c7e-38f6-4585-8ac3-1bd5aee55437), (90e84c7e-9b35-4dfa-a5a8-206d30fc48a3, {\"name\":\"layouts.app\",\"path\":\"\\/resources\\/views\\/layouts\\/app.blade.php\",\"data\":[],\"composers\":[{\"name\":\"Closure at \\/home\\/vagrant\\/LearnLaravel\\/vendor\\/barryvdh\\/laravel-debugbar\\/src\\/LaravelDebugbar.php[211:216]\",\"type\":\"composer\"},{\"name\":\"Closure at \\/home\\/vagrant\\/LearnLaravel\\/vendor\\/beyondcode\\/laravel-view-xray\\/src\\/Xray.php[15:23]\",\"type\":\"composer\"}],\"hostname\":\"homestead\"}, 2020-06-27 16:05:01, ?, view, 90e84c7e-40b1-4d0f-8516-a9ac9f3ca62d), (90e84c7e-9b35-4dfa-a5a8-206d30fc48a3, {\"name\":\"xray::xray\",\"path\":\"\\/vendor\\/beyondcode\\/laravel-view-xray\\/src\\/..\\/resources\\/views\\/xray.blade.php\",\"data\":[\"routeInformation\",\"viewPath\",\"viewName\"],\"composers\":[{\"name\":\"Closure at \\/home\\/vagrant\\/LearnLaravel\\/vendor\\/barryvdh\\/laravel-debugbar\\/src\\/LaravelDebugbar.php[211:216]\",\"type\":\"composer\"},{\"name\":\"Closure at \\/home\\/vagrant\\/LearnLaravel\\/vendor\\/beyondcode\\/laravel-view-xray\\/src\\/Xray.php[15:23]\",\"type\":\"composer\"}],\"hostname\":\"homestead\"}, 2020-06-27 16:05:01, ?, view, 90e84c7e-58fb-4c02-8708-a3610e718104), (90e84c7e-9b35-4dfa-a5a8-206d30fc48a3, {\"requestId\":\"X548dd22f9a96405926ed26a208f9552f\",\"hostname\":\"homestead\"}, 2020-06-27 16:05:01, ?, debugbar, 90e84c7e-883f-413b-89b4-5f3574ab4314), (90e84c7e-9b35-4dfa-a5a8-206d30fc48a3, {\"uri\":\"\\/tabsexample\",\"method\":\"GET\",\"controller_action\":\"Closure\",\"middleware\":[\"web\"],\"headers\":{\"cookie\":\"XSRF-TOKEN=eyJpdiI6IlVoY2x6VGtDYWQydWNcL3V6SzUxQW5BPT0iLCJ2YWx1ZSI6IjFUN0N3RExycDk4bkRZd0wybG5ZeGcyOVlkNHJLRzdrME9mSVwvXC93XC8zbkJ2c2FNY2ZmeGdLU3dkXC9BWXg4OFpUIiwibWFjIjoiMjk4MjBlMmIyZjgwMDU0YzFlNzMwZGZlNDdmY2UzMWJjNmE0MzcwMjdhMjdkMzU3MTJmYTg1YzY1NGE1OGI3MyJ9; learnlaravel_session=eyJpdiI6IlwvV1lBZFNQWlNNdEF0alN4VGpLMDJnPT0iLCJ2YWx1ZSI6IjZuNDBTblc4eE9zRDlLRmNmUHV0VUpJTGJmZ1RIZHM0YjV5bTRuZGdXXC95SGlZcWp3VFpuQ2dnZjNybGxqU012IiwibWFjIjoiZDI3OWUxNjQ5ZGE0MDBkNDlmZjUwNTMxYmRkNThmYTMxNmRiOTkxMjNlMjNlMjQxMDUxYzM0OGM5ZjI0NmYxZSJ9\",\"accept-language\":\"en-US,en;q=0.9,sq;q=0.8,hu;q=0.7\",\"accept-encoding\":\"gzip, deflate\",\"accept\":\"text\\/html,application\\/xhtml+xml,application\\/xml;q=0.9,image\\/webp,image\\/apng,*\\/*;q=0.8,application\\/signed-exchange;v=b3;q=0.9\",\"user-agent\":\"Mozilla\\/5.0 (Windows NT 10.0; Win64; x64) AppleWebKit\\/537.36 (KHTML, like Gecko) Chrome\\/83.0.4103.116 Safari\\/537.36\",\"upgrade-insecure-requests\":\"1\",\"connection\":\"keep-alive\",\"host\":\"learnlaravel.test\",\"content-length\":\"\",\"content-type\":\"\"},\"payload\":[],\"session\":{\"_token\":\"N5TMoxV2MvgnRZo2tjHXweqLN04XlcFMdRqMfT92\",\"_previous\":{\"url\":\"http:\\/\\/learnlaravel.test\\/tabsexample\"},\"_flash\":{\"old\":[],\"new\":[]},\"PHPDEBUGBAR_STACK_DATA\":[]},\"response_status\":200,\"response\":\"HTML Response\",\"duration\":1462,\"memory\":4,\"hostname\":\"homestead\"}, 2020-06-27 16:05:01, ?, request, 90e84c7e-8db8-423b-a39b-cb2dfc19ecd2)) at /home/vagrant/LearnLaravel/vendor/laravel/framework/src/Illuminate/Database/Connection.php:669)
[stacktrace]
#0 /home/vagrant/LearnLaravel/vendor/laravel/framework/src/Illuminate/Database/Connection.php(629): Illuminate\\Database\\Connection->runQueryCallback()
#1 /home/vagrant/LearnLaravel/vendor/laravel/framework/src/Illuminate/Database/Connection.php(464): Illuminate\\Database\\Connection->run()
#2 /home/vagrant/LearnLaravel/vendor/laravel/framework/src/Illuminate/Database/Connection.php(416): Illuminate\\Database\\Connection->statement()
#3 /home/vagrant/LearnLaravel/vendor/laravel/framework/src/Illuminate/Database/Query/Builder.php(2651): Illuminate\\Database\\Connection->insert()
#4 /home/vagrant/LearnLaravel/vendor/laravel/telescope/src/Storage/DatabaseEntriesRepository.php(148): Illuminate\\Database\\Query\\Builder->insert()
#5 /home/vagrant/LearnLaravel/vendor/laravel/framework/src/Illuminate/Support/Traits/EnumeratesValues.php(176): Laravel\\Telescope\\Storage\\DatabaseEntriesRepository->Laravel\\Telescope\\Storage\\{closure}()
#6 /home/vagrant/LearnLaravel/vendor/laravel/telescope/src/Storage/DatabaseEntriesRepository.php(149): Illuminate\\Support\\Collection->each()
#7 /home/vagrant/LearnLaravel/vendor/laravel/telescope/src/Telescope.php(567): Laravel\\Telescope\\Storage\\DatabaseEntriesRepository->store()
#8 /home/vagrant/LearnLaravel/vendor/laravel/telescope/src/ListensForStorageOpportunities.php(44): Laravel\\Telescope\\Telescope::store()
#9 [internal function]: Laravel\\Telescope\\Telescope::Laravel\\Telescope\\{closure}()
#10 /home/vagrant/LearnLaravel/vendor/laravel/framework/src/Illuminate/Container/BoundMethod.php(32): call_user_func_array()
#11 /home/vagrant/LearnLaravel/vendor/laravel/framework/src/Illuminate/Container/Util.php(36): Illuminate\\Container\\BoundMethod::Illuminate\\Container\\{closure}()
#12 /home/vagrant/LearnLaravel/vendor/laravel/framework/src/Illuminate/Container/BoundMethod.php(78): Illuminate\\Container\\Util::unwrapIfClosure()
#13 /home/vagrant/LearnLaravel/vendor/laravel/framework/src/Illuminate/Container/BoundMethod.php(34): Illuminate\\Container\\BoundMethod::callBoundMethod()
#14 /home/vagrant/LearnLaravel/vendor/laravel/framework/src/Illuminate/Container/Container.php(590): Illuminate\\Container\\BoundMethod::call()
#15 /home/vagrant/LearnLaravel/vendor/laravel/framework/src/Illuminate/Foundation/Application.php(1067): Illuminate\\Container\\Container->call()
#16 /home/vagrant/LearnLaravel/vendor/laravel/framework/src/Illuminate/Foundation/Http/Kernel.php(185): Illuminate\\Foundation\\Application->terminate()
#17 /home/vagrant/LearnLaravel/public/index.php(60): Illuminate\\Foundation\\Http\\Kernel->terminate()
#18 {main}

[previous exception] [object] (PDOException(code: 42S02): SQLSTATE[42S02]: Base table or view not found: 1146 Table 'learnlaravel.telescope_entries' doesn't exist at /home/vagrant/LearnLaravel/vendor/laravel/framework/src/Illuminate/Database/Connection.php:457)
[stacktrace]
#0 /home/vagrant/LearnLaravel/vendor/laravel/framework/src/Illuminate/Database/Connection.php(457): PDO->prepare()
#1 /home/vagrant/LearnLaravel/vendor/laravel/framework/src/Illuminate/Database/Connection.php(662): Illuminate\\Database\\Connection->Illuminate\\Database\\{closure}()
#2 /home/vagrant/LearnLaravel/vendor/laravel/framework/src/Illuminate/Database/Connection.php(629): Illuminate\\Database\\Connection->runQueryCallback()
#3 /home/vagrant/LearnLaravel/vendor/laravel/framework/src/Illuminate/Database/Connection.php(464): Illuminate\\Database\\Connection->run()
#4 /home/vagrant/LearnLaravel/vendor/laravel/framework/src/Illuminate/Database/Connection.php(416): Illuminate\\Database\\Connection->statement()
#5 /home/vagrant/LearnLaravel/vendor/laravel/framework/src/Illuminate/Database/Query/Builder.php(2651): Illuminate\\Database\\Connection->insert()
#6 /home/vagrant/LearnLaravel/vendor/laravel/telescope/src/Storage/DatabaseEntriesRepository.php(148): Illuminate\\Database\\Query\\Builder->insert()
#7 /home/vagrant/LearnLaravel/vendor/laravel/framework/src/Illuminate/Support/Traits/EnumeratesValues.php(176): Laravel\\Telescope\\Storage\\DatabaseEntriesRepository->Laravel\\Telescope\\Storage\\{closure}()
#8 /home/vagrant/LearnLaravel/vendor/laravel/telescope/src/Storage/DatabaseEntriesRepository.php(149): Illuminate\\Support\\Collection->each()
#9 /home/vagrant/LearnLaravel/vendor/laravel/telescope/src/Telescope.php(567): Laravel\\Telescope\\Storage\\DatabaseEntriesRepository->store()
#10 /home/vagrant/LearnLaravel/vendor/laravel/telescope/src/ListensForStorageOpportunities.php(44): Laravel\\Telescope\\Telescope::store()
#11 [internal function]: Laravel\\Telescope\\Telescope::Laravel\\Telescope\\{closure}()
#12 /home/vagrant/LearnLaravel/vendor/laravel/framework/src/Illuminate/Container/BoundMethod.php(32): call_user_func_array()
#13 /home/vagrant/LearnLaravel/vendor/laravel/framework/src/Illuminate/Container/Util.php(36): Illuminate\\Container\\BoundMethod::Illuminate\\Container\\{closure}()
#14 /home/vagrant/LearnLaravel/vendor/laravel/framework/src/Illuminate/Container/BoundMethod.php(78): Illuminate\\Container\\Util::unwrapIfClosure()
#15 /home/vagrant/LearnLaravel/vendor/laravel/framework/src/Illuminate/Container/BoundMethod.php(34): Illuminate\\Container\\BoundMethod::callBoundMethod()
#16 /home/vagrant/LearnLaravel/vendor/laravel/framework/src/Illuminate/Container/Container.php(590): Illuminate\\Container\\BoundMethod::call()
#17 /home/vagrant/LearnLaravel/vendor/laravel/framework/src/Illuminate/Foundation/Application.php(1067): Illuminate\\Container\\Container->call()
#18 /home/vagrant/LearnLaravel/vendor/laravel/framework/src/Illuminate/Foundation/Http/Kernel.php(185): Illuminate\\Foundation\\Application->terminate()
#19 /home/vagrant/LearnLaravel/public/index.php(60): Illuminate\\Foundation\\Http\\Kernel->terminate()
#20 {main}
"} 
[2020-06-27 16:05:01] local.CRITICAL: Destructed App Service Provider  
[2020-06-27 16:05:19] local.ERROR: SQLSTATE[42S02]: Base table or view not found: 1146 Table 'learnlaravel.telescope_entries' doesn't exist (SQL: insert into `telescope_entries` (`batch_id`, `content`, `created_at`, `family_hash`, `type`, `uuid`) values (90e84c99-6f77-47f2-b9c8-733767cd2139, {"name":"errors::404","path":"\/resources\/views\/errors\/404.blade.php","data":["exception"],"composers":[{"name":"Closure at \/home\/vagrant\/LearnLaravel\/vendor\/barryvdh\/laravel-debugbar\/src\/LaravelDebugbar.php[211:216]","type":"composer"},{"name":"Closure at \/home\/vagrant\/LearnLaravel\/vendor\/beyondcode\/laravel-view-xray\/src\/Xray.php[15:23]","type":"composer"}],"hostname":"homestead"}, 2020-06-27 16:05:19, ?, view, 90e84c99-27d6-4b1f-a57b-3dba31c0857c), (90e84c99-6f77-47f2-b9c8-733767cd2139, {"name":"errors::minimal","path":"\/resources\/views\/errors\/minimal.blade.php","data":["exception"],"composers":[{"name":"Closure at \/home\/vagrant\/LearnLaravel\/vendor\/barryvdh\/laravel-debugbar\/src\/LaravelDebugbar.php[211:216]","type":"composer"},{"name":"Closure at \/home\/vagrant\/LearnLaravel\/vendor\/beyondcode\/laravel-view-xray\/src\/Xray.php[15:23]","type":"composer"}],"hostname":"homestead"}, 2020-06-27 16:05:19, ?, view, 90e84c99-3afe-455b-971a-d4aa0656368c), (90e84c99-6f77-47f2-b9c8-733767cd2139, {"requestId":"Xfb5cd9776a4ff74e93b3a03bf5831986","hostname":"homestead"}, 2020-06-27 16:05:19, ?, debugbar, 90e84c99-6453-4084-ace3-ec7aa51c2d31), (90e84c99-6f77-47f2-b9c8-733767cd2139, {"uri":"\/js\/portal-vue.common.js.map","method":"GET","controller_action":null,"middleware":[],"headers":{"cookie":"XSRF-TOKEN=eyJpdiI6IjNhMXlRd0dHdzJaRkEycTBoT0NtaWc9PSIsInZhbHVlIjoiTkxGNCtMc2VNRWl0TklvNFwvNklxRUxWR2srMUxFRWpVOFBjSjF4b3c1NHJLVHNWOEZvQ3RyVnlJS2RPME5MZFIiLCJtYWMiOiI4MmU1NDNiM2U0YmZhZTc0YWFiOWQ0NjgxMjI4NTJiNWYwYjIyZTczMWMzZGY1ZDUyNDQ0ZWE5MGI5NmE4MWJhIn0%3D; learnlaravel_session=eyJpdiI6IkYwNFZUbnNPWllWaGNUS3FTMWJlSHc9PSIsInZhbHVlIjoiK21JM2tRdHpYajVpbjVCbkdLeURUK05WY2s1TnRyNHZZQXkweWh5ajMzRlVHa284WmJQcGZ5S2VneWRLOFwvRGQiLCJtYWMiOiJkNDExYTVhM2I4ZTY3MDFlOGJhMTM4NDRjYWI0NjdkZWM0NWMxMWVkYTZmYzg0YTc2ZTUzOGE3MGJmOTM0NmZkIn0%3D","accept-language":"en-US,en;q=0.9,sq;q=0.8,hu;q=0.7","accept-encoding":"gzip, deflate","user-agent":"Mozilla\/5.0 (Windows NT 10.0; Win64; x64) AppleWebKit\/537.36 (KHTML, like Gecko) Chrome\/83.0.4103.116 Safari\/537.36","connection":"keep-alive","host":"learnlaravel.test","content-length":"","content-type":""},"payload":[],"session":[],"response_status":404,"response":"HTML Response","duration":1592,"memory":2,"hostname":"homestead"}, 2020-06-27 16:05:19, ?, request, 90e84c99-6a04-41ff-8fd2-ecb168b7ca82)) {"exception":"[object] (Illuminate\\Database\\QueryException(code: 42S02): SQLSTATE[42S02]: Base table or view not found: 1146 Table 'learnlaravel.telescope_entries' doesn't exist (SQL: insert into `telescope_entries` (`batch_id`, `content`, `created_at`, `family_hash`, `type`, `uuid`) values (90e84c99-6f77-47f2-b9c8-733767cd2139, {\"name\":\"errors::404\",\"path\":\"\\/resources\\/views\\/errors\\/404.blade.php\",\"data\":[\"exception\"],\"composers\":[{\"name\":\"Closure at \\/home\\/vagrant\\/LearnLaravel\\/vendor\\/barryvdh\\/laravel-debugbar\\/src\\/LaravelDebugbar.php[211:216]\",\"type\":\"composer\"},{\"name\":\"Closure at \\/home\\/vagrant\\/LearnLaravel\\/vendor\\/beyondcode\\/laravel-view-xray\\/src\\/Xray.php[15:23]\",\"type\":\"composer\"}],\"hostname\":\"homestead\"}, 2020-06-27 16:05:19, ?, view, 90e84c99-27d6-4b1f-a57b-3dba31c0857c), (90e84c99-6f77-47f2-b9c8-733767cd2139, {\"name\":\"errors::minimal\",\"path\":\"\\/resources\\/views\\/errors\\/minimal.blade.php\",\"data\":[\"exception\"],\"composers\":[{\"name\":\"Closure at \\/home\\/vagrant\\/LearnLaravel\\/vendor\\/barryvdh\\/laravel-debugbar\\/src\\/LaravelDebugbar.php[211:216]\",\"type\":\"composer\"},{\"name\":\"Closure at \\/home\\/vagrant\\/LearnLaravel\\/vendor\\/beyondcode\\/laravel-view-xray\\/src\\/Xray.php[15:23]\",\"type\":\"composer\"}],\"hostname\":\"homestead\"}, 2020-06-27 16:05:19, ?, view, 90e84c99-3afe-455b-971a-d4aa0656368c), (90e84c99-6f77-47f2-b9c8-733767cd2139, {\"requestId\":\"Xfb5cd9776a4ff74e93b3a03bf5831986\",\"hostname\":\"homestead\"}, 2020-06-27 16:05:19, ?, debugbar, 90e84c99-6453-4084-ace3-ec7aa51c2d31), (90e84c99-6f77-47f2-b9c8-733767cd2139, {\"uri\":\"\\/js\\/portal-vue.common.js.map\",\"method\":\"GET\",\"controller_action\":null,\"middleware\":[],\"headers\":{\"cookie\":\"XSRF-TOKEN=eyJpdiI6IjNhMXlRd0dHdzJaRkEycTBoT0NtaWc9PSIsInZhbHVlIjoiTkxGNCtMc2VNRWl0TklvNFwvNklxRUxWR2srMUxFRWpVOFBjSjF4b3c1NHJLVHNWOEZvQ3RyVnlJS2RPME5MZFIiLCJtYWMiOiI4MmU1NDNiM2U0YmZhZTc0YWFiOWQ0NjgxMjI4NTJiNWYwYjIyZTczMWMzZGY1ZDUyNDQ0ZWE5MGI5NmE4MWJhIn0%3D; learnlaravel_session=eyJpdiI6IkYwNFZUbnNPWllWaGNUS3FTMWJlSHc9PSIsInZhbHVlIjoiK21JM2tRdHpYajVpbjVCbkdLeURUK05WY2s1TnRyNHZZQXkweWh5ajMzRlVHa284WmJQcGZ5S2VneWRLOFwvRGQiLCJtYWMiOiJkNDExYTVhM2I4ZTY3MDFlOGJhMTM4NDRjYWI0NjdkZWM0NWMxMWVkYTZmYzg0YTc2ZTUzOGE3MGJmOTM0NmZkIn0%3D\",\"accept-language\":\"en-US,en;q=0.9,sq;q=0.8,hu;q=0.7\",\"accept-encoding\":\"gzip, deflate\",\"user-agent\":\"Mozilla\\/5.0 (Windows NT 10.0; Win64; x64) AppleWebKit\\/537.36 (KHTML, like Gecko) Chrome\\/83.0.4103.116 Safari\\/537.36\",\"connection\":\"keep-alive\",\"host\":\"learnlaravel.test\",\"content-length\":\"\",\"content-type\":\"\"},\"payload\":[],\"session\":[],\"response_status\":404,\"response\":\"HTML Response\",\"duration\":1592,\"memory\":2,\"hostname\":\"homestead\"}, 2020-06-27 16:05:19, ?, request, 90e84c99-6a04-41ff-8fd2-ecb168b7ca82)) at /home/vagrant/LearnLaravel/vendor/laravel/framework/src/Illuminate/Database/Connection.php:669)
[stacktrace]
#0 /home/vagrant/LearnLaravel/vendor/laravel/framework/src/Illuminate/Database/Connection.php(629): Illuminate\\Database\\Connection->runQueryCallback()
#1 /home/vagrant/LearnLaravel/vendor/laravel/framework/src/Illuminate/Database/Connection.php(464): Illuminate\\Database\\Connection->run()
#2 /home/vagrant/LearnLaravel/vendor/laravel/framework/src/Illuminate/Database/Connection.php(416): Illuminate\\Database\\Connection->statement()
#3 /home/vagrant/LearnLaravel/vendor/laravel/framework/src/Illuminate/Database/Query/Builder.php(2651): Illuminate\\Database\\Connection->insert()
#4 /home/vagrant/LearnLaravel/vendor/laravel/telescope/src/Storage/DatabaseEntriesRepository.php(148): Illuminate\\Database\\Query\\Builder->insert()
#5 /home/vagrant/LearnLaravel/vendor/laravel/framework/src/Illuminate/Support/Traits/EnumeratesValues.php(176): Laravel\\Telescope\\Storage\\DatabaseEntriesRepository->Laravel\\Telescope\\Storage\\{closure}()
#6 /home/vagrant/LearnLaravel/vendor/laravel/telescope/src/Storage/DatabaseEntriesRepository.php(149): Illuminate\\Support\\Collection->each()
#7 /home/vagrant/LearnLaravel/vendor/laravel/telescope/src/Telescope.php(567): Laravel\\Telescope\\Storage\\DatabaseEntriesRepository->store()
#8 /home/vagrant/LearnLaravel/vendor/laravel/telescope/src/ListensForStorageOpportunities.php(44): Laravel\\Telescope\\Telescope::store()
#9 [internal function]: Laravel\\Telescope\\Telescope::Laravel\\Telescope\\{closure}()
#10 /home/vagrant/LearnLaravel/vendor/laravel/framework/src/Illuminate/Container/BoundMethod.php(32): call_user_func_array()
#11 /home/vagrant/LearnLaravel/vendor/laravel/framework/src/Illuminate/Container/Util.php(36): Illuminate\\Container\\BoundMethod::Illuminate\\Container\\{closure}()
#12 /home/vagrant/LearnLaravel/vendor/laravel/framework/src/Illuminate/Container/BoundMethod.php(78): Illuminate\\Container\\Util::unwrapIfClosure()
#13 /home/vagrant/LearnLaravel/vendor/laravel/framework/src/Illuminate/Container/BoundMethod.php(34): Illuminate\\Container\\BoundMethod::callBoundMethod()
#14 /home/vagrant/LearnLaravel/vendor/laravel/framework/src/Illuminate/Container/Container.php(590): Illuminate\\Container\\BoundMethod::call()
#15 /home/vagrant/LearnLaravel/vendor/laravel/framework/src/Illuminate/Foundation/Application.php(1067): Illuminate\\Container\\Container->call()
#16 /home/vagrant/LearnLaravel/vendor/laravel/framework/src/Illuminate/Foundation/Http/Kernel.php(185): Illuminate\\Foundation\\Application->terminate()
#17 /home/vagrant/LearnLaravel/public/index.php(60): Illuminate\\Foundation\\Http\\Kernel->terminate()
#18 {main}

[previous exception] [object] (PDOException(code: 42S02): SQLSTATE[42S02]: Base table or view not found: 1146 Table 'learnlaravel.telescope_entries' doesn't exist at /home/vagrant/LearnLaravel/vendor/laravel/framework/src/Illuminate/Database/Connection.php:457)
[stacktrace]
#0 /home/vagrant/LearnLaravel/vendor/laravel/framework/src/Illuminate/Database/Connection.php(457): PDO->prepare()
#1 /home/vagrant/LearnLaravel/vendor/laravel/framework/src/Illuminate/Database/Connection.php(662): Illuminate\\Database\\Connection->Illuminate\\Database\\{closure}()
#2 /home/vagrant/LearnLaravel/vendor/laravel/framework/src/Illuminate/Database/Connection.php(629): Illuminate\\Database\\Connection->runQueryCallback()
#3 /home/vagrant/LearnLaravel/vendor/laravel/framework/src/Illuminate/Database/Connection.php(464): Illuminate\\Database\\Connection->run()
#4 /home/vagrant/LearnLaravel/vendor/laravel/framework/src/Illuminate/Database/Connection.php(416): Illuminate\\Database\\Connection->statement()
#5 /home/vagrant/LearnLaravel/vendor/laravel/framework/src/Illuminate/Database/Query/Builder.php(2651): Illuminate\\Database\\Connection->insert()
#6 /home/vagrant/LearnLaravel/vendor/laravel/telescope/src/Storage/DatabaseEntriesRepository.php(148): Illuminate\\Database\\Query\\Builder->insert()
#7 /home/vagrant/LearnLaravel/vendor/laravel/framework/src/Illuminate/Support/Traits/EnumeratesValues.php(176): Laravel\\Telescope\\Storage\\DatabaseEntriesRepository->Laravel\\Telescope\\Storage\\{closure}()
#8 /home/vagrant/LearnLaravel/vendor/laravel/telescope/src/Storage/DatabaseEntriesRepository.php(149): Illuminate\\Support\\Collection->each()
#9 /home/vagrant/LearnLaravel/vendor/laravel/telescope/src/Telescope.php(567): Laravel\\Telescope\\Storage\\DatabaseEntriesRepository->store()
#10 /home/vagrant/LearnLaravel/vendor/laravel/telescope/src/ListensForStorageOpportunities.php(44): Laravel\\Telescope\\Telescope::store()
#11 [internal function]: Laravel\\Telescope\\Telescope::Laravel\\Telescope\\{closure}()
#12 /home/vagrant/LearnLaravel/vendor/laravel/framework/src/Illuminate/Container/BoundMethod.php(32): call_user_func_array()
#13 /home/vagrant/LearnLaravel/vendor/laravel/framework/src/Illuminate/Container/Util.php(36): Illuminate\\Container\\BoundMethod::Illuminate\\Container\\{closure}()
#14 /home/vagrant/LearnLaravel/vendor/laravel/framework/src/Illuminate/Container/BoundMethod.php(78): Illuminate\\Container\\Util::unwrapIfClosure()
#15 /home/vagrant/LearnLaravel/vendor/laravel/framework/src/Illuminate/Container/BoundMethod.php(34): Illuminate\\Container\\BoundMethod::callBoundMethod()
#16 /home/vagrant/LearnLaravel/vendor/laravel/framework/src/Illuminate/Container/Container.php(590): Illuminate\\Container\\BoundMethod::call()
#17 /home/vagrant/LearnLaravel/vendor/laravel/framework/src/Illuminate/Foundation/Application.php(1067): Illuminate\\Container\\Container->call()
#18 /home/vagrant/LearnLaravel/vendor/laravel/framework/src/Illuminate/Foundation/Http/Kernel.php(185): Illuminate\\Foundation\\Application->terminate()
#19 /home/vagrant/LearnLaravel/public/index.php(60): Illuminate\\Foundation\\Http\\Kernel->terminate()
#20 {main}
"} 
[2020-06-27 16:05:19] local.CRITICAL: Destructed App Service Provider  
[2020-06-27 16:05:50] local.ERROR: SQLSTATE[42S02]: Base table or view not found: 1146 Table 'learnlaravel.telescope_entries' doesn't exist (SQL: insert into `telescope_entries` (`batch_id`, `content`, `created_at`, `family_hash`, `type`, `uuid`) values (90e84cc8-beec-4f26-a1a6-4e926b26ce4b, {"name":"tabs.index","path":"\/resources\/views\/tabs\/index.blade.php","data":[],"composers":[{"name":"Closure at \/home\/vagrant\/LearnLaravel\/vendor\/barryvdh\/laravel-debugbar\/src\/LaravelDebugbar.php[211:216]","type":"composer"},{"name":"Closure at \/home\/vagrant\/LearnLaravel\/vendor\/beyondcode\/laravel-view-xray\/src\/Xray.php[15:23]","type":"composer"}],"hostname":"homestead"}, 2020-06-27 16:05:50, ?, view, 90e84cc8-57b4-47f7-9b8f-43ece8200e10), (90e84cc8-beec-4f26-a1a6-4e926b26ce4b, {"name":"layouts.app","path":"\/resources\/views\/layouts\/app.blade.php","data":[],"composers":[{"name":"Closure at \/home\/vagrant\/LearnLaravel\/vendor\/barryvdh\/laravel-debugbar\/src\/LaravelDebugbar.php[211:216]","type":"composer"},{"name":"Closure at \/home\/vagrant\/LearnLaravel\/vendor\/beyondcode\/laravel-view-xray\/src\/Xray.php[15:23]","type":"composer"}],"hostname":"homestead"}, 2020-06-27 16:05:50, ?, view, 90e84cc8-62d4-4806-8ddb-977105471f05), (90e84cc8-beec-4f26-a1a6-4e926b26ce4b, {"name":"xray::xray","path":"\/vendor\/beyondcode\/laravel-view-xray\/src\/..\/resources\/views\/xray.blade.php","data":["routeInformation","viewPath","viewName"],"composers":[{"name":"Closure at \/home\/vagrant\/LearnLaravel\/vendor\/barryvdh\/laravel-debugbar\/src\/LaravelDebugbar.php[211:216]","type":"composer"},{"name":"Closure at \/home\/vagrant\/LearnLaravel\/vendor\/beyondcode\/laravel-view-xray\/src\/Xray.php[15:23]","type":"composer"}],"hostname":"homestead"}, 2020-06-27 16:05:50, ?, view, 90e84cc8-7e28-4787-9174-1f395ba5e6d1), (90e84cc8-beec-4f26-a1a6-4e926b26ce4b, {"requestId":"Xf8f308468829bc3f1c907853dcc94037","hostname":"homestead"}, 2020-06-27 16:05:50, ?, debugbar, 90e84cc8-b0c8-4234-88e5-95a9a130fbd7), (90e84cc8-beec-4f26-a1a6-4e926b26ce4b, {"uri":"\/tabsexample","method":"GET","controller_action":"Closure","middleware":["web"],"headers":{"cookie":"XSRF-TOKEN=eyJpdiI6IjNhMXlRd0dHdzJaRkEycTBoT0NtaWc9PSIsInZhbHVlIjoiTkxGNCtMc2VNRWl0TklvNFwvNklxRUxWR2srMUxFRWpVOFBjSjF4b3c1NHJLVHNWOEZvQ3RyVnlJS2RPME5MZFIiLCJtYWMiOiI4MmU1NDNiM2U0YmZhZTc0YWFiOWQ0NjgxMjI4NTJiNWYwYjIyZTczMWMzZGY1ZDUyNDQ0ZWE5MGI5NmE4MWJhIn0%3D; learnlaravel_session=eyJpdiI6IkYwNFZUbnNPWllWaGNUS3FTMWJlSHc9PSIsInZhbHVlIjoiK21JM2tRdHpYajVpbjVCbkdLeURUK05WY2s1TnRyNHZZQXkweWh5ajMzRlVHa284WmJQcGZ5S2VneWRLOFwvRGQiLCJtYWMiOiJkNDExYTVhM2I4ZTY3MDFlOGJhMTM4NDRjYWI0NjdkZWM0NWMxMWVkYTZmYzg0YTc2ZTUzOGE3MGJmOTM0NmZkIn0%3D","accept-language":"en-US,en;q=0.9,sq;q=0.8,hu;q=0.7","accept-encoding":"gzip, deflate","accept":"text\/html,application\/xhtml+xml,application\/xml;q=0.9,image\/webp,image\/apng,*\/*;q=0.8,application\/signed-exchange;v=b3;q=0.9","user-agent":"Mozilla\/5.0 (Windows NT 10.0; Win64; x64) AppleWebKit\/537.36 (KHTML, like Gecko) Chrome\/83.0.4103.116 Safari\/537.36","upgrade-insecure-requests":"1","cache-control":"no-cache","pragma":"no-cache","connection":"keep-alive","host":"learnlaravel.test","content-length":"","content-type":""},"payload":[],"session":{"_token":"N5TMoxV2MvgnRZo2tjHXweqLN04XlcFMdRqMfT92","_previous":{"url":"http:\/\/learnlaravel.test\/tabsexample"},"_flash":{"old":[],"new":[]},"PHPDEBUGBAR_STACK_DATA":[]},"response_status":200,"response":"HTML Response","duration":1535,"memory":4,"hostname":"homestead"}, 2020-06-27 16:05:50, ?, request, 90e84cc8-b4f6-4016-b39f-8748383490af)) {"exception":"[object] (Illuminate\\Database\\QueryException(code: 42S02): SQLSTATE[42S02]: Base table or view not found: 1146 Table 'learnlaravel.telescope_entries' doesn't exist (SQL: insert into `telescope_entries` (`batch_id`, `content`, `created_at`, `family_hash`, `type`, `uuid`) values (90e84cc8-beec-4f26-a1a6-4e926b26ce4b, {\"name\":\"tabs.index\",\"path\":\"\\/resources\\/views\\/tabs\\/index.blade.php\",\"data\":[],\"composers\":[{\"name\":\"Closure at \\/home\\/vagrant\\/LearnLaravel\\/vendor\\/barryvdh\\/laravel-debugbar\\/src\\/LaravelDebugbar.php[211:216]\",\"type\":\"composer\"},{\"name\":\"Closure at \\/home\\/vagrant\\/LearnLaravel\\/vendor\\/beyondcode\\/laravel-view-xray\\/src\\/Xray.php[15:23]\",\"type\":\"composer\"}],\"hostname\":\"homestead\"}, 2020-06-27 16:05:50, ?, view, 90e84cc8-57b4-47f7-9b8f-43ece8200e10), (90e84cc8-beec-4f26-a1a6-4e926b26ce4b, {\"name\":\"layouts.app\",\"path\":\"\\/resources\\/views\\/layouts\\/app.blade.php\",\"data\":[],\"composers\":[{\"name\":\"Closure at \\/home\\/vagrant\\/LearnLaravel\\/vendor\\/barryvdh\\/laravel-debugbar\\/src\\/LaravelDebugbar.php[211:216]\",\"type\":\"composer\"},{\"name\":\"Closure at \\/home\\/vagrant\\/LearnLaravel\\/vendor\\/beyondcode\\/laravel-view-xray\\/src\\/Xray.php[15:23]\",\"type\":\"composer\"}],\"hostname\":\"homestead\"}, 2020-06-27 16:05:50, ?, view, 90e84cc8-62d4-4806-8ddb-977105471f05), (90e84cc8-beec-4f26-a1a6-4e926b26ce4b, {\"name\":\"xray::xray\",\"path\":\"\\/vendor\\/beyondcode\\/laravel-view-xray\\/src\\/..\\/resources\\/views\\/xray.blade.php\",\"data\":[\"routeInformation\",\"viewPath\",\"viewName\"],\"composers\":[{\"name\":\"Closure at \\/home\\/vagrant\\/LearnLaravel\\/vendor\\/barryvdh\\/laravel-debugbar\\/src\\/LaravelDebugbar.php[211:216]\",\"type\":\"composer\"},{\"name\":\"Closure at \\/home\\/vagrant\\/LearnLaravel\\/vendor\\/beyondcode\\/laravel-view-xray\\/src\\/Xray.php[15:23]\",\"type\":\"composer\"}],\"hostname\":\"homestead\"}, 2020-06-27 16:05:50, ?, view, 90e84cc8-7e28-4787-9174-1f395ba5e6d1), (90e84cc8-beec-4f26-a1a6-4e926b26ce4b, {\"requestId\":\"Xf8f308468829bc3f1c907853dcc94037\",\"hostname\":\"homestead\"}, 2020-06-27 16:05:50, ?, debugbar, 90e84cc8-b0c8-4234-88e5-95a9a130fbd7), (90e84cc8-beec-4f26-a1a6-4e926b26ce4b, {\"uri\":\"\\/tabsexample\",\"method\":\"GET\",\"controller_action\":\"Closure\",\"middleware\":[\"web\"],\"headers\":{\"cookie\":\"XSRF-TOKEN=eyJpdiI6IjNhMXlRd0dHdzJaRkEycTBoT0NtaWc9PSIsInZhbHVlIjoiTkxGNCtMc2VNRWl0TklvNFwvNklxRUxWR2srMUxFRWpVOFBjSjF4b3c1NHJLVHNWOEZvQ3RyVnlJS2RPME5MZFIiLCJtYWMiOiI4MmU1NDNiM2U0YmZhZTc0YWFiOWQ0NjgxMjI4NTJiNWYwYjIyZTczMWMzZGY1ZDUyNDQ0ZWE5MGI5NmE4MWJhIn0%3D; learnlaravel_session=eyJpdiI6IkYwNFZUbnNPWllWaGNUS3FTMWJlSHc9PSIsInZhbHVlIjoiK21JM2tRdHpYajVpbjVCbkdLeURUK05WY2s1TnRyNHZZQXkweWh5ajMzRlVHa284WmJQcGZ5S2VneWRLOFwvRGQiLCJtYWMiOiJkNDExYTVhM2I4ZTY3MDFlOGJhMTM4NDRjYWI0NjdkZWM0NWMxMWVkYTZmYzg0YTc2ZTUzOGE3MGJmOTM0NmZkIn0%3D\",\"accept-language\":\"en-US,en;q=0.9,sq;q=0.8,hu;q=0.7\",\"accept-encoding\":\"gzip, deflate\",\"accept\":\"text\\/html,application\\/xhtml+xml,application\\/xml;q=0.9,image\\/webp,image\\/apng,*\\/*;q=0.8,application\\/signed-exchange;v=b3;q=0.9\",\"user-agent\":\"Mozilla\\/5.0 (Windows NT 10.0; Win64; x64) AppleWebKit\\/537.36 (KHTML, like Gecko) Chrome\\/83.0.4103.116 Safari\\/537.36\",\"upgrade-insecure-requests\":\"1\",\"cache-control\":\"no-cache\",\"pragma\":\"no-cache\",\"connection\":\"keep-alive\",\"host\":\"learnlaravel.test\",\"content-length\":\"\",\"content-type\":\"\"},\"payload\":[],\"session\":{\"_token\":\"N5TMoxV2MvgnRZo2tjHXweqLN04XlcFMdRqMfT92\",\"_previous\":{\"url\":\"http:\\/\\/learnlaravel.test\\/tabsexample\"},\"_flash\":{\"old\":[],\"new\":[]},\"PHPDEBUGBAR_STACK_DATA\":[]},\"response_status\":200,\"response\":\"HTML Response\",\"duration\":1535,\"memory\":4,\"hostname\":\"homestead\"}, 2020-06-27 16:05:50, ?, request, 90e84cc8-b4f6-4016-b39f-8748383490af)) at /home/vagrant/LearnLaravel/vendor/laravel/framework/src/Illuminate/Database/Connection.php:669)
[stacktrace]
#0 /home/vagrant/LearnLaravel/vendor/laravel/framework/src/Illuminate/Database/Connection.php(629): Illuminate\\Database\\Connection->runQueryCallback()
#1 /home/vagrant/LearnLaravel/vendor/laravel/framework/src/Illuminate/Database/Connection.php(464): Illuminate\\Database\\Connection->run()
#2 /home/vagrant/LearnLaravel/vendor/laravel/framework/src/Illuminate/Database/Connection.php(416): Illuminate\\Database\\Connection->statement()
#3 /home/vagrant/LearnLaravel/vendor/laravel/framework/src/Illuminate/Database/Query/Builder.php(2651): Illuminate\\Database\\Connection->insert()
#4 /home/vagrant/LearnLaravel/vendor/laravel/telescope/src/Storage/DatabaseEntriesRepository.php(148): Illuminate\\Database\\Query\\Builder->insert()
#5 /home/vagrant/LearnLaravel/vendor/laravel/framework/src/Illuminate/Support/Traits/EnumeratesValues.php(176): Laravel\\Telescope\\Storage\\DatabaseEntriesRepository->Laravel\\Telescope\\Storage\\{closure}()
#6 /home/vagrant/LearnLaravel/vendor/laravel/telescope/src/Storage/DatabaseEntriesRepository.php(149): Illuminate\\Support\\Collection->each()
#7 /home/vagrant/LearnLaravel/vendor/laravel/telescope/src/Telescope.php(567): Laravel\\Telescope\\Storage\\DatabaseEntriesRepository->store()
#8 /home/vagrant/LearnLaravel/vendor/laravel/telescope/src/ListensForStorageOpportunities.php(44): Laravel\\Telescope\\Telescope::store()
#9 [internal function]: Laravel\\Telescope\\Telescope::Laravel\\Telescope\\{closure}()
#10 /home/vagrant/LearnLaravel/vendor/laravel/framework/src/Illuminate/Container/BoundMethod.php(32): call_user_func_array()
#11 /home/vagrant/LearnLaravel/vendor/laravel/framework/src/Illuminate/Container/Util.php(36): Illuminate\\Container\\BoundMethod::Illuminate\\Container\\{closure}()
#12 /home/vagrant/LearnLaravel/vendor/laravel/framework/src/Illuminate/Container/BoundMethod.php(78): Illuminate\\Container\\Util::unwrapIfClosure()
#13 /home/vagrant/LearnLaravel/vendor/laravel/framework/src/Illuminate/Container/BoundMethod.php(34): Illuminate\\Container\\BoundMethod::callBoundMethod()
#14 /home/vagrant/LearnLaravel/vendor/laravel/framework/src/Illuminate/Container/Container.php(590): Illuminate\\Container\\BoundMethod::call()
#15 /home/vagrant/LearnLaravel/vendor/laravel/framework/src/Illuminate/Foundation/Application.php(1067): Illuminate\\Container\\Container->call()
#16 /home/vagrant/LearnLaravel/vendor/laravel/framework/src/Illuminate/Foundation/Http/Kernel.php(185): Illuminate\\Foundation\\Application->terminate()
#17 /home/vagrant/LearnLaravel/public/index.php(60): Illuminate\\Foundation\\Http\\Kernel->terminate()
#18 {main}

[previous exception] [object] (PDOException(code: 42S02): SQLSTATE[42S02]: Base table or view not found: 1146 Table 'learnlaravel.telescope_entries' doesn't exist at /home/vagrant/LearnLaravel/vendor/laravel/framework/src/Illuminate/Database/Connection.php:457)
[stacktrace]
#0 /home/vagrant/LearnLaravel/vendor/laravel/framework/src/Illuminate/Database/Connection.php(457): PDO->prepare()
#1 /home/vagrant/LearnLaravel/vendor/laravel/framework/src/Illuminate/Database/Connection.php(662): Illuminate\\Database\\Connection->Illuminate\\Database\\{closure}()
#2 /home/vagrant/LearnLaravel/vendor/laravel/framework/src/Illuminate/Database/Connection.php(629): Illuminate\\Database\\Connection->runQueryCallback()
#3 /home/vagrant/LearnLaravel/vendor/laravel/framework/src/Illuminate/Database/Connection.php(464): Illuminate\\Database\\Connection->run()
#4 /home/vagrant/LearnLaravel/vendor/laravel/framework/src/Illuminate/Database/Connection.php(416): Illuminate\\Database\\Connection->statement()
#5 /home/vagrant/LearnLaravel/vendor/laravel/framework/src/Illuminate/Database/Query/Builder.php(2651): Illuminate\\Database\\Connection->insert()
#6 /home/vagrant/LearnLaravel/vendor/laravel/telescope/src/Storage/DatabaseEntriesRepository.php(148): Illuminate\\Database\\Query\\Builder->insert()
#7 /home/vagrant/LearnLaravel/vendor/laravel/framework/src/Illuminate/Support/Traits/EnumeratesValues.php(176): Laravel\\Telescope\\Storage\\DatabaseEntriesRepository->Laravel\\Telescope\\Storage\\{closure}()
#8 /home/vagrant/LearnLaravel/vendor/laravel/telescope/src/Storage/DatabaseEntriesRepository.php(149): Illuminate\\Support\\Collection->each()
#9 /home/vagrant/LearnLaravel/vendor/laravel/telescope/src/Telescope.php(567): Laravel\\Telescope\\Storage\\DatabaseEntriesRepository->store()
#10 /home/vagrant/LearnLaravel/vendor/laravel/telescope/src/ListensForStorageOpportunities.php(44): Laravel\\Telescope\\Telescope::store()
#11 [internal function]: Laravel\\Telescope\\Telescope::Laravel\\Telescope\\{closure}()
#12 /home/vagrant/LearnLaravel/vendor/laravel/framework/src/Illuminate/Container/BoundMethod.php(32): call_user_func_array()
#13 /home/vagrant/LearnLaravel/vendor/laravel/framework/src/Illuminate/Container/Util.php(36): Illuminate\\Container\\BoundMethod::Illuminate\\Container\\{closure}()
#14 /home/vagrant/LearnLaravel/vendor/laravel/framework/src/Illuminate/Container/BoundMethod.php(78): Illuminate\\Container\\Util::unwrapIfClosure()
#15 /home/vagrant/LearnLaravel/vendor/laravel/framework/src/Illuminate/Container/BoundMethod.php(34): Illuminate\\Container\\BoundMethod::callBoundMethod()
#16 /home/vagrant/LearnLaravel/vendor/laravel/framework/src/Illuminate/Container/Container.php(590): Illuminate\\Container\\BoundMethod::call()
#17 /home/vagrant/LearnLaravel/vendor/laravel/framework/src/Illuminate/Foundation/Application.php(1067): Illuminate\\Container\\Container->call()
#18 /home/vagrant/LearnLaravel/vendor/laravel/framework/src/Illuminate/Foundation/Http/Kernel.php(185): Illuminate\\Foundation\\Application->terminate()
#19 /home/vagrant/LearnLaravel/public/index.php(60): Illuminate\\Foundation\\Http\\Kernel->terminate()
#20 {main}
"} 
[2020-06-27 16:05:50] local.CRITICAL: Destructed App Service Provider  
[2020-06-27 16:05:54] local.CRITICAL: Destructed App Service Provider  
[2020-06-27 16:05:54] local.CRITICAL: Destructed App Service Provider  
[2020-06-27 16:05:55] local.ERROR: SQLSTATE[42S02]: Base table or view not found: 1146 Table 'learnlaravel.telescope_entries' doesn't exist (SQL: insert into `telescope_entries` (`batch_id`, `content`, `created_at`, `family_hash`, `type`, `uuid`) values (90e84ccf-e7be-4050-9cda-da7184f1d323, {"name":"errors::404","path":"\/resources\/views\/errors\/404.blade.php","data":["exception"],"composers":[{"name":"Closure at \/home\/vagrant\/LearnLaravel\/vendor\/barryvdh\/laravel-debugbar\/src\/LaravelDebugbar.php[211:216]","type":"composer"},{"name":"Closure at \/home\/vagrant\/LearnLaravel\/vendor\/beyondcode\/laravel-view-xray\/src\/Xray.php[15:23]","type":"composer"}],"hostname":"homestead"}, 2020-06-27 16:05:54, ?, view, 90e84ccf-906b-4655-9e0d-24ff9d6e8322), (90e84ccf-e7be-4050-9cda-da7184f1d323, {"name":"errors::minimal","path":"\/resources\/views\/errors\/minimal.blade.php","data":["exception"],"composers":[{"name":"Closure at \/home\/vagrant\/LearnLaravel\/vendor\/barryvdh\/laravel-debugbar\/src\/LaravelDebugbar.php[211:216]","type":"composer"},{"name":"Closure at \/home\/vagrant\/LearnLaravel\/vendor\/beyondcode\/laravel-view-xray\/src\/Xray.php[15:23]","type":"composer"}],"hostname":"homestead"}, 2020-06-27 16:05:54, ?, view, 90e84ccf-a946-4ba5-b8b3-0246e43db0d3), (90e84ccf-e7be-4050-9cda-da7184f1d323, {"requestId":"X20d930ca2cf29dad911e196838fbc225","hostname":"homestead"}, 2020-06-27 16:05:55, ?, debugbar, 90e84ccf-de79-4943-8deb-3b054de38074), (90e84ccf-e7be-4050-9cda-da7184f1d323, {"uri":"\/js\/portal-vue.common.js.map","method":"GET","controller_action":null,"middleware":[],"headers":{"cookie":"XSRF-TOKEN=eyJpdiI6IjNMMldyS0RTaFwvXC9XdDltQlB3ejNFZz09IiwidmFsdWUiOiJHNkx1THRoZHpIb0x5ekxEM0dxN1l5aHJxSys3RlVWVGVTZUg5QUdsZXlMZXFicFVWMDFWbllaYXZZWUgzTCthIiwibWFjIjoiYWFjODMyNGJkNTE4YWQyMDBjOTYwNWZlY2ZiNTNjYWE2YWIwY2U1NzU3MTI2OTQyYTllMDIzMzEzMmM5NDE1ZSJ9; learnlaravel_session=eyJpdiI6InRDWEJ0SHNaa1hcL2hYS1Z6bVQ5Q21nPT0iLCJ2YWx1ZSI6IlwvRmlMNEY0a1JkakpmaXM5bjU4Q0x0RmV0MDFhRXNkM3BySWQwZTZYTlJDdzlZSFB0dWJ6RzFUSVZXNU9hZUxvIiwibWFjIjoiZThkNWIyY2ViYTA0Yzg0YTA3YjMyMGQzZWUzZWZjZDRiNDg5ZjEwM2Y1YmYwZTI0ZTg4ZDRjNjExZmJlZjY1YSJ9","accept-language":"en-US,en;q=0.9,sq;q=0.8,hu;q=0.7","accept-encoding":"gzip, deflate","user-agent":"Mozilla\/5.0 (Windows NT 10.0; Win64; x64) AppleWebKit\/537.36 (KHTML, like Gecko) Chrome\/83.0.4103.116 Safari\/537.36","connection":"keep-alive","host":"learnlaravel.test","content-length":"","content-type":""},"payload":[],"session":[],"response_status":404,"response":"HTML Response","duration":3345,"memory":6,"hostname":"homestead"}, 2020-06-27 16:05:55, ?, request, 90e84ccf-e412-42e2-9172-e71e5f672d6d)) {"exception":"[object] (Illuminate\\Database\\QueryException(code: 42S02): SQLSTATE[42S02]: Base table or view not found: 1146 Table 'learnlaravel.telescope_entries' doesn't exist (SQL: insert into `telescope_entries` (`batch_id`, `content`, `created_at`, `family_hash`, `type`, `uuid`) values (90e84ccf-e7be-4050-9cda-da7184f1d323, {\"name\":\"errors::404\",\"path\":\"\\/resources\\/views\\/errors\\/404.blade.php\",\"data\":[\"exception\"],\"composers\":[{\"name\":\"Closure at \\/home\\/vagrant\\/LearnLaravel\\/vendor\\/barryvdh\\/laravel-debugbar\\/src\\/LaravelDebugbar.php[211:216]\",\"type\":\"composer\"},{\"name\":\"Closure at \\/home\\/vagrant\\/LearnLaravel\\/vendor\\/beyondcode\\/laravel-view-xray\\/src\\/Xray.php[15:23]\",\"type\":\"composer\"}],\"hostname\":\"homestead\"}, 2020-06-27 16:05:54, ?, view, 90e84ccf-906b-4655-9e0d-24ff9d6e8322), (90e84ccf-e7be-4050-9cda-da7184f1d323, {\"name\":\"errors::minimal\",\"path\":\"\\/resources\\/views\\/errors\\/minimal.blade.php\",\"data\":[\"exception\"],\"composers\":[{\"name\":\"Closure at \\/home\\/vagrant\\/LearnLaravel\\/vendor\\/barryvdh\\/laravel-debugbar\\/src\\/LaravelDebugbar.php[211:216]\",\"type\":\"composer\"},{\"name\":\"Closure at \\/home\\/vagrant\\/LearnLaravel\\/vendor\\/beyondcode\\/laravel-view-xray\\/src\\/Xray.php[15:23]\",\"type\":\"composer\"}],\"hostname\":\"homestead\"}, 2020-06-27 16:05:54, ?, view, 90e84ccf-a946-4ba5-b8b3-0246e43db0d3), (90e84ccf-e7be-4050-9cda-da7184f1d323, {\"requestId\":\"X20d930ca2cf29dad911e196838fbc225\",\"hostname\":\"homestead\"}, 2020-06-27 16:05:55, ?, debugbar, 90e84ccf-de79-4943-8deb-3b054de38074), (90e84ccf-e7be-4050-9cda-da7184f1d323, {\"uri\":\"\\/js\\/portal-vue.common.js.map\",\"method\":\"GET\",\"controller_action\":null,\"middleware\":[],\"headers\":{\"cookie\":\"XSRF-TOKEN=eyJpdiI6IjNMMldyS0RTaFwvXC9XdDltQlB3ejNFZz09IiwidmFsdWUiOiJHNkx1THRoZHpIb0x5ekxEM0dxN1l5aHJxSys3RlVWVGVTZUg5QUdsZXlMZXFicFVWMDFWbllaYXZZWUgzTCthIiwibWFjIjoiYWFjODMyNGJkNTE4YWQyMDBjOTYwNWZlY2ZiNTNjYWE2YWIwY2U1NzU3MTI2OTQyYTllMDIzMzEzMmM5NDE1ZSJ9; learnlaravel_session=eyJpdiI6InRDWEJ0SHNaa1hcL2hYS1Z6bVQ5Q21nPT0iLCJ2YWx1ZSI6IlwvRmlMNEY0a1JkakpmaXM5bjU4Q0x0RmV0MDFhRXNkM3BySWQwZTZYTlJDdzlZSFB0dWJ6RzFUSVZXNU9hZUxvIiwibWFjIjoiZThkNWIyY2ViYTA0Yzg0YTA3YjMyMGQzZWUzZWZjZDRiNDg5ZjEwM2Y1YmYwZTI0ZTg4ZDRjNjExZmJlZjY1YSJ9\",\"accept-language\":\"en-US,en;q=0.9,sq;q=0.8,hu;q=0.7\",\"accept-encoding\":\"gzip, deflate\",\"user-agent\":\"Mozilla\\/5.0 (Windows NT 10.0; Win64; x64) AppleWebKit\\/537.36 (KHTML, like Gecko) Chrome\\/83.0.4103.116 Safari\\/537.36\",\"connection\":\"keep-alive\",\"host\":\"learnlaravel.test\",\"content-length\":\"\",\"content-type\":\"\"},\"payload\":[],\"session\":[],\"response_status\":404,\"response\":\"HTML Response\",\"duration\":3345,\"memory\":6,\"hostname\":\"homestead\"}, 2020-06-27 16:05:55, ?, request, 90e84ccf-e412-42e2-9172-e71e5f672d6d)) at /home/vagrant/LearnLaravel/vendor/laravel/framework/src/Illuminate/Database/Connection.php:669)
[stacktrace]
#0 /home/vagrant/LearnLaravel/vendor/laravel/framework/src/Illuminate/Database/Connection.php(629): Illuminate\\Database\\Connection->runQueryCallback()
#1 /home/vagrant/LearnLaravel/vendor/laravel/framework/src/Illuminate/Database/Connection.php(464): Illuminate\\Database\\Connection->run()
#2 /home/vagrant/LearnLaravel/vendor/laravel/framework/src/Illuminate/Database/Connection.php(416): Illuminate\\Database\\Connection->statement()
#3 /home/vagrant/LearnLaravel/vendor/laravel/framework/src/Illuminate/Database/Query/Builder.php(2651): Illuminate\\Database\\Connection->insert()
#4 /home/vagrant/LearnLaravel/vendor/laravel/telescope/src/Storage/DatabaseEntriesRepository.php(148): Illuminate\\Database\\Query\\Builder->insert()
#5 /home/vagrant/LearnLaravel/vendor/laravel/framework/src/Illuminate/Support/Traits/EnumeratesValues.php(176): Laravel\\Telescope\\Storage\\DatabaseEntriesRepository->Laravel\\Telescope\\Storage\\{closure}()
#6 /home/vagrant/LearnLaravel/vendor/laravel/telescope/src/Storage/DatabaseEntriesRepository.php(149): Illuminate\\Support\\Collection->each()
#7 /home/vagrant/LearnLaravel/vendor/laravel/telescope/src/Telescope.php(567): Laravel\\Telescope\\Storage\\DatabaseEntriesRepository->store()
#8 /home/vagrant/LearnLaravel/vendor/laravel/telescope/src/ListensForStorageOpportunities.php(44): Laravel\\Telescope\\Telescope::store()
#9 [internal function]: Laravel\\Telescope\\Telescope::Laravel\\Telescope\\{closure}()
#10 /home/vagrant/LearnLaravel/vendor/laravel/framework/src/Illuminate/Container/BoundMethod.php(32): call_user_func_array()
#11 /home/vagrant/LearnLaravel/vendor/laravel/framework/src/Illuminate/Container/Util.php(36): Illuminate\\Container\\BoundMethod::Illuminate\\Container\\{closure}()
#12 /home/vagrant/LearnLaravel/vendor/laravel/framework/src/Illuminate/Container/BoundMethod.php(78): Illuminate\\Container\\Util::unwrapIfClosure()
#13 /home/vagrant/LearnLaravel/vendor/laravel/framework/src/Illuminate/Container/BoundMethod.php(34): Illuminate\\Container\\BoundMethod::callBoundMethod()
#14 /home/vagrant/LearnLaravel/vendor/laravel/framework/src/Illuminate/Container/Container.php(590): Illuminate\\Container\\BoundMethod::call()
#15 /home/vagrant/LearnLaravel/vendor/laravel/framework/src/Illuminate/Foundation/Application.php(1067): Illuminate\\Container\\Container->call()
#16 /home/vagrant/LearnLaravel/vendor/laravel/framework/src/Illuminate/Foundation/Http/Kernel.php(185): Illuminate\\Foundation\\Application->terminate()
#17 /home/vagrant/LearnLaravel/public/index.php(60): Illuminate\\Foundation\\Http\\Kernel->terminate()
#18 {main}

[previous exception] [object] (PDOException(code: 42S02): SQLSTATE[42S02]: Base table or view not found: 1146 Table 'learnlaravel.telescope_entries' doesn't exist at /home/vagrant/LearnLaravel/vendor/laravel/framework/src/Illuminate/Database/Connection.php:457)
[stacktrace]
#0 /home/vagrant/LearnLaravel/vendor/laravel/framework/src/Illuminate/Database/Connection.php(457): PDO->prepare()
#1 /home/vagrant/LearnLaravel/vendor/laravel/framework/src/Illuminate/Database/Connection.php(662): Illuminate\\Database\\Connection->Illuminate\\Database\\{closure}()
#2 /home/vagrant/LearnLaravel/vendor/laravel/framework/src/Illuminate/Database/Connection.php(629): Illuminate\\Database\\Connection->runQueryCallback()
#3 /home/vagrant/LearnLaravel/vendor/laravel/framework/src/Illuminate/Database/Connection.php(464): Illuminate\\Database\\Connection->run()
#4 /home/vagrant/LearnLaravel/vendor/laravel/framework/src/Illuminate/Database/Connection.php(416): Illuminate\\Database\\Connection->statement()
#5 /home/vagrant/LearnLaravel/vendor/laravel/framework/src/Illuminate/Database/Query/Builder.php(2651): Illuminate\\Database\\Connection->insert()
#6 /home/vagrant/LearnLaravel/vendor/laravel/telescope/src/Storage/DatabaseEntriesRepository.php(148): Illuminate\\Database\\Query\\Builder->insert()
#7 /home/vagrant/LearnLaravel/vendor/laravel/framework/src/Illuminate/Support/Traits/EnumeratesValues.php(176): Laravel\\Telescope\\Storage\\DatabaseEntriesRepository->Laravel\\Telescope\\Storage\\{closure}()
#8 /home/vagrant/LearnLaravel/vendor/laravel/telescope/src/Storage/DatabaseEntriesRepository.php(149): Illuminate\\Support\\Collection->each()
#9 /home/vagrant/LearnLaravel/vendor/laravel/telescope/src/Telescope.php(567): Laravel\\Telescope\\Storage\\DatabaseEntriesRepository->store()
#10 /home/vagrant/LearnLaravel/vendor/laravel/telescope/src/ListensForStorageOpportunities.php(44): Laravel\\Telescope\\Telescope::store()
#11 [internal function]: Laravel\\Telescope\\Telescope::Laravel\\Telescope\\{closure}()
#12 /home/vagrant/LearnLaravel/vendor/laravel/framework/src/Illuminate/Container/BoundMethod.php(32): call_user_func_array()
#13 /home/vagrant/LearnLaravel/vendor/laravel/framework/src/Illuminate/Container/Util.php(36): Illuminate\\Container\\BoundMethod::Illuminate\\Container\\{closure}()
#14 /home/vagrant/LearnLaravel/vendor/laravel/framework/src/Illuminate/Container/BoundMethod.php(78): Illuminate\\Container\\Util::unwrapIfClosure()
#15 /home/vagrant/LearnLaravel/vendor/laravel/framework/src/Illuminate/Container/BoundMethod.php(34): Illuminate\\Container\\BoundMethod::callBoundMethod()
#16 /home/vagrant/LearnLaravel/vendor/laravel/framework/src/Illuminate/Container/Container.php(590): Illuminate\\Container\\BoundMethod::call()
#17 /home/vagrant/LearnLaravel/vendor/laravel/framework/src/Illuminate/Foundation/Application.php(1067): Illuminate\\Container\\Container->call()
#18 /home/vagrant/LearnLaravel/vendor/laravel/framework/src/Illuminate/Foundation/Http/Kernel.php(185): Illuminate\\Foundation\\Application->terminate()
#19 /home/vagrant/LearnLaravel/public/index.php(60): Illuminate\\Foundation\\Http\\Kernel->terminate()
#20 {main}
"} 
[2020-06-27 16:05:55] local.CRITICAL: Destructed App Service Provider  
[2020-06-27 16:06:05] local.ERROR: SQLSTATE[42S02]: Base table or view not found: 1146 Table 'learnlaravel.telescope_entries' doesn't exist (SQL: insert into `telescope_entries` (`batch_id`, `content`, `created_at`, `family_hash`, `type`, `uuid`) values (90e84ce0-0a6d-49ea-98a9-b030804fc0aa, {"name":"tabs.index","path":"\/resources\/views\/tabs\/index.blade.php","data":[],"composers":[{"name":"Closure at \/home\/vagrant\/LearnLaravel\/vendor\/barryvdh\/laravel-debugbar\/src\/LaravelDebugbar.php[211:216]","type":"composer"},{"name":"Closure at \/home\/vagrant\/LearnLaravel\/vendor\/beyondcode\/laravel-view-xray\/src\/Xray.php[15:23]","type":"composer"}],"hostname":"homestead"}, 2020-06-27 16:06:05, ?, view, 90e84cdf-b1f0-4e1c-8308-5b62bffbeb84), (90e84ce0-0a6d-49ea-98a9-b030804fc0aa, {"name":"layouts.app","path":"\/resources\/views\/layouts\/app.blade.php","data":[],"composers":[{"name":"Closure at \/home\/vagrant\/LearnLaravel\/vendor\/barryvdh\/laravel-debugbar\/src\/LaravelDebugbar.php[211:216]","type":"composer"},{"name":"Closure at \/home\/vagrant\/LearnLaravel\/vendor\/beyondcode\/laravel-view-xray\/src\/Xray.php[15:23]","type":"composer"}],"hostname":"homestead"}, 2020-06-27 16:06:05, ?, view, 90e84cdf-bacf-4f48-b927-85e278a3dfc5), (90e84ce0-0a6d-49ea-98a9-b030804fc0aa, {"name":"xray::xray","path":"\/vendor\/beyondcode\/laravel-view-xray\/src\/..\/resources\/views\/xray.blade.php","data":["routeInformation","viewPath","viewName"],"composers":[{"name":"Closure at \/home\/vagrant\/LearnLaravel\/vendor\/barryvdh\/laravel-debugbar\/src\/LaravelDebugbar.php[211:216]","type":"composer"},{"name":"Closure at \/home\/vagrant\/LearnLaravel\/vendor\/beyondcode\/laravel-view-xray\/src\/Xray.php[15:23]","type":"composer"}],"hostname":"homestead"}, 2020-06-27 16:06:05, ?, view, 90e84cdf-d225-40b2-a87f-5b36e4be2424), (90e84ce0-0a6d-49ea-98a9-b030804fc0aa, {"requestId":"X83f9eb89667d2ddf0c10b6cdf06f3b2a","hostname":"homestead"}, 2020-06-27 16:06:05, ?, debugbar, 90e84cdf-f60a-410e-9ad3-64ebd9b05ee1), (90e84ce0-0a6d-49ea-98a9-b030804fc0aa, {"uri":"\/tabsexample","method":"GET","controller_action":"Closure","middleware":["web"],"headers":{"cookie":"XSRF-TOKEN=eyJpdiI6IjNMMldyS0RTaFwvXC9XdDltQlB3ejNFZz09IiwidmFsdWUiOiJHNkx1THRoZHpIb0x5ekxEM0dxN1l5aHJxSys3RlVWVGVTZUg5QUdsZXlMZXFicFVWMDFWbllaYXZZWUgzTCthIiwibWFjIjoiYWFjODMyNGJkNTE4YWQyMDBjOTYwNWZlY2ZiNTNjYWE2YWIwY2U1NzU3MTI2OTQyYTllMDIzMzEzMmM5NDE1ZSJ9; learnlaravel_session=eyJpdiI6InRDWEJ0SHNaa1hcL2hYS1Z6bVQ5Q21nPT0iLCJ2YWx1ZSI6IlwvRmlMNEY0a1JkakpmaXM5bjU4Q0x0RmV0MDFhRXNkM3BySWQwZTZYTlJDdzlZSFB0dWJ6RzFUSVZXNU9hZUxvIiwibWFjIjoiZThkNWIyY2ViYTA0Yzg0YTA3YjMyMGQzZWUzZWZjZDRiNDg5ZjEwM2Y1YmYwZTI0ZTg4ZDRjNjExZmJlZjY1YSJ9","accept-language":"en-US,en;q=0.9,sq;q=0.8,hu;q=0.7","accept-encoding":"gzip, deflate","accept":"text\/html,application\/xhtml+xml,application\/xml;q=0.9,image\/webp,image\/apng,*\/*;q=0.8,application\/signed-exchange;v=b3;q=0.9","user-agent":"Mozilla\/5.0 (Windows NT 10.0; Win64; x64) AppleWebKit\/537.36 (KHTML, like Gecko) Chrome\/83.0.4103.116 Safari\/537.36","upgrade-insecure-requests":"1","cache-control":"no-cache","pragma":"no-cache","connection":"keep-alive","host":"learnlaravel.test","content-length":"","content-type":""},"payload":[],"session":{"_token":"N5TMoxV2MvgnRZo2tjHXweqLN04XlcFMdRqMfT92","_previous":{"url":"http:\/\/learnlaravel.test\/tabsexample"},"_flash":{"old":[],"new":[]},"PHPDEBUGBAR_STACK_DATA":[]},"response_status":200,"response":"HTML Response","duration":1124,"memory":4,"hostname":"homestead"}, 2020-06-27 16:06:05, ?, request, 90e84cdf-fd36-4e74-832d-6c684e231405)) {"exception":"[object] (Illuminate\\Database\\QueryException(code: 42S02): SQLSTATE[42S02]: Base table or view not found: 1146 Table 'learnlaravel.telescope_entries' doesn't exist (SQL: insert into `telescope_entries` (`batch_id`, `content`, `created_at`, `family_hash`, `type`, `uuid`) values (90e84ce0-0a6d-49ea-98a9-b030804fc0aa, {\"name\":\"tabs.index\",\"path\":\"\\/resources\\/views\\/tabs\\/index.blade.php\",\"data\":[],\"composers\":[{\"name\":\"Closure at \\/home\\/vagrant\\/LearnLaravel\\/vendor\\/barryvdh\\/laravel-debugbar\\/src\\/LaravelDebugbar.php[211:216]\",\"type\":\"composer\"},{\"name\":\"Closure at \\/home\\/vagrant\\/LearnLaravel\\/vendor\\/beyondcode\\/laravel-view-xray\\/src\\/Xray.php[15:23]\",\"type\":\"composer\"}],\"hostname\":\"homestead\"}, 2020-06-27 16:06:05, ?, view, 90e84cdf-b1f0-4e1c-8308-5b62bffbeb84), (90e84ce0-0a6d-49ea-98a9-b030804fc0aa, {\"name\":\"layouts.app\",\"path\":\"\\/resources\\/views\\/layouts\\/app.blade.php\",\"data\":[],\"composers\":[{\"name\":\"Closure at \\/home\\/vagrant\\/LearnLaravel\\/vendor\\/barryvdh\\/laravel-debugbar\\/src\\/LaravelDebugbar.php[211:216]\",\"type\":\"composer\"},{\"name\":\"Closure at \\/home\\/vagrant\\/LearnLaravel\\/vendor\\/beyondcode\\/laravel-view-xray\\/src\\/Xray.php[15:23]\",\"type\":\"composer\"}],\"hostname\":\"homestead\"}, 2020-06-27 16:06:05, ?, view, 90e84cdf-bacf-4f48-b927-85e278a3dfc5), (90e84ce0-0a6d-49ea-98a9-b030804fc0aa, {\"name\":\"xray::xray\",\"path\":\"\\/vendor\\/beyondcode\\/laravel-view-xray\\/src\\/..\\/resources\\/views\\/xray.blade.php\",\"data\":[\"routeInformation\",\"viewPath\",\"viewName\"],\"composers\":[{\"name\":\"Closure at \\/home\\/vagrant\\/LearnLaravel\\/vendor\\/barryvdh\\/laravel-debugbar\\/src\\/LaravelDebugbar.php[211:216]\",\"type\":\"composer\"},{\"name\":\"Closure at \\/home\\/vagrant\\/LearnLaravel\\/vendor\\/beyondcode\\/laravel-view-xray\\/src\\/Xray.php[15:23]\",\"type\":\"composer\"}],\"hostname\":\"homestead\"}, 2020-06-27 16:06:05, ?, view, 90e84cdf-d225-40b2-a87f-5b36e4be2424), (90e84ce0-0a6d-49ea-98a9-b030804fc0aa, {\"requestId\":\"X83f9eb89667d2ddf0c10b6cdf06f3b2a\",\"hostname\":\"homestead\"}, 2020-06-27 16:06:05, ?, debugbar, 90e84cdf-f60a-410e-9ad3-64ebd9b05ee1), (90e84ce0-0a6d-49ea-98a9-b030804fc0aa, {\"uri\":\"\\/tabsexample\",\"method\":\"GET\",\"controller_action\":\"Closure\",\"middleware\":[\"web\"],\"headers\":{\"cookie\":\"XSRF-TOKEN=eyJpdiI6IjNMMldyS0RTaFwvXC9XdDltQlB3ejNFZz09IiwidmFsdWUiOiJHNkx1THRoZHpIb0x5ekxEM0dxN1l5aHJxSys3RlVWVGVTZUg5QUdsZXlMZXFicFVWMDFWbllaYXZZWUgzTCthIiwibWFjIjoiYWFjODMyNGJkNTE4YWQyMDBjOTYwNWZlY2ZiNTNjYWE2YWIwY2U1NzU3MTI2OTQyYTllMDIzMzEzMmM5NDE1ZSJ9; learnlaravel_session=eyJpdiI6InRDWEJ0SHNaa1hcL2hYS1Z6bVQ5Q21nPT0iLCJ2YWx1ZSI6IlwvRmlMNEY0a1JkakpmaXM5bjU4Q0x0RmV0MDFhRXNkM3BySWQwZTZYTlJDdzlZSFB0dWJ6RzFUSVZXNU9hZUxvIiwibWFjIjoiZThkNWIyY2ViYTA0Yzg0YTA3YjMyMGQzZWUzZWZjZDRiNDg5ZjEwM2Y1YmYwZTI0ZTg4ZDRjNjExZmJlZjY1YSJ9\",\"accept-language\":\"en-US,en;q=0.9,sq;q=0.8,hu;q=0.7\",\"accept-encoding\":\"gzip, deflate\",\"accept\":\"text\\/html,application\\/xhtml+xml,application\\/xml;q=0.9,image\\/webp,image\\/apng,*\\/*;q=0.8,application\\/signed-exchange;v=b3;q=0.9\",\"user-agent\":\"Mozilla\\/5.0 (Windows NT 10.0; Win64; x64) AppleWebKit\\/537.36 (KHTML, like Gecko) Chrome\\/83.0.4103.116 Safari\\/537.36\",\"upgrade-insecure-requests\":\"1\",\"cache-control\":\"no-cache\",\"pragma\":\"no-cache\",\"connection\":\"keep-alive\",\"host\":\"learnlaravel.test\",\"content-length\":\"\",\"content-type\":\"\"},\"payload\":[],\"session\":{\"_token\":\"N5TMoxV2MvgnRZo2tjHXweqLN04XlcFMdRqMfT92\",\"_previous\":{\"url\":\"http:\\/\\/learnlaravel.test\\/tabsexample\"},\"_flash\":{\"old\":[],\"new\":[]},\"PHPDEBUGBAR_STACK_DATA\":[]},\"response_status\":200,\"response\":\"HTML Response\",\"duration\":1124,\"memory\":4,\"hostname\":\"homestead\"}, 2020-06-27 16:06:05, ?, request, 90e84cdf-fd36-4e74-832d-6c684e231405)) at /home/vagrant/LearnLaravel/vendor/laravel/framework/src/Illuminate/Database/Connection.php:669)
[stacktrace]
#0 /home/vagrant/LearnLaravel/vendor/laravel/framework/src/Illuminate/Database/Connection.php(629): Illuminate\\Database\\Connection->runQueryCallback()
#1 /home/vagrant/LearnLaravel/vendor/laravel/framework/src/Illuminate/Database/Connection.php(464): Illuminate\\Database\\Connection->run()
#2 /home/vagrant/LearnLaravel/vendor/laravel/framework/src/Illuminate/Database/Connection.php(416): Illuminate\\Database\\Connection->statement()
#3 /home/vagrant/LearnLaravel/vendor/laravel/framework/src/Illuminate/Database/Query/Builder.php(2651): Illuminate\\Database\\Connection->insert()
#4 /home/vagrant/LearnLaravel/vendor/laravel/telescope/src/Storage/DatabaseEntriesRepository.php(148): Illuminate\\Database\\Query\\Builder->insert()
#5 /home/vagrant/LearnLaravel/vendor/laravel/framework/src/Illuminate/Support/Traits/EnumeratesValues.php(176): Laravel\\Telescope\\Storage\\DatabaseEntriesRepository->Laravel\\Telescope\\Storage\\{closure}()
#6 /home/vagrant/LearnLaravel/vendor/laravel/telescope/src/Storage/DatabaseEntriesRepository.php(149): Illuminate\\Support\\Collection->each()
#7 /home/vagrant/LearnLaravel/vendor/laravel/telescope/src/Telescope.php(567): Laravel\\Telescope\\Storage\\DatabaseEntriesRepository->store()
#8 /home/vagrant/LearnLaravel/vendor/laravel/telescope/src/ListensForStorageOpportunities.php(44): Laravel\\Telescope\\Telescope::store()
#9 [internal function]: Laravel\\Telescope\\Telescope::Laravel\\Telescope\\{closure}()
#10 /home/vagrant/LearnLaravel/vendor/laravel/framework/src/Illuminate/Container/BoundMethod.php(32): call_user_func_array()
#11 /home/vagrant/LearnLaravel/vendor/laravel/framework/src/Illuminate/Container/Util.php(36): Illuminate\\Container\\BoundMethod::Illuminate\\Container\\{closure}()
#12 /home/vagrant/LearnLaravel/vendor/laravel/framework/src/Illuminate/Container/BoundMethod.php(78): Illuminate\\Container\\Util::unwrapIfClosure()
#13 /home/vagrant/LearnLaravel/vendor/laravel/framework/src/Illuminate/Container/BoundMethod.php(34): Illuminate\\Container\\BoundMethod::callBoundMethod()
#14 /home/vagrant/LearnLaravel/vendor/laravel/framework/src/Illuminate/Container/Container.php(590): Illuminate\\Container\\BoundMethod::call()
#15 /home/vagrant/LearnLaravel/vendor/laravel/framework/src/Illuminate/Foundation/Application.php(1067): Illuminate\\Container\\Container->call()
#16 /home/vagrant/LearnLaravel/vendor/laravel/framework/src/Illuminate/Foundation/Http/Kernel.php(185): Illuminate\\Foundation\\Application->terminate()
#17 /home/vagrant/LearnLaravel/public/index.php(60): Illuminate\\Foundation\\Http\\Kernel->terminate()
#18 {main}

[previous exception] [object] (PDOException(code: 42S02): SQLSTATE[42S02]: Base table or view not found: 1146 Table 'learnlaravel.telescope_entries' doesn't exist at /home/vagrant/LearnLaravel/vendor/laravel/framework/src/Illuminate/Database/Connection.php:457)
[stacktrace]
#0 /home/vagrant/LearnLaravel/vendor/laravel/framework/src/Illuminate/Database/Connection.php(457): PDO->prepare()
#1 /home/vagrant/LearnLaravel/vendor/laravel/framework/src/Illuminate/Database/Connection.php(662): Illuminate\\Database\\Connection->Illuminate\\Database\\{closure}()
#2 /home/vagrant/LearnLaravel/vendor/laravel/framework/src/Illuminate/Database/Connection.php(629): Illuminate\\Database\\Connection->runQueryCallback()
#3 /home/vagrant/LearnLaravel/vendor/laravel/framework/src/Illuminate/Database/Connection.php(464): Illuminate\\Database\\Connection->run()
#4 /home/vagrant/LearnLaravel/vendor/laravel/framework/src/Illuminate/Database/Connection.php(416): Illuminate\\Database\\Connection->statement()
#5 /home/vagrant/LearnLaravel/vendor/laravel/framework/src/Illuminate/Database/Query/Builder.php(2651): Illuminate\\Database\\Connection->insert()
#6 /home/vagrant/LearnLaravel/vendor/laravel/telescope/src/Storage/DatabaseEntriesRepository.php(148): Illuminate\\Database\\Query\\Builder->insert()
#7 /home/vagrant/LearnLaravel/vendor/laravel/framework/src/Illuminate/Support/Traits/EnumeratesValues.php(176): Laravel\\Telescope\\Storage\\DatabaseEntriesRepository->Laravel\\Telescope\\Storage\\{closure}()
#8 /home/vagrant/LearnLaravel/vendor/laravel/telescope/src/Storage/DatabaseEntriesRepository.php(149): Illuminate\\Support\\Collection->each()
#9 /home/vagrant/LearnLaravel/vendor/laravel/telescope/src/Telescope.php(567): Laravel\\Telescope\\Storage\\DatabaseEntriesRepository->store()
#10 /home/vagrant/LearnLaravel/vendor/laravel/telescope/src/ListensForStorageOpportunities.php(44): Laravel\\Telescope\\Telescope::store()
#11 [internal function]: Laravel\\Telescope\\Telescope::Laravel\\Telescope\\{closure}()
#12 /home/vagrant/LearnLaravel/vendor/laravel/framework/src/Illuminate/Container/BoundMethod.php(32): call_user_func_array()
#13 /home/vagrant/LearnLaravel/vendor/laravel/framework/src/Illuminate/Container/Util.php(36): Illuminate\\Container\\BoundMethod::Illuminate\\Container\\{closure}()
#14 /home/vagrant/LearnLaravel/vendor/laravel/framework/src/Illuminate/Container/BoundMethod.php(78): Illuminate\\Container\\Util::unwrapIfClosure()
#15 /home/vagrant/LearnLaravel/vendor/laravel/framework/src/Illuminate/Container/BoundMethod.php(34): Illuminate\\Container\\BoundMethod::callBoundMethod()
#16 /home/vagrant/LearnLaravel/vendor/laravel/framework/src/Illuminate/Container/Container.php(590): Illuminate\\Container\\BoundMethod::call()
#17 /home/vagrant/LearnLaravel/vendor/laravel/framework/src/Illuminate/Foundation/Application.php(1067): Illuminate\\Container\\Container->call()
#18 /home/vagrant/LearnLaravel/vendor/laravel/framework/src/Illuminate/Foundation/Http/Kernel.php(185): Illuminate\\Foundation\\Application->terminate()
#19 /home/vagrant/LearnLaravel/public/index.php(60): Illuminate\\Foundation\\Http\\Kernel->terminate()
#20 {main}
"} 
[2020-06-27 16:06:05] local.CRITICAL: Destructed App Service Provider  
[2020-06-27 16:06:09] local.CRITICAL: Destructed App Service Provider  
[2020-06-27 16:06:09] local.CRITICAL: Destructed App Service Provider  
[2020-06-27 16:06:11] local.ERROR: SQLSTATE[42S02]: Base table or view not found: 1146 Table 'learnlaravel.telescope_entries' doesn't exist (SQL: insert into `telescope_entries` (`batch_id`, `content`, `created_at`, `family_hash`, `type`, `uuid`) values (90e84ce9-0559-4dde-b597-adbab6e53d45, {"name":"errors::404","path":"\/resources\/views\/errors\/404.blade.php","data":["exception"],"composers":[{"name":"Closure at \/home\/vagrant\/LearnLaravel\/vendor\/barryvdh\/laravel-debugbar\/src\/LaravelDebugbar.php[211:216]","type":"composer"},{"name":"Closure at \/home\/vagrant\/LearnLaravel\/vendor\/beyondcode\/laravel-view-xray\/src\/Xray.php[15:23]","type":"composer"}],"hostname":"homestead"}, 2020-06-27 16:06:11, ?, view, 90e84ce8-5453-48ab-be4b-ebe569c30211), (90e84ce9-0559-4dde-b597-adbab6e53d45, {"name":"errors::minimal","path":"\/resources\/views\/errors\/minimal.blade.php","data":["exception"],"composers":[{"name":"Closure at \/home\/vagrant\/LearnLaravel\/vendor\/barryvdh\/laravel-debugbar\/src\/LaravelDebugbar.php[211:216]","type":"composer"},{"name":"Closure at \/home\/vagrant\/LearnLaravel\/vendor\/beyondcode\/laravel-view-xray\/src\/Xray.php[15:23]","type":"composer"}],"hostname":"homestead"}, 2020-06-27 16:06:11, ?, view, 90e84ce8-825a-405a-8045-b7116356d3ab), (90e84ce9-0559-4dde-b597-adbab6e53d45, {"requestId":"X27d60867df172519c1254ec58da8bb01","hostname":"homestead"}, 2020-06-27 16:06:11, ?, debugbar, 90e84ce8-e1ea-40be-bc42-466369e00d6f), (90e84ce9-0559-4dde-b597-adbab6e53d45, {"uri":"\/js\/portal-vue.common.js.map","method":"GET","controller_action":null,"middleware":[],"headers":{"cookie":"XSRF-TOKEN=eyJpdiI6Ik5JWEJlazN4bG1weGR4UkNPMCtcL2VnPT0iLCJ2YWx1ZSI6IjJtRnZrZFR5WWNLRkUrdHRUR0VPbTRBTXp5ZXVPY2ZmTGU3STk1YVYrKzJqQVE2NFpJM2E0UTZrUndCdW5MSzAiLCJtYWMiOiJmOGUzZjk4ZDQ2M2E3ZGUzMjE5NjIyYjZkYTNjOGJjYjM4MTgyNjZhNmZhNTVkNTNjNDFjY2YyZGViMDVhOTNkIn0%3D; learnlaravel_session=eyJpdiI6IkEzTllMenFXVkdoZk1PS0NVd0lUN1E9PSIsInZhbHVlIjoiUUo2T1wvYVhITFRCRFwvaFlFXC9DSmJTbnRYWGdXK3hwYUpSaFJOZlRHUFZ5WStYejIraFNMTHJsUVptTU9JWStqcSIsIm1hYyI6IjZiNTE3MGUzZDI3MWNiMGRhM2ExOGU4NjVlYzBhNmZiOGVlNzI4NmQwYzNiNDhhMTcxMTMyODQxN2E2NmI2MjEifQ%3D%3D","accept-language":"en-US,en;q=0.9,sq;q=0.8,hu;q=0.7","accept-encoding":"gzip, deflate","user-agent":"Mozilla\/5.0 (Windows NT 10.0; Win64; x64) AppleWebKit\/537.36 (KHTML, like Gecko) Chrome\/83.0.4103.116 Safari\/537.36","connection":"keep-alive","host":"learnlaravel.test","content-length":"","content-type":""},"payload":[],"session":[],"response_status":404,"response":"HTML Response","duration":4116,"memory":6,"hostname":"homestead"}, 2020-06-27 16:06:11, ?, request, 90e84ce8-e81c-45d0-af20-cb665335ce51)) {"exception":"[object] (Illuminate\\Database\\QueryException(code: 42S02): SQLSTATE[42S02]: Base table or view not found: 1146 Table 'learnlaravel.telescope_entries' doesn't exist (SQL: insert into `telescope_entries` (`batch_id`, `content`, `created_at`, `family_hash`, `type`, `uuid`) values (90e84ce9-0559-4dde-b597-adbab6e53d45, {\"name\":\"errors::404\",\"path\":\"\\/resources\\/views\\/errors\\/404.blade.php\",\"data\":[\"exception\"],\"composers\":[{\"name\":\"Closure at \\/home\\/vagrant\\/LearnLaravel\\/vendor\\/barryvdh\\/laravel-debugbar\\/src\\/LaravelDebugbar.php[211:216]\",\"type\":\"composer\"},{\"name\":\"Closure at \\/home\\/vagrant\\/LearnLaravel\\/vendor\\/beyondcode\\/laravel-view-xray\\/src\\/Xray.php[15:23]\",\"type\":\"composer\"}],\"hostname\":\"homestead\"}, 2020-06-27 16:06:11, ?, view, 90e84ce8-5453-48ab-be4b-ebe569c30211), (90e84ce9-0559-4dde-b597-adbab6e53d45, {\"name\":\"errors::minimal\",\"path\":\"\\/resources\\/views\\/errors\\/minimal.blade.php\",\"data\":[\"exception\"],\"composers\":[{\"name\":\"Closure at \\/home\\/vagrant\\/LearnLaravel\\/vendor\\/barryvdh\\/laravel-debugbar\\/src\\/LaravelDebugbar.php[211:216]\",\"type\":\"composer\"},{\"name\":\"Closure at \\/home\\/vagrant\\/LearnLaravel\\/vendor\\/beyondcode\\/laravel-view-xray\\/src\\/Xray.php[15:23]\",\"type\":\"composer\"}],\"hostname\":\"homestead\"}, 2020-06-27 16:06:11, ?, view, 90e84ce8-825a-405a-8045-b7116356d3ab), (90e84ce9-0559-4dde-b597-adbab6e53d45, {\"requestId\":\"X27d60867df172519c1254ec58da8bb01\",\"hostname\":\"homestead\"}, 2020-06-27 16:06:11, ?, debugbar, 90e84ce8-e1ea-40be-bc42-466369e00d6f), (90e84ce9-0559-4dde-b597-adbab6e53d45, {\"uri\":\"\\/js\\/portal-vue.common.js.map\",\"method\":\"GET\",\"controller_action\":null,\"middleware\":[],\"headers\":{\"cookie\":\"XSRF-TOKEN=eyJpdiI6Ik5JWEJlazN4bG1weGR4UkNPMCtcL2VnPT0iLCJ2YWx1ZSI6IjJtRnZrZFR5WWNLRkUrdHRUR0VPbTRBTXp5ZXVPY2ZmTGU3STk1YVYrKzJqQVE2NFpJM2E0UTZrUndCdW5MSzAiLCJtYWMiOiJmOGUzZjk4ZDQ2M2E3ZGUzMjE5NjIyYjZkYTNjOGJjYjM4MTgyNjZhNmZhNTVkNTNjNDFjY2YyZGViMDVhOTNkIn0%3D; learnlaravel_session=eyJpdiI6IkEzTllMenFXVkdoZk1PS0NVd0lUN1E9PSIsInZhbHVlIjoiUUo2T1wvYVhITFRCRFwvaFlFXC9DSmJTbnRYWGdXK3hwYUpSaFJOZlRHUFZ5WStYejIraFNMTHJsUVptTU9JWStqcSIsIm1hYyI6IjZiNTE3MGUzZDI3MWNiMGRhM2ExOGU4NjVlYzBhNmZiOGVlNzI4NmQwYzNiNDhhMTcxMTMyODQxN2E2NmI2MjEifQ%3D%3D\",\"accept-language\":\"en-US,en;q=0.9,sq;q=0.8,hu;q=0.7\",\"accept-encoding\":\"gzip, deflate\",\"user-agent\":\"Mozilla\\/5.0 (Windows NT 10.0; Win64; x64) AppleWebKit\\/537.36 (KHTML, like Gecko) Chrome\\/83.0.4103.116 Safari\\/537.36\",\"connection\":\"keep-alive\",\"host\":\"learnlaravel.test\",\"content-length\":\"\",\"content-type\":\"\"},\"payload\":[],\"session\":[],\"response_status\":404,\"response\":\"HTML Response\",\"duration\":4116,\"memory\":6,\"hostname\":\"homestead\"}, 2020-06-27 16:06:11, ?, request, 90e84ce8-e81c-45d0-af20-cb665335ce51)) at /home/vagrant/LearnLaravel/vendor/laravel/framework/src/Illuminate/Database/Connection.php:669)
[stacktrace]
#0 /home/vagrant/LearnLaravel/vendor/laravel/framework/src/Illuminate/Database/Connection.php(629): Illuminate\\Database\\Connection->runQueryCallback()
#1 /home/vagrant/LearnLaravel/vendor/laravel/framework/src/Illuminate/Database/Connection.php(464): Illuminate\\Database\\Connection->run()
#2 /home/vagrant/LearnLaravel/vendor/laravel/framework/src/Illuminate/Database/Connection.php(416): Illuminate\\Database\\Connection->statement()
#3 /home/vagrant/LearnLaravel/vendor/laravel/framework/src/Illuminate/Database/Query/Builder.php(2651): Illuminate\\Database\\Connection->insert()
#4 /home/vagrant/LearnLaravel/vendor/laravel/telescope/src/Storage/DatabaseEntriesRepository.php(148): Illuminate\\Database\\Query\\Builder->insert()
#5 /home/vagrant/LearnLaravel/vendor/laravel/framework/src/Illuminate/Support/Traits/EnumeratesValues.php(176): Laravel\\Telescope\\Storage\\DatabaseEntriesRepository->Laravel\\Telescope\\Storage\\{closure}()
#6 /home/vagrant/LearnLaravel/vendor/laravel/telescope/src/Storage/DatabaseEntriesRepository.php(149): Illuminate\\Support\\Collection->each()
#7 /home/vagrant/LearnLaravel/vendor/laravel/telescope/src/Telescope.php(567): Laravel\\Telescope\\Storage\\DatabaseEntriesRepository->store()
#8 /home/vagrant/LearnLaravel/vendor/laravel/telescope/src/ListensForStorageOpportunities.php(44): Laravel\\Telescope\\Telescope::store()
#9 [internal function]: Laravel\\Telescope\\Telescope::Laravel\\Telescope\\{closure}()
#10 /home/vagrant/LearnLaravel/vendor/laravel/framework/src/Illuminate/Container/BoundMethod.php(32): call_user_func_array()
#11 /home/vagrant/LearnLaravel/vendor/laravel/framework/src/Illuminate/Container/Util.php(36): Illuminate\\Container\\BoundMethod::Illuminate\\Container\\{closure}()
#12 /home/vagrant/LearnLaravel/vendor/laravel/framework/src/Illuminate/Container/BoundMethod.php(78): Illuminate\\Container\\Util::unwrapIfClosure()
#13 /home/vagrant/LearnLaravel/vendor/laravel/framework/src/Illuminate/Container/BoundMethod.php(34): Illuminate\\Container\\BoundMethod::callBoundMethod()
#14 /home/vagrant/LearnLaravel/vendor/laravel/framework/src/Illuminate/Container/Container.php(590): Illuminate\\Container\\BoundMethod::call()
#15 /home/vagrant/LearnLaravel/vendor/laravel/framework/src/Illuminate/Foundation/Application.php(1067): Illuminate\\Container\\Container->call()
#16 /home/vagrant/LearnLaravel/vendor/laravel/framework/src/Illuminate/Foundation/Http/Kernel.php(185): Illuminate\\Foundation\\Application->terminate()
#17 /home/vagrant/LearnLaravel/public/index.php(60): Illuminate\\Foundation\\Http\\Kernel->terminate()
#18 {main}

[previous exception] [object] (PDOException(code: 42S02): SQLSTATE[42S02]: Base table or view not found: 1146 Table 'learnlaravel.telescope_entries' doesn't exist at /home/vagrant/LearnLaravel/vendor/laravel/framework/src/Illuminate/Database/Connection.php:457)
[stacktrace]
#0 /home/vagrant/LearnLaravel/vendor/laravel/framework/src/Illuminate/Database/Connection.php(457): PDO->prepare()
#1 /home/vagrant/LearnLaravel/vendor/laravel/framework/src/Illuminate/Database/Connection.php(662): Illuminate\\Database\\Connection->Illuminate\\Database\\{closure}()
#2 /home/vagrant/LearnLaravel/vendor/laravel/framework/src/Illuminate/Database/Connection.php(629): Illuminate\\Database\\Connection->runQueryCallback()
#3 /home/vagrant/LearnLaravel/vendor/laravel/framework/src/Illuminate/Database/Connection.php(464): Illuminate\\Database\\Connection->run()
#4 /home/vagrant/LearnLaravel/vendor/laravel/framework/src/Illuminate/Database/Connection.php(416): Illuminate\\Database\\Connection->statement()
#5 /home/vagrant/LearnLaravel/vendor/laravel/framework/src/Illuminate/Database/Query/Builder.php(2651): Illuminate\\Database\\Connection->insert()
#6 /home/vagrant/LearnLaravel/vendor/laravel/telescope/src/Storage/DatabaseEntriesRepository.php(148): Illuminate\\Database\\Query\\Builder->insert()
#7 /home/vagrant/LearnLaravel/vendor/laravel/framework/src/Illuminate/Support/Traits/EnumeratesValues.php(176): Laravel\\Telescope\\Storage\\DatabaseEntriesRepository->Laravel\\Telescope\\Storage\\{closure}()
#8 /home/vagrant/LearnLaravel/vendor/laravel/telescope/src/Storage/DatabaseEntriesRepository.php(149): Illuminate\\Support\\Collection->each()
#9 /home/vagrant/LearnLaravel/vendor/laravel/telescope/src/Telescope.php(567): Laravel\\Telescope\\Storage\\DatabaseEntriesRepository->store()
#10 /home/vagrant/LearnLaravel/vendor/laravel/telescope/src/ListensForStorageOpportunities.php(44): Laravel\\Telescope\\Telescope::store()
#11 [internal function]: Laravel\\Telescope\\Telescope::Laravel\\Telescope\\{closure}()
#12 /home/vagrant/LearnLaravel/vendor/laravel/framework/src/Illuminate/Container/BoundMethod.php(32): call_user_func_array()
#13 /home/vagrant/LearnLaravel/vendor/laravel/framework/src/Illuminate/Container/Util.php(36): Illuminate\\Container\\BoundMethod::Illuminate\\Container\\{closure}()
#14 /home/vagrant/LearnLaravel/vendor/laravel/framework/src/Illuminate/Container/BoundMethod.php(78): Illuminate\\Container\\Util::unwrapIfClosure()
#15 /home/vagrant/LearnLaravel/vendor/laravel/framework/src/Illuminate/Container/BoundMethod.php(34): Illuminate\\Container\\BoundMethod::callBoundMethod()
#16 /home/vagrant/LearnLaravel/vendor/laravel/framework/src/Illuminate/Container/Container.php(590): Illuminate\\Container\\BoundMethod::call()
#17 /home/vagrant/LearnLaravel/vendor/laravel/framework/src/Illuminate/Foundation/Application.php(1067): Illuminate\\Container\\Container->call()
#18 /home/vagrant/LearnLaravel/vendor/laravel/framework/src/Illuminate/Foundation/Http/Kernel.php(185): Illuminate\\Foundation\\Application->terminate()
#19 /home/vagrant/LearnLaravel/public/index.php(60): Illuminate\\Foundation\\Http\\Kernel->terminate()
#20 {main}
"} 
[2020-06-27 16:06:11] local.CRITICAL: Destructed App Service Provider  
